[4.170s] DEBUG:colcon:Command line arguments: ['/usr/bin/colcon', 'build']
[4.171s] DEBUG:colcon:Parsed command line arguments: Namespace(ament_cmake_args=None, base_paths=['.'], build_base='build', catkin_cmake_args=None, catkin_skip_building_tests=False, cmake_args=None, cmake_clean_cache=False, cmake_clean_first=False, cmake_force_configure=False, cmake_target=None, cmake_target_skip_unavailable=False, continue_on_error=False, event_handlers=None, executor='parallel', ignore_user_meta=False, install_base='install', log_base=None, log_level=None, main=<bound method BuildVerb.main of <colcon_core.verb.build.BuildVerb object at 0x7efd67134b50>>, merge_install=False, metas=['./colcon.meta'], packages_above=None, packages_above_and_dependencies=None, packages_above_depth=None, packages_end=None, packages_ignore=None, packages_ignore_regex=None, packages_select=None, packages_select_build_failed=False, packages_select_by_dep=None, packages_select_regex=None, packages_select_test_failures=False, packages_skip=None, packages_skip_build_finished=False, packages_skip_by_dep=None, packages_skip_regex=None, packages_skip_test_passed=False, packages_skip_up_to=None, packages_start=None, packages_up_to=None, packages_up_to_regex=None, parallel_workers=4, paths=None, symlink_install=False, test_result_base=None, verb_extension=<colcon_core.verb.build.BuildVerb object at 0x7efd67134b50>, verb_name='build', verb_parser=<colcon_defaults.argument_parser.defaults.DefaultArgumentsDecorator object at 0x7efd6713f100>)
[4.329s] Level 1:colcon.colcon_core.package_discovery:discover_packages(colcon_meta) check parameters
[4.329s] Level 1:colcon.colcon_core.package_discovery:discover_packages(recursive) check parameters
[4.330s] Level 1:colcon.colcon_core.package_discovery:discover_packages(ignore) check parameters
[4.330s] Level 1:colcon.colcon_core.package_discovery:discover_packages(path) check parameters
[4.330s] Level 1:colcon.colcon_core.package_discovery:discover_packages(colcon_meta) discover
[4.330s] Level 1:colcon.colcon_core.package_discovery:discover_packages(recursive) discover
[4.331s] INFO:colcon.colcon_core.package_discovery:Crawling recursively for packages in '/home/maksim/ros2_ws'
[4.331s] Level 1:colcon.colcon_core.package_identification:_identify(.) by extensions ['ignore', 'ignore_ament_install']
[4.332s] Level 1:colcon.colcon_core.package_identification:_identify(.) by extension 'ignore'
[4.333s] Level 1:colcon.colcon_core.package_identification:_identify(.) by extension 'ignore_ament_install'
[4.333s] Level 1:colcon.colcon_core.package_identification:_identify(.) by extensions ['colcon_pkg']
[4.333s] Level 1:colcon.colcon_core.package_identification:_identify(.) by extension 'colcon_pkg'
[4.333s] Level 1:colcon.colcon_core.package_identification:_identify(.) by extensions ['colcon_meta']
[4.334s] Level 1:colcon.colcon_core.package_identification:_identify(.) by extension 'colcon_meta'
[4.334s] Level 1:colcon.colcon_core.package_identification:_identify(.) by extensions ['ros']
[4.334s] Level 1:colcon.colcon_core.package_identification:_identify(.) by extension 'ros'
[4.701s] Level 1:colcon.colcon_core.package_identification:_identify(.) by extensions ['cmake', 'python']
[4.701s] Level 1:colcon.colcon_core.package_identification:_identify(.) by extension 'cmake'
[4.701s] Level 1:colcon.colcon_core.package_identification:_identify(.) by extension 'python'
[4.702s] Level 1:colcon.colcon_core.package_identification:_identify(.) by extensions ['python_setup_py']
[4.702s] Level 1:colcon.colcon_core.package_identification:_identify(.) by extension 'python_setup_py'
[4.702s] Level 1:colcon.colcon_core.package_identification:_identify(build) by extensions ['ignore', 'ignore_ament_install']
[4.703s] Level 1:colcon.colcon_core.package_identification:_identify(build) by extension 'ignore'
[4.703s] Level 1:colcon.colcon_core.package_identification:_identify(build) ignored
[4.704s] Level 1:colcon.colcon_core.package_identification:_identify(install) by extensions ['ignore', 'ignore_ament_install']
[4.705s] Level 1:colcon.colcon_core.package_identification:_identify(install) by extension 'ignore'
[4.705s] Level 1:colcon.colcon_core.package_identification:_identify(install) ignored
[4.706s] Level 1:colcon.colcon_core.package_identification:_identify(log) by extensions ['ignore', 'ignore_ament_install']
[4.706s] Level 1:colcon.colcon_core.package_identification:_identify(log) by extension 'ignore'
[4.706s] Level 1:colcon.colcon_core.package_identification:_identify(log) ignored
[4.706s] Level 1:colcon.colcon_core.package_identification:_identify(src) by extensions ['ignore', 'ignore_ament_install']
[4.707s] Level 1:colcon.colcon_core.package_identification:_identify(src) by extension 'ignore'
[4.707s] Level 1:colcon.colcon_core.package_identification:_identify(src) by extension 'ignore_ament_install'
[4.707s] Level 1:colcon.colcon_core.package_identification:_identify(src) by extensions ['colcon_pkg']
[4.707s] Level 1:colcon.colcon_core.package_identification:_identify(src) by extension 'colcon_pkg'
[4.708s] Level 1:colcon.colcon_core.package_identification:_identify(src) by extensions ['colcon_meta']
[4.708s] Level 1:colcon.colcon_core.package_identification:_identify(src) by extension 'colcon_meta'
[4.708s] Level 1:colcon.colcon_core.package_identification:_identify(src) by extensions ['ros']
[4.708s] Level 1:colcon.colcon_core.package_identification:_identify(src) by extension 'ros'
[4.708s] Level 1:colcon.colcon_core.package_identification:_identify(src) by extensions ['cmake', 'python']
[4.708s] Level 1:colcon.colcon_core.package_identification:_identify(src) by extension 'cmake'
[4.709s] Level 1:colcon.colcon_core.package_identification:_identify(src) by extension 'python'
[4.709s] Level 1:colcon.colcon_core.package_identification:_identify(src) by extensions ['python_setup_py']
[4.709s] Level 1:colcon.colcon_core.package_identification:_identify(src) by extension 'python_setup_py'
[4.709s] Level 1:colcon.colcon_core.package_identification:_identify(src/cpp_pubsub) by extensions ['ignore', 'ignore_ament_install']
[4.710s] Level 1:colcon.colcon_core.package_identification:_identify(src/cpp_pubsub) by extension 'ignore'
[4.710s] Level 1:colcon.colcon_core.package_identification:_identify(src/cpp_pubsub) by extension 'ignore_ament_install'
[4.710s] Level 1:colcon.colcon_core.package_identification:_identify(src/cpp_pubsub) by extensions ['colcon_pkg']
[4.710s] Level 1:colcon.colcon_core.package_identification:_identify(src/cpp_pubsub) by extension 'colcon_pkg'
[4.710s] Level 1:colcon.colcon_core.package_identification:_identify(src/cpp_pubsub) by extensions ['colcon_meta']
[4.711s] Level 1:colcon.colcon_core.package_identification:_identify(src/cpp_pubsub) by extension 'colcon_meta'
[4.711s] Level 1:colcon.colcon_core.package_identification:_identify(src/cpp_pubsub) by extensions ['ros']
[4.711s] Level 1:colcon.colcon_core.package_identification:_identify(src/cpp_pubsub) by extension 'ros'
[4.770s] DEBUG:colcon.colcon_core.package_identification:Package 'src/cpp_pubsub' with type 'ros.ament_cmake' and name 'cpp_pubsub'
[4.771s] Level 1:colcon.colcon_core.package_identification:_identify(src/custom_interfaces) by extensions ['ignore', 'ignore_ament_install']
[4.771s] Level 1:colcon.colcon_core.package_identification:_identify(src/custom_interfaces) by extension 'ignore'
[4.772s] Level 1:colcon.colcon_core.package_identification:_identify(src/custom_interfaces) by extension 'ignore_ament_install'
[4.772s] Level 1:colcon.colcon_core.package_identification:_identify(src/custom_interfaces) by extensions ['colcon_pkg']
[4.772s] Level 1:colcon.colcon_core.package_identification:_identify(src/custom_interfaces) by extension 'colcon_pkg'
[4.772s] Level 1:colcon.colcon_core.package_identification:_identify(src/custom_interfaces) by extensions ['colcon_meta']
[4.772s] Level 1:colcon.colcon_core.package_identification:_identify(src/custom_interfaces) by extension 'colcon_meta'
[4.772s] Level 1:colcon.colcon_core.package_identification:_identify(src/custom_interfaces) by extensions ['ros']
[4.773s] Level 1:colcon.colcon_core.package_identification:_identify(src/custom_interfaces) by extension 'ros'
[4.775s] DEBUG:colcon.colcon_core.package_identification:Package 'src/custom_interfaces' with type 'ros.ament_cmake' and name 'custom_interfaces'
[4.775s] Level 1:colcon.colcon_core.package_identification:_identify(src/py_pubsub) by extensions ['ignore', 'ignore_ament_install']
[4.776s] Level 1:colcon.colcon_core.package_identification:_identify(src/py_pubsub) by extension 'ignore'
[4.776s] Level 1:colcon.colcon_core.package_identification:_identify(src/py_pubsub) by extension 'ignore_ament_install'
[4.776s] Level 1:colcon.colcon_core.package_identification:_identify(src/py_pubsub) by extensions ['colcon_pkg']
[4.776s] Level 1:colcon.colcon_core.package_identification:_identify(src/py_pubsub) by extension 'colcon_pkg'
[4.776s] Level 1:colcon.colcon_core.package_identification:_identify(src/py_pubsub) by extensions ['colcon_meta']
[4.776s] Level 1:colcon.colcon_core.package_identification:_identify(src/py_pubsub) by extension 'colcon_meta'
[4.777s] Level 1:colcon.colcon_core.package_identification:_identify(src/py_pubsub) by extensions ['ros']
[4.777s] Level 1:colcon.colcon_core.package_identification:_identify(src/py_pubsub) by extension 'ros'
[4.780s] DEBUG:colcon.colcon_core.package_identification:Package 'src/py_pubsub' with type 'ros.ament_python' and name 'py_pubsub'
[4.780s] Level 1:colcon.colcon_core.package_discovery:discover_packages(recursive) using defaults
[4.780s] Level 1:colcon.colcon_core.package_discovery:discover_packages(ignore) discover
[4.780s] Level 1:colcon.colcon_core.package_discovery:discover_packages(ignore) using defaults
[4.781s] Level 1:colcon.colcon_core.package_discovery:discover_packages(path) discover
[4.781s] Level 1:colcon.colcon_core.package_discovery:discover_packages(path) using defaults
[5.150s] Level 5:colcon.colcon_core.verb:set package 'custom_interfaces' build argument 'cmake_args' from command line to 'None'
[5.150s] Level 5:colcon.colcon_core.verb:set package 'custom_interfaces' build argument 'cmake_target' from command line to 'None'
[5.151s] Level 5:colcon.colcon_core.verb:set package 'custom_interfaces' build argument 'cmake_target_skip_unavailable' from command line to 'False'
[5.151s] Level 5:colcon.colcon_core.verb:set package 'custom_interfaces' build argument 'cmake_clean_cache' from command line to 'False'
[5.151s] Level 5:colcon.colcon_core.verb:set package 'custom_interfaces' build argument 'cmake_clean_first' from command line to 'False'
[5.151s] Level 5:colcon.colcon_core.verb:set package 'custom_interfaces' build argument 'cmake_force_configure' from command line to 'False'
[5.151s] Level 5:colcon.colcon_core.verb:set package 'custom_interfaces' build argument 'ament_cmake_args' from command line to 'None'
[5.151s] Level 5:colcon.colcon_core.verb:set package 'custom_interfaces' build argument 'catkin_cmake_args' from command line to 'None'
[5.151s] Level 5:colcon.colcon_core.verb:set package 'custom_interfaces' build argument 'catkin_skip_building_tests' from command line to 'False'
[5.151s] DEBUG:colcon.colcon_core.verb:Building package 'custom_interfaces' with the following arguments: {'ament_cmake_args': None, 'build_base': '/home/maksim/ros2_ws/build/custom_interfaces', 'catkin_cmake_args': None, 'catkin_skip_building_tests': False, 'cmake_args': None, 'cmake_clean_cache': False, 'cmake_clean_first': False, 'cmake_force_configure': False, 'cmake_target': None, 'cmake_target_skip_unavailable': False, 'install_base': '/home/maksim/ros2_ws/install/custom_interfaces', 'merge_install': False, 'path': '/home/maksim/ros2_ws/src/custom_interfaces', 'symlink_install': False, 'test_result_base': None}
[5.163s] Level 5:colcon.colcon_core.verb:set package 'cpp_pubsub' build argument 'cmake_args' from command line to 'None'
[5.163s] Level 5:colcon.colcon_core.verb:set package 'cpp_pubsub' build argument 'cmake_target' from command line to 'None'
[5.163s] Level 5:colcon.colcon_core.verb:set package 'cpp_pubsub' build argument 'cmake_target_skip_unavailable' from command line to 'False'
[5.164s] Level 5:colcon.colcon_core.verb:set package 'cpp_pubsub' build argument 'cmake_clean_cache' from command line to 'False'
[5.164s] Level 5:colcon.colcon_core.verb:set package 'cpp_pubsub' build argument 'cmake_clean_first' from command line to 'False'
[5.164s] Level 5:colcon.colcon_core.verb:set package 'cpp_pubsub' build argument 'cmake_force_configure' from command line to 'False'
[5.164s] Level 5:colcon.colcon_core.verb:set package 'cpp_pubsub' build argument 'ament_cmake_args' from command line to 'None'
[5.164s] Level 5:colcon.colcon_core.verb:set package 'cpp_pubsub' build argument 'catkin_cmake_args' from command line to 'None'
[5.164s] Level 5:colcon.colcon_core.verb:set package 'cpp_pubsub' build argument 'catkin_skip_building_tests' from command line to 'False'
[5.164s] DEBUG:colcon.colcon_core.verb:Building package 'cpp_pubsub' with the following arguments: {'ament_cmake_args': None, 'build_base': '/home/maksim/ros2_ws/build/cpp_pubsub', 'catkin_cmake_args': None, 'catkin_skip_building_tests': False, 'cmake_args': None, 'cmake_clean_cache': False, 'cmake_clean_first': False, 'cmake_force_configure': False, 'cmake_target': None, 'cmake_target_skip_unavailable': False, 'install_base': '/home/maksim/ros2_ws/install/cpp_pubsub', 'merge_install': False, 'path': '/home/maksim/ros2_ws/src/cpp_pubsub', 'symlink_install': False, 'test_result_base': None}
[5.177s] Level 5:colcon.colcon_core.verb:set package 'py_pubsub' build argument 'cmake_args' from command line to 'None'
[5.178s] Level 5:colcon.colcon_core.verb:set package 'py_pubsub' build argument 'cmake_target' from command line to 'None'
[5.178s] Level 5:colcon.colcon_core.verb:set package 'py_pubsub' build argument 'cmake_target_skip_unavailable' from command line to 'False'
[5.178s] Level 5:colcon.colcon_core.verb:set package 'py_pubsub' build argument 'cmake_clean_cache' from command line to 'False'
[5.178s] Level 5:colcon.colcon_core.verb:set package 'py_pubsub' build argument 'cmake_clean_first' from command line to 'False'
[5.178s] Level 5:colcon.colcon_core.verb:set package 'py_pubsub' build argument 'cmake_force_configure' from command line to 'False'
[5.178s] Level 5:colcon.colcon_core.verb:set package 'py_pubsub' build argument 'ament_cmake_args' from command line to 'None'
[5.179s] Level 5:colcon.colcon_core.verb:set package 'py_pubsub' build argument 'catkin_cmake_args' from command line to 'None'
[5.179s] Level 5:colcon.colcon_core.verb:set package 'py_pubsub' build argument 'catkin_skip_building_tests' from command line to 'False'
[5.179s] DEBUG:colcon.colcon_core.verb:Building package 'py_pubsub' with the following arguments: {'ament_cmake_args': None, 'build_base': '/home/maksim/ros2_ws/build/py_pubsub', 'catkin_cmake_args': None, 'catkin_skip_building_tests': False, 'cmake_args': None, 'cmake_clean_cache': False, 'cmake_clean_first': False, 'cmake_force_configure': False, 'cmake_target': None, 'cmake_target_skip_unavailable': False, 'install_base': '/home/maksim/ros2_ws/install/py_pubsub', 'merge_install': False, 'path': '/home/maksim/ros2_ws/src/py_pubsub', 'symlink_install': False, 'test_result_base': None}
[5.181s] INFO:colcon.colcon_core.executor:Executing jobs using 'parallel' executor
[5.189s] DEBUG:colcon.colcon_parallel_executor.executor.parallel:run_until_complete
[5.190s] INFO:colcon.colcon_ros.task.ament_cmake.build:Building ROS package in '/home/maksim/ros2_ws/src/custom_interfaces' with build type 'ament_cmake'
[5.191s] INFO:colcon.colcon_cmake.task.cmake.build:Building CMake package in '/home/maksim/ros2_ws/src/custom_interfaces'
[5.331s] INFO:colcon.colcon_core.plugin_system:Skipping extension 'colcon_core.shell.bat': Not used on non-Windows systems
[5.332s] INFO:colcon.colcon_core.shell:Skip shell extension 'powershell' for command environment: Not usable outside of PowerShell
[5.333s] DEBUG:colcon.colcon_core.shell:Skip shell extension 'dsv' for command environment
[5.401s] DEBUG:colcon.colcon_core.shell:Ignoring prefix path '/opt/ros/foxy'
[5.402s] DEBUG:colcon.colcon_core.shell:Ignoring prefix path '/home/maksim/timer_ws/devel'
[5.402s] DEBUG:colcon.colcon_core.shell:Ignoring prefix path '/home/maksim/catkin_ws/devel'
[5.402s] DEBUG:colcon.colcon_core.shell:Ignoring prefix path '/opt/ros/noetic'
[5.475s] DEBUG:colcon.colcon_core.event_handler.log_command:Invoking command in '/home/maksim/ros2_ws/build/custom_interfaces': CMAKE_PREFIX_PATH=/home/maksim/ros2_ws/install/cpp_pubsub:/home/maksim/ros2_ws/install/custom_interfaces:/home/maksim/ros2_ws/install/py_pubsub:/opt/ros/foxy:/home/maksim/timer_ws/devel:/home/maksim/catkin_ws/devel:/opt/ros/noetic /usr/bin/cmake --build /home/maksim/ros2_ws/build/custom_interfaces -- -j4 -l4
[7.720s] DEBUG:colcon.colcon_core.event_handler.log_command:Invoked command in '/home/maksim/ros2_ws/build/custom_interfaces' returned '0': CMAKE_PREFIX_PATH=/home/maksim/ros2_ws/install/cpp_pubsub:/home/maksim/ros2_ws/install/custom_interfaces:/home/maksim/ros2_ws/install/py_pubsub:/opt/ros/foxy:/home/maksim/timer_ws/devel:/home/maksim/catkin_ws/devel:/opt/ros/noetic /usr/bin/cmake --build /home/maksim/ros2_ws/build/custom_interfaces -- -j4 -l4
[8.076s] DEBUG:colcon.colcon_core.event_handler.log_command:Invoking command in '/home/maksim/ros2_ws/build/custom_interfaces': CMAKE_PREFIX_PATH=/home/maksim/ros2_ws/install/cpp_pubsub:/home/maksim/ros2_ws/install/custom_interfaces:/home/maksim/ros2_ws/install/py_pubsub:/opt/ros/foxy:/home/maksim/timer_ws/devel:/home/maksim/catkin_ws/devel:/opt/ros/noetic /usr/bin/cmake --install /home/maksim/ros2_ws/build/custom_interfaces
[8.427s] Level 1:colcon.colcon_core.environment:create_environment_scripts_only(custom_interfaces)
[8.432s] DEBUG:colcon.colcon_core.event_handler.log_command:Invoked command in '/home/maksim/ros2_ws/build/custom_interfaces' returned '0': CMAKE_PREFIX_PATH=/home/maksim/ros2_ws/install/cpp_pubsub:/home/maksim/ros2_ws/install/custom_interfaces:/home/maksim/ros2_ws/install/py_pubsub:/opt/ros/foxy:/home/maksim/timer_ws/devel:/home/maksim/catkin_ws/devel:/opt/ros/noetic /usr/bin/cmake --install /home/maksim/ros2_ws/build/custom_interfaces
[8.549s] Level 1:colcon.colcon_core.environment:checking '/home/maksim/ros2_ws/install/custom_interfaces' for CMake module files
[8.552s] Level 1:colcon.colcon_core.environment:checking '/home/maksim/ros2_ws/install/custom_interfaces' for CMake config files
[8.554s] Level 1:colcon.colcon_core.shell:create_environment_hook('custom_interfaces', 'cmake_prefix_path')
[8.558s] INFO:colcon.colcon_core.shell:Creating environment hook '/home/maksim/ros2_ws/install/custom_interfaces/share/custom_interfaces/hook/cmake_prefix_path.ps1'
[8.562s] INFO:colcon.colcon_core.shell:Creating environment descriptor '/home/maksim/ros2_ws/install/custom_interfaces/share/custom_interfaces/hook/cmake_prefix_path.dsv'
[8.564s] INFO:colcon.colcon_core.shell:Creating environment hook '/home/maksim/ros2_ws/install/custom_interfaces/share/custom_interfaces/hook/cmake_prefix_path.sh'
[8.569s] Level 1:colcon.colcon_core.environment:checking '/home/maksim/ros2_ws/install/custom_interfaces/lib'
[8.570s] Level 1:colcon.colcon_core.shell:create_environment_hook('custom_interfaces', 'ld_library_path_lib')
[8.579s] INFO:colcon.colcon_core.shell:Creating environment hook '/home/maksim/ros2_ws/install/custom_interfaces/share/custom_interfaces/hook/ld_library_path_lib.ps1'
[8.580s] INFO:colcon.colcon_core.shell:Creating environment descriptor '/home/maksim/ros2_ws/install/custom_interfaces/share/custom_interfaces/hook/ld_library_path_lib.dsv'
[8.582s] INFO:colcon.colcon_core.shell:Creating environment hook '/home/maksim/ros2_ws/install/custom_interfaces/share/custom_interfaces/hook/ld_library_path_lib.sh'
[8.583s] Level 1:colcon.colcon_core.environment:checking '/home/maksim/ros2_ws/install/custom_interfaces/bin'
[8.584s] Level 1:colcon.colcon_core.environment:checking '/home/maksim/ros2_ws/install/custom_interfaces/lib/pkgconfig/custom_interfaces.pc'
[8.584s] Level 1:colcon.colcon_core.environment:checking '/home/maksim/ros2_ws/install/custom_interfaces/lib/python3.8/site-packages'
[8.584s] Level 1:colcon.colcon_core.shell:create_environment_hook('custom_interfaces', 'pythonpath')
[8.587s] INFO:colcon.colcon_core.shell:Creating environment hook '/home/maksim/ros2_ws/install/custom_interfaces/share/custom_interfaces/hook/pythonpath.ps1'
[8.588s] INFO:colcon.colcon_core.shell:Creating environment descriptor '/home/maksim/ros2_ws/install/custom_interfaces/share/custom_interfaces/hook/pythonpath.dsv'
[8.590s] INFO:colcon.colcon_core.shell:Creating environment hook '/home/maksim/ros2_ws/install/custom_interfaces/share/custom_interfaces/hook/pythonpath.sh'
[8.595s] INFO:colcon.colcon_core.shell:Creating package script '/home/maksim/ros2_ws/install/custom_interfaces/share/custom_interfaces/package.ps1'
[8.598s] INFO:colcon.colcon_core.shell:Creating package descriptor '/home/maksim/ros2_ws/install/custom_interfaces/share/custom_interfaces/package.dsv'
[8.601s] INFO:colcon.colcon_core.shell:Creating package script '/home/maksim/ros2_ws/install/custom_interfaces/share/custom_interfaces/package.sh'
[8.604s] INFO:colcon.colcon_core.shell:Creating package script '/home/maksim/ros2_ws/install/custom_interfaces/share/custom_interfaces/package.bash'
[8.608s] INFO:colcon.colcon_core.shell:Creating package script '/home/maksim/ros2_ws/install/custom_interfaces/share/custom_interfaces/package.zsh'
[8.611s] Level 1:colcon.colcon_core.environment:create_file_with_runtime_dependencies(/home/maksim/ros2_ws/install/custom_interfaces/share/colcon-core/packages/custom_interfaces)
[8.912s] Level 1:colcon.colcon_core.environment:create_environment_scripts_only(custom_interfaces)
[8.916s] Level 1:colcon.colcon_core.environment:checking '/home/maksim/ros2_ws/install/custom_interfaces' for CMake module files
[8.920s] Level 1:colcon.colcon_core.environment:checking '/home/maksim/ros2_ws/install/custom_interfaces' for CMake config files
[8.921s] Level 1:colcon.colcon_core.shell:create_environment_hook('custom_interfaces', 'cmake_prefix_path')
[8.924s] INFO:colcon.colcon_core.shell:Creating environment hook '/home/maksim/ros2_ws/install/custom_interfaces/share/custom_interfaces/hook/cmake_prefix_path.ps1'
[8.927s] INFO:colcon.colcon_core.shell:Creating environment descriptor '/home/maksim/ros2_ws/install/custom_interfaces/share/custom_interfaces/hook/cmake_prefix_path.dsv'
[8.929s] INFO:colcon.colcon_core.shell:Creating environment hook '/home/maksim/ros2_ws/install/custom_interfaces/share/custom_interfaces/hook/cmake_prefix_path.sh'
[8.932s] Level 1:colcon.colcon_core.environment:checking '/home/maksim/ros2_ws/install/custom_interfaces/lib'
[8.932s] Level 1:colcon.colcon_core.shell:create_environment_hook('custom_interfaces', 'ld_library_path_lib')
[8.939s] INFO:colcon.colcon_core.shell:Creating environment hook '/home/maksim/ros2_ws/install/custom_interfaces/share/custom_interfaces/hook/ld_library_path_lib.ps1'
[8.943s] INFO:colcon.colcon_core.shell:Creating environment descriptor '/home/maksim/ros2_ws/install/custom_interfaces/share/custom_interfaces/hook/ld_library_path_lib.dsv'
[8.945s] INFO:colcon.colcon_core.shell:Creating environment hook '/home/maksim/ros2_ws/install/custom_interfaces/share/custom_interfaces/hook/ld_library_path_lib.sh'
[8.947s] Level 1:colcon.colcon_core.environment:checking '/home/maksim/ros2_ws/install/custom_interfaces/bin'
[8.948s] Level 1:colcon.colcon_core.environment:checking '/home/maksim/ros2_ws/install/custom_interfaces/lib/pkgconfig/custom_interfaces.pc'
[8.948s] Level 1:colcon.colcon_core.environment:checking '/home/maksim/ros2_ws/install/custom_interfaces/lib/python3.8/site-packages'
[8.948s] Level 1:colcon.colcon_core.shell:create_environment_hook('custom_interfaces', 'pythonpath')
[8.950s] INFO:colcon.colcon_core.shell:Creating environment hook '/home/maksim/ros2_ws/install/custom_interfaces/share/custom_interfaces/hook/pythonpath.ps1'
[8.952s] INFO:colcon.colcon_core.shell:Creating environment descriptor '/home/maksim/ros2_ws/install/custom_interfaces/share/custom_interfaces/hook/pythonpath.dsv'
[8.953s] INFO:colcon.colcon_core.shell:Creating environment hook '/home/maksim/ros2_ws/install/custom_interfaces/share/custom_interfaces/hook/pythonpath.sh'
[8.959s] INFO:colcon.colcon_core.shell:Creating package script '/home/maksim/ros2_ws/install/custom_interfaces/share/custom_interfaces/package.ps1'
[8.962s] INFO:colcon.colcon_core.shell:Creating package descriptor '/home/maksim/ros2_ws/install/custom_interfaces/share/custom_interfaces/package.dsv'
[8.965s] INFO:colcon.colcon_core.shell:Creating package script '/home/maksim/ros2_ws/install/custom_interfaces/share/custom_interfaces/package.sh'
[8.967s] INFO:colcon.colcon_core.shell:Creating package script '/home/maksim/ros2_ws/install/custom_interfaces/share/custom_interfaces/package.bash'
[8.970s] INFO:colcon.colcon_core.shell:Creating package script '/home/maksim/ros2_ws/install/custom_interfaces/share/custom_interfaces/package.zsh'
[8.972s] Level 1:colcon.colcon_core.environment:create_file_with_runtime_dependencies(/home/maksim/ros2_ws/install/custom_interfaces/share/colcon-core/packages/custom_interfaces)
[8.974s] INFO:colcon.colcon_ros.task.ament_cmake.build:Building ROS package in '/home/maksim/ros2_ws/src/cpp_pubsub' with build type 'ament_cmake'
[8.974s] INFO:colcon.colcon_cmake.task.cmake.build:Building CMake package in '/home/maksim/ros2_ws/src/cpp_pubsub'
[8.977s] INFO:colcon.colcon_core.shell:Skip shell extension 'powershell' for command environment: Not usable outside of PowerShell
[8.977s] DEBUG:colcon.colcon_core.shell:Skip shell extension 'dsv' for command environment
[8.988s] DEBUG:colcon.colcon_core.shell:Ignoring prefix path '/opt/ros/foxy'
[8.989s] DEBUG:colcon.colcon_core.shell:Ignoring prefix path '/home/maksim/timer_ws/devel'
[8.990s] DEBUG:colcon.colcon_core.shell:Ignoring prefix path '/home/maksim/catkin_ws/devel'
[8.991s] DEBUG:colcon.colcon_core.shell:Ignoring prefix path '/opt/ros/noetic'
[9.004s] INFO:colcon.colcon_ros.task.ament_python.build:Building ROS package in '/home/maksim/ros2_ws/src/py_pubsub' with build type 'ament_python'
[9.007s] Level 1:colcon.colcon_core.shell:create_environment_hook('py_pubsub', 'ament_prefix_path')
[9.017s] INFO:colcon.colcon_core.shell:Creating environment hook '/home/maksim/ros2_ws/install/py_pubsub/share/py_pubsub/hook/ament_prefix_path.ps1'
[9.020s] INFO:colcon.colcon_core.shell:Creating environment descriptor '/home/maksim/ros2_ws/install/py_pubsub/share/py_pubsub/hook/ament_prefix_path.dsv'
[9.023s] INFO:colcon.colcon_core.shell:Creating environment hook '/home/maksim/ros2_ws/install/py_pubsub/share/py_pubsub/hook/ament_prefix_path.sh'
[9.032s] INFO:colcon.colcon_core.shell:Skip shell extension 'powershell' for command environment: Not usable outside of PowerShell
[9.033s] DEBUG:colcon.colcon_core.shell:Skip shell extension 'dsv' for command environment
[9.044s] DEBUG:colcon.colcon_core.shell:Ignoring prefix path '/opt/ros/foxy'
[9.044s] DEBUG:colcon.colcon_core.shell:Ignoring prefix path '/home/maksim/timer_ws/devel'
[9.045s] DEBUG:colcon.colcon_core.shell:Ignoring prefix path '/home/maksim/catkin_ws/devel'
[9.046s] DEBUG:colcon.colcon_core.shell:Ignoring prefix path '/opt/ros/noetic'
[9.131s] DEBUG:colcon.colcon_core.event_handler.log_command:Invoking command in '/home/maksim/ros2_ws/build/cpp_pubsub': CMAKE_PREFIX_PATH=/home/maksim/ros2_ws/install/custom_interfaces:/home/maksim/ros2_ws/install/cpp_pubsub:/home/maksim/ros2_ws/install/py_pubsub:/opt/ros/foxy:/home/maksim/timer_ws/devel:/home/maksim/catkin_ws/devel:/opt/ros/noetic PYTHONPATH=/home/maksim/ros2_ws/install/custom_interfaces/lib/python3.8/site-packages:/home/maksim/ros2_ws/install/py_pubsub/lib/python3.8/site-packages:/home/maksim/catkin_ws/devel/lib/python3/dist-packages:/opt/ros/noetic/lib/python3/dist-packages:/opt/ros/foxy/lib/python3.8/site-packages /usr/bin/cmake --build /home/maksim/ros2_ws/build/cpp_pubsub -- -j4 -l4
[10.211s] INFO:colcon.colcon_core.task.python.build:Building Python package in '/home/maksim/ros2_ws/src/py_pubsub'
[10.216s] INFO:colcon.colcon_core.shell:Skip shell extension 'powershell' for command environment: Not usable outside of PowerShell
[10.216s] DEBUG:colcon.colcon_core.shell:Skip shell extension 'dsv' for command environment
[10.230s] DEBUG:colcon.colcon_core.shell:Ignoring prefix path '/opt/ros/foxy'
[10.230s] DEBUG:colcon.colcon_core.shell:Ignoring prefix path '/home/maksim/timer_ws/devel'
[10.231s] DEBUG:colcon.colcon_core.shell:Ignoring prefix path '/home/maksim/catkin_ws/devel'
[10.231s] DEBUG:colcon.colcon_core.shell:Ignoring prefix path '/opt/ros/noetic'
[10.320s] DEBUG:colcon.colcon_core.event_handler.log_command:Invoking command in '/home/maksim/ros2_ws/src/py_pubsub': CMAKE_PREFIX_PATH=/home/maksim/ros2_ws/install/custom_interfaces:/home/maksim/ros2_ws/install/cpp_pubsub:/home/maksim/timer_ws/devel:/home/maksim/catkin_ws/devel:/opt/ros/noetic PYTHONPATH=/home/maksim/ros2_ws/install/py_pubsub/lib/python3.8/site-packages:/home/maksim/ros2_ws/install/custom_interfaces/lib/python3.8/site-packages:/home/maksim/ros2_ws/install/py_pubsub/lib/python3.8/site-packages:/home/maksim/catkin_ws/devel/lib/python3/dist-packages:/opt/ros/noetic/lib/python3/dist-packages:/opt/ros/foxy/lib/python3.8/site-packages /usr/bin/python3 setup.py egg_info --egg-base ../../build/py_pubsub build --build-base /home/maksim/ros2_ws/build/py_pubsub/build install --prefix /home/maksim/ros2_ws/install/py_pubsub --record /home/maksim/ros2_ws/build/py_pubsub/install.log --single-version-externally-managed
[17.348s] DEBUG:colcon.colcon_core.event_handler.log_command:Invoked command in '/home/maksim/ros2_ws/src/py_pubsub' returned '0': CMAKE_PREFIX_PATH=/home/maksim/ros2_ws/install/custom_interfaces:/home/maksim/ros2_ws/install/cpp_pubsub:/home/maksim/timer_ws/devel:/home/maksim/catkin_ws/devel:/opt/ros/noetic PYTHONPATH=/home/maksim/ros2_ws/install/py_pubsub/lib/python3.8/site-packages:/home/maksim/ros2_ws/install/custom_interfaces/lib/python3.8/site-packages:/home/maksim/ros2_ws/install/py_pubsub/lib/python3.8/site-packages:/home/maksim/catkin_ws/devel/lib/python3/dist-packages:/opt/ros/noetic/lib/python3/dist-packages:/opt/ros/foxy/lib/python3.8/site-packages /usr/bin/python3 setup.py egg_info --egg-base ../../build/py_pubsub build --build-base /home/maksim/ros2_ws/build/py_pubsub/build install --prefix /home/maksim/ros2_ws/install/py_pubsub --record /home/maksim/ros2_ws/build/py_pubsub/install.log --single-version-externally-managed
[17.349s] Level 1:colcon.colcon_core.environment:checking '/home/maksim/ros2_ws/install/py_pubsub' for CMake module files
[17.352s] Level 1:colcon.colcon_core.environment:checking '/home/maksim/ros2_ws/install/py_pubsub' for CMake config files
[17.355s] Level 1:colcon.colcon_core.environment:checking '/home/maksim/ros2_ws/install/py_pubsub/lib'
[17.355s] Level 1:colcon.colcon_core.environment:checking '/home/maksim/ros2_ws/install/py_pubsub/bin'
[17.356s] Level 1:colcon.colcon_core.environment:checking '/home/maksim/ros2_ws/install/py_pubsub/lib/pkgconfig/py_pubsub.pc'
[17.356s] Level 1:colcon.colcon_core.environment:checking '/home/maksim/ros2_ws/install/py_pubsub/lib/python3.8/site-packages'
[17.356s] Level 1:colcon.colcon_core.shell:create_environment_hook('py_pubsub', 'pythonpath')
[17.359s] INFO:colcon.colcon_core.shell:Creating environment hook '/home/maksim/ros2_ws/install/py_pubsub/share/py_pubsub/hook/pythonpath.ps1'
[17.367s] INFO:colcon.colcon_core.shell:Creating environment descriptor '/home/maksim/ros2_ws/install/py_pubsub/share/py_pubsub/hook/pythonpath.dsv'
[17.388s] INFO:colcon.colcon_core.shell:Creating environment hook '/home/maksim/ros2_ws/install/py_pubsub/share/py_pubsub/hook/pythonpath.sh'
[17.414s] Level 1:colcon.colcon_core.environment:create_environment_scripts_only(py_pubsub)
[17.418s] INFO:colcon.colcon_core.shell:Creating package script '/home/maksim/ros2_ws/install/py_pubsub/share/py_pubsub/package.ps1'
[17.447s] INFO:colcon.colcon_core.shell:Creating package descriptor '/home/maksim/ros2_ws/install/py_pubsub/share/py_pubsub/package.dsv'
[17.488s] INFO:colcon.colcon_core.shell:Creating package script '/home/maksim/ros2_ws/install/py_pubsub/share/py_pubsub/package.sh'
[17.517s] INFO:colcon.colcon_core.shell:Creating package script '/home/maksim/ros2_ws/install/py_pubsub/share/py_pubsub/package.bash'
[17.557s] INFO:colcon.colcon_core.shell:Creating package script '/home/maksim/ros2_ws/install/py_pubsub/share/py_pubsub/package.zsh'
[17.587s] Level 1:colcon.colcon_core.environment:create_file_with_runtime_dependencies(/home/maksim/ros2_ws/install/py_pubsub/share/colcon-core/packages/py_pubsub)
[25.781s] DEBUG:colcon.colcon_core.event_handler.log_command:Invoked command in '/home/maksim/ros2_ws/build/cpp_pubsub' returned '0': CMAKE_PREFIX_PATH=/home/maksim/ros2_ws/install/custom_interfaces:/home/maksim/ros2_ws/install/cpp_pubsub:/home/maksim/ros2_ws/install/py_pubsub:/opt/ros/foxy:/home/maksim/timer_ws/devel:/home/maksim/catkin_ws/devel:/opt/ros/noetic PYTHONPATH=/home/maksim/ros2_ws/install/custom_interfaces/lib/python3.8/site-packages:/home/maksim/ros2_ws/install/py_pubsub/lib/python3.8/site-packages:/home/maksim/catkin_ws/devel/lib/python3/dist-packages:/opt/ros/noetic/lib/python3/dist-packages:/opt/ros/foxy/lib/python3.8/site-packages /usr/bin/cmake --build /home/maksim/ros2_ws/build/cpp_pubsub -- -j4 -l4
[25.900s] DEBUG:colcon.colcon_core.event_handler.log_command:Invoking command in '/home/maksim/ros2_ws/build/cpp_pubsub': CMAKE_PREFIX_PATH=/home/maksim/ros2_ws/install/custom_interfaces:/home/maksim/ros2_ws/install/cpp_pubsub:/home/maksim/ros2_ws/install/py_pubsub:/opt/ros/foxy:/home/maksim/timer_ws/devel:/home/maksim/catkin_ws/devel:/opt/ros/noetic PYTHONPATH=/home/maksim/ros2_ws/install/custom_interfaces/lib/python3.8/site-packages:/home/maksim/ros2_ws/install/py_pubsub/lib/python3.8/site-packages:/home/maksim/catkin_ws/devel/lib/python3/dist-packages:/opt/ros/noetic/lib/python3/dist-packages:/opt/ros/foxy/lib/python3.8/site-packages /usr/bin/cmake --install /home/maksim/ros2_ws/build/cpp_pubsub
[26.026s] Level 1:colcon.colcon_core.environment:create_environment_scripts_only(cpp_pubsub)
[26.033s] DEBUG:colcon.colcon_core.event_handler.log_command:Invoked command in '/home/maksim/ros2_ws/build/cpp_pubsub' returned '0': CMAKE_PREFIX_PATH=/home/maksim/ros2_ws/install/custom_interfaces:/home/maksim/ros2_ws/install/cpp_pubsub:/home/maksim/ros2_ws/install/py_pubsub:/opt/ros/foxy:/home/maksim/timer_ws/devel:/home/maksim/catkin_ws/devel:/opt/ros/noetic PYTHONPATH=/home/maksim/ros2_ws/install/custom_interfaces/lib/python3.8/site-packages:/home/maksim/ros2_ws/install/py_pubsub/lib/python3.8/site-packages:/home/maksim/catkin_ws/devel/lib/python3/dist-packages:/opt/ros/noetic/lib/python3/dist-packages:/opt/ros/foxy/lib/python3.8/site-packages /usr/bin/cmake --install /home/maksim/ros2_ws/build/cpp_pubsub
[26.035s] Level 1:colcon.colcon_core.environment:checking '/home/maksim/ros2_ws/install/cpp_pubsub' for CMake module files
[26.038s] Level 1:colcon.colcon_core.environment:checking '/home/maksim/ros2_ws/install/cpp_pubsub' for CMake config files
[26.039s] Level 1:colcon.colcon_core.shell:create_environment_hook('cpp_pubsub', 'cmake_prefix_path')
[26.042s] INFO:colcon.colcon_core.shell:Creating environment hook '/home/maksim/ros2_ws/install/cpp_pubsub/share/cpp_pubsub/hook/cmake_prefix_path.ps1'
[26.044s] INFO:colcon.colcon_core.shell:Creating environment descriptor '/home/maksim/ros2_ws/install/cpp_pubsub/share/cpp_pubsub/hook/cmake_prefix_path.dsv'
[26.046s] INFO:colcon.colcon_core.shell:Creating environment hook '/home/maksim/ros2_ws/install/cpp_pubsub/share/cpp_pubsub/hook/cmake_prefix_path.sh'
[26.048s] Level 1:colcon.colcon_core.environment:checking '/home/maksim/ros2_ws/install/cpp_pubsub/lib'
[26.049s] Level 1:colcon.colcon_core.environment:checking '/home/maksim/ros2_ws/install/cpp_pubsub/bin'
[26.049s] Level 1:colcon.colcon_core.environment:checking '/home/maksim/ros2_ws/install/cpp_pubsub/lib/pkgconfig/cpp_pubsub.pc'
[26.050s] Level 1:colcon.colcon_core.environment:checking '/home/maksim/ros2_ws/install/cpp_pubsub/lib/python3.8/site-packages'
[26.052s] INFO:colcon.colcon_core.shell:Creating package script '/home/maksim/ros2_ws/install/cpp_pubsub/share/cpp_pubsub/package.ps1'
[26.054s] INFO:colcon.colcon_core.shell:Creating package descriptor '/home/maksim/ros2_ws/install/cpp_pubsub/share/cpp_pubsub/package.dsv'
[26.056s] INFO:colcon.colcon_core.shell:Creating package script '/home/maksim/ros2_ws/install/cpp_pubsub/share/cpp_pubsub/package.sh'
[26.058s] INFO:colcon.colcon_core.shell:Creating package script '/home/maksim/ros2_ws/install/cpp_pubsub/share/cpp_pubsub/package.bash'
[26.059s] INFO:colcon.colcon_core.shell:Creating package script '/home/maksim/ros2_ws/install/cpp_pubsub/share/cpp_pubsub/package.zsh'
[26.062s] Level 1:colcon.colcon_core.environment:create_file_with_runtime_dependencies(/home/maksim/ros2_ws/install/cpp_pubsub/share/colcon-core/packages/cpp_pubsub)
[26.188s] Level 1:colcon.colcon_core.environment:create_environment_scripts_only(cpp_pubsub)
[26.195s] Level 1:colcon.colcon_core.environment:checking '/home/maksim/ros2_ws/install/cpp_pubsub' for CMake module files
[26.198s] Level 1:colcon.colcon_core.environment:checking '/home/maksim/ros2_ws/install/cpp_pubsub' for CMake config files
[26.200s] Level 1:colcon.colcon_core.shell:create_environment_hook('cpp_pubsub', 'cmake_prefix_path')
[26.203s] INFO:colcon.colcon_core.shell:Creating environment hook '/home/maksim/ros2_ws/install/cpp_pubsub/share/cpp_pubsub/hook/cmake_prefix_path.ps1'
[26.206s] INFO:colcon.colcon_core.shell:Creating environment descriptor '/home/maksim/ros2_ws/install/cpp_pubsub/share/cpp_pubsub/hook/cmake_prefix_path.dsv'
[26.207s] INFO:colcon.colcon_core.shell:Creating environment hook '/home/maksim/ros2_ws/install/cpp_pubsub/share/cpp_pubsub/hook/cmake_prefix_path.sh'
[26.210s] Level 1:colcon.colcon_core.environment:checking '/home/maksim/ros2_ws/install/cpp_pubsub/lib'
[26.211s] Level 1:colcon.colcon_core.environment:checking '/home/maksim/ros2_ws/install/cpp_pubsub/bin'
[26.211s] Level 1:colcon.colcon_core.environment:checking '/home/maksim/ros2_ws/install/cpp_pubsub/lib/pkgconfig/cpp_pubsub.pc'
[26.212s] Level 1:colcon.colcon_core.environment:checking '/home/maksim/ros2_ws/install/cpp_pubsub/lib/python3.8/site-packages'
[26.215s] INFO:colcon.colcon_core.shell:Creating package script '/home/maksim/ros2_ws/install/cpp_pubsub/share/cpp_pubsub/package.ps1'
[26.218s] INFO:colcon.colcon_core.shell:Creating package descriptor '/home/maksim/ros2_ws/install/cpp_pubsub/share/cpp_pubsub/package.dsv'
[26.220s] INFO:colcon.colcon_core.shell:Creating package script '/home/maksim/ros2_ws/install/cpp_pubsub/share/cpp_pubsub/package.sh'
[26.223s] INFO:colcon.colcon_core.shell:Creating package script '/home/maksim/ros2_ws/install/cpp_pubsub/share/cpp_pubsub/package.bash'
[26.225s] INFO:colcon.colcon_core.shell:Creating package script '/home/maksim/ros2_ws/install/cpp_pubsub/share/cpp_pubsub/package.zsh'
[26.227s] Level 1:colcon.colcon_core.environment:create_file_with_runtime_dependencies(/home/maksim/ros2_ws/install/cpp_pubsub/share/colcon-core/packages/cpp_pubsub)
[26.230s] DEBUG:colcon.colcon_parallel_executor.executor.parallel:closing loop
[26.231s] DEBUG:colcon.colcon_parallel_executor.executor.parallel:loop closed
[26.232s] DEBUG:colcon.colcon_parallel_executor.executor.parallel:run_until_complete finished with '0'
[26.233s] DEBUG:colcon.colcon_core.event_reactor:joining thread
[26.375s] INFO:colcon.colcon_core.plugin_system:Skipping extension 'colcon_notification.desktop_notification.terminal_notifier': Not used on non-Darwin systems
[26.376s] INFO:colcon.colcon_core.plugin_system:Skipping extension 'colcon_notification.desktop_notification.win32': Not used on non-Windows systems
[26.376s] INFO:colcon.colcon_notification.desktop_notification:Sending desktop notification using 'notify2'
[26.929s] DEBUG:colcon.colcon_core.event_reactor:joined thread
[26.932s] INFO:colcon.colcon_core.shell:Creating prefix script '/home/maksim/ros2_ws/install/local_setup.ps1'
[26.954s] INFO:colcon.colcon_core.shell:Creating prefix util module '/home/maksim/ros2_ws/install/_local_setup_util_ps1.py'
[26.992s] INFO:colcon.colcon_core.shell:Creating prefix chain script '/home/maksim/ros2_ws/install/setup.ps1'
[27.002s] INFO:colcon.colcon_core.shell:Creating prefix script '/home/maksim/ros2_ws/install/local_setup.sh'
[27.005s] INFO:colcon.colcon_core.shell:Creating prefix util module '/home/maksim/ros2_ws/install/_local_setup_util_sh.py'
[27.007s] INFO:colcon.colcon_core.shell:Creating prefix chain script '/home/maksim/ros2_ws/install/setup.sh'
[27.020s] INFO:colcon.colcon_core.shell:Creating prefix script '/home/maksim/ros2_ws/install/local_setup.bash'
[27.046s] INFO:colcon.colcon_core.shell:Creating prefix chain script '/home/maksim/ros2_ws/install/setup.bash'
[27.057s] INFO:colcon.colcon_core.shell:Creating prefix script '/home/maksim/ros2_ws/install/local_setup.zsh'
[27.099s] INFO:colcon.colcon_core.shell:Creating prefix chain script '/home/maksim/ros2_ws/install/setup.zsh'
