[0.281s] Invoking command in '/home/maksim/ros2_ws/build/custom_interfaces': CMAKE_PREFIX_PATH=/home/maksim/ros2_ws/install/cpp_pubsub:/home/maksim/ros2_ws/install/custom_interfaces:/home/maksim/ros2_ws/install/py_pubsub:/opt/ros/foxy:/home/maksim/timer_ws/devel:/home/maksim/catkin_ws/devel:/opt/ros/noetic /usr/bin/cmake --build /home/maksim/ros2_ws/build/custom_interfaces -- -j4 -l4
[1.360s] [ 10%] Built target custom_interfaces__rosidl_generator_c
[1.367s] [ 12%] Built target custom_interfaces__cpp
[1.472s] [ 23%] Built target custom_interfaces__rosidl_typesupport_introspection_c
[1.493s] [ 33%] Built target custom_interfaces__rosidl_typesupport_c
[1.507s] [ 43%] Built target custom_interfaces__rosidl_typesupport_cpp
[1.624s] [ 53%] Built target custom_interfaces__rosidl_typesupport_introspection_cpp
[1.692s] [ 64%] Built target custom_interfaces__rosidl_typesupport_fastrtps_cpp
[1.825s] [ 74%] Built target custom_interfaces__rosidl_typesupport_fastrtps_c
[1.936s] [ 74%] Built target custom_interfaces
[2.046s] [ 76%] Built target custom_interfaces__py
[2.299s] [ 84%] Built target custom_interfaces__python
[2.459s] [ 89%] Built target custom_interfaces__rosidl_typesupport_c__pyext
[2.478s] [ 94%] Built target custom_interfaces__rosidl_typesupport_introspection_c__pyext
[2.479s] [100%] Built target custom_interfaces__rosidl_typesupport_fastrtps_c__pyext
[2.526s] Invoked command in '/home/maksim/ros2_ws/build/custom_interfaces' returned '0': CMAKE_PREFIX_PATH=/home/maksim/ros2_ws/install/cpp_pubsub:/home/maksim/ros2_ws/install/custom_interfaces:/home/maksim/ros2_ws/install/py_pubsub:/opt/ros/foxy:/home/maksim/timer_ws/devel:/home/maksim/catkin_ws/devel:/opt/ros/noetic /usr/bin/cmake --build /home/maksim/ros2_ws/build/custom_interfaces -- -j4 -l4
[2.881s] Invoking command in '/home/maksim/ros2_ws/build/custom_interfaces': CMAKE_PREFIX_PATH=/home/maksim/ros2_ws/install/cpp_pubsub:/home/maksim/ros2_ws/install/custom_interfaces:/home/maksim/ros2_ws/install/py_pubsub:/opt/ros/foxy:/home/maksim/timer_ws/devel:/home/maksim/catkin_ws/devel:/opt/ros/noetic /usr/bin/cmake --install /home/maksim/ros2_ws/build/custom_interfaces
[2.940s] -- Install configuration: ""
[2.941s] -- Up-to-date: /home/maksim/ros2_ws/install/custom_interfaces/share/ament_index/resource_index/rosidl_interfaces/custom_interfaces
[2.942s] -- Up-to-date: /home/maksim/ros2_ws/install/custom_interfaces/include/custom_interfaces
[2.943s] -- Up-to-date: /home/maksim/ros2_ws/install/custom_interfaces/include/custom_interfaces/srv
[2.943s] -- Up-to-date: /home/maksim/ros2_ws/install/custom_interfaces/include/custom_interfaces/srv/add_three_ints.h
[2.943s] -- Up-to-date: /home/maksim/ros2_ws/install/custom_interfaces/include/custom_interfaces/srv/detail
[2.944s] -- Up-to-date: /home/maksim/ros2_ws/install/custom_interfaces/include/custom_interfaces/srv/detail/add_three_ints__struct.h
[2.944s] -- Up-to-date: /home/maksim/ros2_ws/install/custom_interfaces/include/custom_interfaces/srv/detail/add_three_ints__functions.h
[2.945s] -- Up-to-date: /home/maksim/ros2_ws/install/custom_interfaces/include/custom_interfaces/srv/detail/add_three_ints__functions.c
[2.946s] -- Up-to-date: /home/maksim/ros2_ws/install/custom_interfaces/include/custom_interfaces/srv/detail/add_three_ints__type_support.h
[2.947s] -- Up-to-date: /home/maksim/ros2_ws/install/custom_interfaces/include/custom_interfaces/msg
[2.947s] -- Up-to-date: /home/maksim/ros2_ws/install/custom_interfaces/include/custom_interfaces/msg/rosidl_generator_c__visibility_control.h
[2.948s] -- Up-to-date: /home/maksim/ros2_ws/install/custom_interfaces/include/custom_interfaces/msg/str_num.h
[2.951s] -- Up-to-date: /home/maksim/ros2_ws/install/custom_interfaces/include/custom_interfaces/msg/detail
[2.952s] -- Up-to-date: /home/maksim/ros2_ws/install/custom_interfaces/include/custom_interfaces/msg/detail/str_num__type_support.h
[2.953s] -- Up-to-date: /home/maksim/ros2_ws/install/custom_interfaces/include/custom_interfaces/msg/detail/str_num__functions.h
[2.954s] -- Up-to-date: /home/maksim/ros2_ws/install/custom_interfaces/include/custom_interfaces/msg/detail/str_num__functions.c
[2.955s] -- Up-to-date: /home/maksim/ros2_ws/install/custom_interfaces/include/custom_interfaces/msg/detail/str_num__struct.h
[2.955s] -- Up-to-date: /home/maksim/ros2_ws/install/custom_interfaces/share/custom_interfaces/environment/library_path.sh
[2.955s] -- Up-to-date: /home/maksim/ros2_ws/install/custom_interfaces/share/custom_interfaces/environment/library_path.dsv
[2.956s] -- Up-to-date: /home/maksim/ros2_ws/install/custom_interfaces/lib/libcustom_interfaces__rosidl_generator_c.so
[2.956s] -- Up-to-date: /home/maksim/ros2_ws/install/custom_interfaces/include/custom_interfaces
[2.958s] -- Up-to-date: /home/maksim/ros2_ws/install/custom_interfaces/include/custom_interfaces/srv
[2.959s] -- Up-to-date: /home/maksim/ros2_ws/install/custom_interfaces/include/custom_interfaces/srv/detail
[2.960s] -- Up-to-date: /home/maksim/ros2_ws/install/custom_interfaces/include/custom_interfaces/srv/detail/add_three_ints__rosidl_typesupport_fastrtps_c.h
[2.961s] -- Up-to-date: /home/maksim/ros2_ws/install/custom_interfaces/include/custom_interfaces/msg
[2.964s] -- Up-to-date: /home/maksim/ros2_ws/install/custom_interfaces/include/custom_interfaces/msg/rosidl_typesupport_fastrtps_c__visibility_control.h
[2.965s] -- Up-to-date: /home/maksim/ros2_ws/install/custom_interfaces/include/custom_interfaces/msg/detail
[2.966s] -- Up-to-date: /home/maksim/ros2_ws/install/custom_interfaces/include/custom_interfaces/msg/detail/str_num__rosidl_typesupport_fastrtps_c.h
[2.966s] -- Up-to-date: /home/maksim/ros2_ws/install/custom_interfaces/lib/libcustom_interfaces__rosidl_typesupport_fastrtps_c.so
[2.967s] -- Up-to-date: /home/maksim/ros2_ws/install/custom_interfaces/include/custom_interfaces
[2.967s] -- Up-to-date: /home/maksim/ros2_ws/install/custom_interfaces/include/custom_interfaces/srv
[2.967s] -- Up-to-date: /home/maksim/ros2_ws/install/custom_interfaces/include/custom_interfaces/srv/detail
[2.968s] -- Up-to-date: /home/maksim/ros2_ws/install/custom_interfaces/include/custom_interfaces/srv/detail/dds_fastrtps
[2.968s] -- Up-to-date: /home/maksim/ros2_ws/install/custom_interfaces/include/custom_interfaces/srv/detail/add_three_ints__rosidl_typesupport_fastrtps_cpp.hpp
[2.969s] -- Up-to-date: /home/maksim/ros2_ws/install/custom_interfaces/include/custom_interfaces/msg
[2.970s] -- Up-to-date: /home/maksim/ros2_ws/install/custom_interfaces/include/custom_interfaces/msg/rosidl_typesupport_fastrtps_cpp__visibility_control.h
[2.970s] -- Up-to-date: /home/maksim/ros2_ws/install/custom_interfaces/include/custom_interfaces/msg/detail
[2.970s] -- Up-to-date: /home/maksim/ros2_ws/install/custom_interfaces/include/custom_interfaces/msg/detail/dds_fastrtps
[2.971s] -- Up-to-date: /home/maksim/ros2_ws/install/custom_interfaces/include/custom_interfaces/msg/detail/str_num__rosidl_typesupport_fastrtps_cpp.hpp
[2.971s] -- Up-to-date: /home/maksim/ros2_ws/install/custom_interfaces/lib/libcustom_interfaces__rosidl_typesupport_fastrtps_cpp.so
[2.972s] -- Up-to-date: /home/maksim/ros2_ws/install/custom_interfaces/include/custom_interfaces
[2.972s] -- Up-to-date: /home/maksim/ros2_ws/install/custom_interfaces/include/custom_interfaces/srv
[2.973s] -- Up-to-date: /home/maksim/ros2_ws/install/custom_interfaces/include/custom_interfaces/srv/detail
[2.973s] -- Up-to-date: /home/maksim/ros2_ws/install/custom_interfaces/include/custom_interfaces/srv/detail/add_three_ints__type_support.c
[2.974s] -- Up-to-date: /home/maksim/ros2_ws/install/custom_interfaces/include/custom_interfaces/srv/detail/add_three_ints__rosidl_typesupport_introspection_c.h
[2.974s] -- Up-to-date: /home/maksim/ros2_ws/install/custom_interfaces/include/custom_interfaces/msg
[2.975s] -- Up-to-date: /home/maksim/ros2_ws/install/custom_interfaces/include/custom_interfaces/msg/rosidl_typesupport_introspection_c__visibility_control.h
[2.975s] -- Up-to-date: /home/maksim/ros2_ws/install/custom_interfaces/include/custom_interfaces/msg/detail
[2.975s] -- Up-to-date: /home/maksim/ros2_ws/install/custom_interfaces/include/custom_interfaces/msg/detail/str_num__rosidl_typesupport_introspection_c.h
[2.976s] -- Up-to-date: /home/maksim/ros2_ws/install/custom_interfaces/include/custom_interfaces/msg/detail/str_num__type_support.c
[2.976s] -- Up-to-date: /home/maksim/ros2_ws/install/custom_interfaces/lib/libcustom_interfaces__rosidl_typesupport_introspection_c.so
[2.977s] -- Up-to-date: /home/maksim/ros2_ws/install/custom_interfaces/lib/libcustom_interfaces__rosidl_typesupport_c.so
[2.977s] -- Up-to-date: /home/maksim/ros2_ws/install/custom_interfaces/include/custom_interfaces
[2.978s] -- Up-to-date: /home/maksim/ros2_ws/install/custom_interfaces/include/custom_interfaces/srv
[2.978s] -- Up-to-date: /home/maksim/ros2_ws/install/custom_interfaces/include/custom_interfaces/srv/add_three_ints.hpp
[2.978s] -- Up-to-date: /home/maksim/ros2_ws/install/custom_interfaces/include/custom_interfaces/srv/detail
[2.979s] -- Up-to-date: /home/maksim/ros2_ws/install/custom_interfaces/include/custom_interfaces/srv/detail/add_three_ints__struct.hpp
[2.979s] -- Up-to-date: /home/maksim/ros2_ws/install/custom_interfaces/include/custom_interfaces/srv/detail/add_three_ints__traits.hpp
[2.980s] -- Up-to-date: /home/maksim/ros2_ws/install/custom_interfaces/include/custom_interfaces/srv/detail/add_three_ints__builder.hpp
[2.980s] -- Up-to-date: /home/maksim/ros2_ws/install/custom_interfaces/include/custom_interfaces/msg
[2.980s] -- Up-to-date: /home/maksim/ros2_ws/install/custom_interfaces/include/custom_interfaces/msg/str_num.hpp
[2.981s] -- Up-to-date: /home/maksim/ros2_ws/install/custom_interfaces/include/custom_interfaces/msg/detail
[2.981s] -- Up-to-date: /home/maksim/ros2_ws/install/custom_interfaces/include/custom_interfaces/msg/detail/str_num__struct.hpp
[2.982s] -- Up-to-date: /home/maksim/ros2_ws/install/custom_interfaces/include/custom_interfaces/msg/detail/str_num__builder.hpp
[2.982s] -- Up-to-date: /home/maksim/ros2_ws/install/custom_interfaces/include/custom_interfaces/msg/detail/str_num__traits.hpp
[2.983s] -- Up-to-date: /home/maksim/ros2_ws/install/custom_interfaces/include/custom_interfaces
[2.983s] -- Up-to-date: /home/maksim/ros2_ws/install/custom_interfaces/include/custom_interfaces/srv
[2.983s] -- Up-to-date: /home/maksim/ros2_ws/install/custom_interfaces/include/custom_interfaces/srv/detail
[2.984s] -- Up-to-date: /home/maksim/ros2_ws/install/custom_interfaces/include/custom_interfaces/srv/detail/add_three_ints__type_support.cpp
[2.984s] -- Up-to-date: /home/maksim/ros2_ws/install/custom_interfaces/include/custom_interfaces/srv/detail/add_three_ints__rosidl_typesupport_introspection_cpp.hpp
[2.985s] -- Up-to-date: /home/maksim/ros2_ws/install/custom_interfaces/include/custom_interfaces/msg
[2.985s] -- Up-to-date: /home/maksim/ros2_ws/install/custom_interfaces/include/custom_interfaces/msg/detail
[2.985s] -- Up-to-date: /home/maksim/ros2_ws/install/custom_interfaces/include/custom_interfaces/msg/detail/str_num__type_support.cpp
[2.986s] -- Up-to-date: /home/maksim/ros2_ws/install/custom_interfaces/include/custom_interfaces/msg/detail/str_num__rosidl_typesupport_introspection_cpp.hpp
[2.986s] -- Up-to-date: /home/maksim/ros2_ws/install/custom_interfaces/lib/libcustom_interfaces__rosidl_typesupport_introspection_cpp.so
[2.987s] -- Up-to-date: /home/maksim/ros2_ws/install/custom_interfaces/lib/libcustom_interfaces__rosidl_typesupport_cpp.so
[2.987s] -- Up-to-date: /home/maksim/ros2_ws/install/custom_interfaces/share/custom_interfaces/environment/pythonpath.sh
[2.987s] -- Up-to-date: /home/maksim/ros2_ws/install/custom_interfaces/share/custom_interfaces/environment/pythonpath.dsv
[2.988s] -- Up-to-date: /home/maksim/ros2_ws/install/custom_interfaces/lib/python3.8/site-packages/custom_interfaces/__init__.py
[3.148s] -- Up-to-date: /home/maksim/ros2_ws/install/custom_interfaces/lib/python3.8/site-packages/custom_interfaces/msg
[3.148s] -- Up-to-date: /home/maksim/ros2_ws/install/custom_interfaces/lib/python3.8/site-packages/custom_interfaces/msg/_str_num_s.c
[3.149s] -- Up-to-date: /home/maksim/ros2_ws/install/custom_interfaces/lib/python3.8/site-packages/custom_interfaces/msg/_str_num.py
[3.149s] -- Up-to-date: /home/maksim/ros2_ws/install/custom_interfaces/lib/python3.8/site-packages/custom_interfaces/msg/__init__.py
[3.150s] -- Up-to-date: /home/maksim/ros2_ws/install/custom_interfaces/lib/python3.8/site-packages/custom_interfaces/srv
[3.150s] -- Up-to-date: /home/maksim/ros2_ws/install/custom_interfaces/lib/python3.8/site-packages/custom_interfaces/srv/_add_three_ints.py
[3.151s] -- Up-to-date: /home/maksim/ros2_ws/install/custom_interfaces/lib/python3.8/site-packages/custom_interfaces/srv/__init__.py
[3.151s] -- Up-to-date: /home/maksim/ros2_ws/install/custom_interfaces/lib/python3.8/site-packages/custom_interfaces/srv/_add_three_ints_s.c
[3.151s] -- Up-to-date: /home/maksim/ros2_ws/install/custom_interfaces/lib/python3.8/site-packages/custom_interfaces/custom_interfaces_s__rosidl_typesupport_fastrtps_c.cpython-38-x86_64-linux-gnu.so
[3.153s] -- Up-to-date: /home/maksim/ros2_ws/install/custom_interfaces/lib/python3.8/site-packages/custom_interfaces/custom_interfaces_s__rosidl_typesupport_introspection_c.cpython-38-x86_64-linux-gnu.so
[3.155s] -- Up-to-date: /home/maksim/ros2_ws/install/custom_interfaces/lib/python3.8/site-packages/custom_interfaces/custom_interfaces_s__rosidl_typesupport_c.cpython-38-x86_64-linux-gnu.so
[3.158s] -- Up-to-date: /home/maksim/ros2_ws/install/custom_interfaces/lib/libcustom_interfaces__python.so
[3.159s] -- Up-to-date: /home/maksim/ros2_ws/install/custom_interfaces/share/custom_interfaces/msg/StrNum.idl
[3.161s] -- Up-to-date: /home/maksim/ros2_ws/install/custom_interfaces/share/custom_interfaces/srv/AddThreeInts.idl
[3.162s] -- Up-to-date: /home/maksim/ros2_ws/install/custom_interfaces/share/custom_interfaces/msg/StrNum.msg
[3.163s] -- Up-to-date: /home/maksim/ros2_ws/install/custom_interfaces/share/custom_interfaces/srv/AddThreeInts.srv
[3.163s] -- Up-to-date: /home/maksim/ros2_ws/install/custom_interfaces/share/custom_interfaces/srv/AddThreeInts_Request.msg
[3.164s] -- Up-to-date: /home/maksim/ros2_ws/install/custom_interfaces/share/custom_interfaces/srv/AddThreeInts_Response.msg
[3.164s] -- Up-to-date: /home/maksim/ros2_ws/install/custom_interfaces/share/ament_index/resource_index/package_run_dependencies/custom_interfaces
[3.165s] -- Up-to-date: /home/maksim/ros2_ws/install/custom_interfaces/share/ament_index/resource_index/parent_prefix_path/custom_interfaces
[3.165s] -- Up-to-date: /home/maksim/ros2_ws/install/custom_interfaces/share/custom_interfaces/environment/ament_prefix_path.sh
[3.166s] -- Up-to-date: /home/maksim/ros2_ws/install/custom_interfaces/share/custom_interfaces/environment/ament_prefix_path.dsv
[3.166s] -- Up-to-date: /home/maksim/ros2_ws/install/custom_interfaces/share/custom_interfaces/environment/path.sh
[3.166s] -- Up-to-date: /home/maksim/ros2_ws/install/custom_interfaces/share/custom_interfaces/environment/path.dsv
[3.167s] -- Up-to-date: /home/maksim/ros2_ws/install/custom_interfaces/share/custom_interfaces/local_setup.bash
[3.167s] -- Up-to-date: /home/maksim/ros2_ws/install/custom_interfaces/share/custom_interfaces/local_setup.sh
[3.167s] -- Up-to-date: /home/maksim/ros2_ws/install/custom_interfaces/share/custom_interfaces/local_setup.zsh
[3.168s] -- Up-to-date: /home/maksim/ros2_ws/install/custom_interfaces/share/custom_interfaces/local_setup.dsv
[3.168s] -- Installing: /home/maksim/ros2_ws/install/custom_interfaces/share/custom_interfaces/package.dsv
[3.181s] -- Up-to-date: /home/maksim/ros2_ws/install/custom_interfaces/share/ament_index/resource_index/packages/custom_interfaces
[3.207s] -- Up-to-date: /home/maksim/ros2_ws/install/custom_interfaces/share/custom_interfaces/cmake/custom_interfaces__rosidl_generator_cExport.cmake
[3.208s] -- Up-to-date: /home/maksim/ros2_ws/install/custom_interfaces/share/custom_interfaces/cmake/custom_interfaces__rosidl_generator_cExport-noconfig.cmake
[3.210s] -- Up-to-date: /home/maksim/ros2_ws/install/custom_interfaces/share/custom_interfaces/cmake/custom_interfaces__rosidl_typesupport_introspection_cExport.cmake
[3.210s] -- Up-to-date: /home/maksim/ros2_ws/install/custom_interfaces/share/custom_interfaces/cmake/custom_interfaces__rosidl_typesupport_introspection_cExport-noconfig.cmake
[3.220s] -- Up-to-date: /home/maksim/ros2_ws/install/custom_interfaces/share/custom_interfaces/cmake/custom_interfaces__rosidl_typesupport_cExport.cmake
[3.221s] -- Up-to-date: /home/maksim/ros2_ws/install/custom_interfaces/share/custom_interfaces/cmake/custom_interfaces__rosidl_typesupport_cExport-noconfig.cmake
[3.221s] -- Up-to-date: /home/maksim/ros2_ws/install/custom_interfaces/share/custom_interfaces/cmake/custom_interfaces__rosidl_generator_cppExport.cmake
[3.222s] -- Up-to-date: /home/maksim/ros2_ws/install/custom_interfaces/share/custom_interfaces/cmake/custom_interfaces__rosidl_typesupport_introspection_cppExport.cmake
[3.224s] -- Up-to-date: /home/maksim/ros2_ws/install/custom_interfaces/share/custom_interfaces/cmake/custom_interfaces__rosidl_typesupport_introspection_cppExport-noconfig.cmake
[3.225s] -- Up-to-date: /home/maksim/ros2_ws/install/custom_interfaces/share/custom_interfaces/cmake/custom_interfaces__rosidl_typesupport_cppExport.cmake
[3.226s] -- Up-to-date: /home/maksim/ros2_ws/install/custom_interfaces/share/custom_interfaces/cmake/custom_interfaces__rosidl_typesupport_cppExport-noconfig.cmake
[3.226s] -- Up-to-date: /home/maksim/ros2_ws/install/custom_interfaces/share/custom_interfaces/cmake/rosidl_cmake-extras.cmake
[3.227s] -- Up-to-date: /home/maksim/ros2_ws/install/custom_interfaces/share/custom_interfaces/cmake/ament_cmake_export_dependencies-extras.cmake
[3.227s] -- Up-to-date: /home/maksim/ros2_ws/install/custom_interfaces/share/custom_interfaces/cmake/ament_cmake_export_libraries-extras.cmake
[3.228s] -- Up-to-date: /home/maksim/ros2_ws/install/custom_interfaces/share/custom_interfaces/cmake/ament_cmake_export_targets-extras.cmake
[3.228s] -- Up-to-date: /home/maksim/ros2_ws/install/custom_interfaces/share/custom_interfaces/cmake/ament_cmake_export_include_directories-extras.cmake
[3.229s] -- Up-to-date: /home/maksim/ros2_ws/install/custom_interfaces/share/custom_interfaces/cmake/rosidl_cmake_export_typesupport_libraries-extras.cmake
[3.229s] -- Up-to-date: /home/maksim/ros2_ws/install/custom_interfaces/share/custom_interfaces/cmake/rosidl_cmake_export_typesupport_targets-extras.cmake
[3.230s] -- Up-to-date: /home/maksim/ros2_ws/install/custom_interfaces/share/custom_interfaces/cmake/custom_interfacesConfig.cmake
[3.230s] -- Up-to-date: /home/maksim/ros2_ws/install/custom_interfaces/share/custom_interfaces/cmake/custom_interfacesConfig-version.cmake
[3.230s] -- Up-to-date: /home/maksim/ros2_ws/install/custom_interfaces/share/custom_interfaces/package.xml
[3.238s] Invoked command in '/home/maksim/ros2_ws/build/custom_interfaces' returned '0': CMAKE_PREFIX_PATH=/home/maksim/ros2_ws/install/cpp_pubsub:/home/maksim/ros2_ws/install/custom_interfaces:/home/maksim/ros2_ws/install/py_pubsub:/opt/ros/foxy:/home/maksim/timer_ws/devel:/home/maksim/catkin_ws/devel:/opt/ros/noetic /usr/bin/cmake --install /home/maksim/ros2_ws/build/custom_interfaces
