[1.343s] DEBUG:colcon:Command line arguments: ['/usr/bin/colcon', 'build']
[1.344s] DEBUG:colcon:Parsed command line arguments: Namespace(ament_cmake_args=None, base_paths=['.'], build_base='build', catkin_cmake_args=None, catkin_skip_building_tests=False, cmake_args=None, cmake_clean_cache=False, cmake_clean_first=False, cmake_force_configure=False, cmake_target=None, cmake_target_skip_unavailable=False, continue_on_error=False, event_handlers=None, executor='parallel', ignore_user_meta=False, install_base='install', log_base=None, log_level=None, main=<bound method BuildVerb.main of <colcon_core.verb.build.BuildVerb object at 0x7f2a21d55be0>>, merge_install=False, metas=['./colcon.meta'], packages_above=None, packages_above_and_dependencies=None, packages_above_depth=None, packages_end=None, packages_ignore=None, packages_ignore_regex=None, packages_select=None, packages_select_build_failed=False, packages_select_by_dep=None, packages_select_regex=None, packages_select_test_failures=False, packages_skip=None, packages_skip_build_finished=False, packages_skip_by_dep=None, packages_skip_regex=None, packages_skip_test_passed=False, packages_skip_up_to=None, packages_start=None, packages_up_to=None, packages_up_to_regex=None, parallel_workers=4, paths=None, symlink_install=False, test_result_base=None, verb_extension=<colcon_core.verb.build.BuildVerb object at 0x7f2a21d55be0>, verb_name='build', verb_parser=<colcon_defaults.argument_parser.defaults.DefaultArgumentsDecorator object at 0x7f2a21d60190>)
[1.365s] Level 1:colcon.colcon_core.package_discovery:discover_packages(colcon_meta) check parameters
[1.365s] Level 1:colcon.colcon_core.package_discovery:discover_packages(recursive) check parameters
[1.365s] Level 1:colcon.colcon_core.package_discovery:discover_packages(ignore) check parameters
[1.365s] Level 1:colcon.colcon_core.package_discovery:discover_packages(path) check parameters
[1.365s] Level 1:colcon.colcon_core.package_discovery:discover_packages(colcon_meta) discover
[1.366s] Level 1:colcon.colcon_core.package_discovery:discover_packages(recursive) discover
[1.366s] INFO:colcon.colcon_core.package_discovery:Crawling recursively for packages in '/home/maksim/ros2_ws'
[1.366s] Level 1:colcon.colcon_core.package_identification:_identify(.) by extensions ['ignore', 'ignore_ament_install']
[1.367s] Level 1:colcon.colcon_core.package_identification:_identify(.) by extension 'ignore'
[1.367s] Level 1:colcon.colcon_core.package_identification:_identify(.) by extension 'ignore_ament_install'
[1.368s] Level 1:colcon.colcon_core.package_identification:_identify(.) by extensions ['colcon_pkg']
[1.368s] Level 1:colcon.colcon_core.package_identification:_identify(.) by extension 'colcon_pkg'
[1.368s] Level 1:colcon.colcon_core.package_identification:_identify(.) by extensions ['colcon_meta']
[1.368s] Level 1:colcon.colcon_core.package_identification:_identify(.) by extension 'colcon_meta'
[1.368s] Level 1:colcon.colcon_core.package_identification:_identify(.) by extensions ['ros']
[1.368s] Level 1:colcon.colcon_core.package_identification:_identify(.) by extension 'ros'
[1.415s] Level 1:colcon.colcon_core.package_identification:_identify(.) by extensions ['cmake', 'python']
[1.415s] Level 1:colcon.colcon_core.package_identification:_identify(.) by extension 'cmake'
[1.415s] Level 1:colcon.colcon_core.package_identification:_identify(.) by extension 'python'
[1.415s] Level 1:colcon.colcon_core.package_identification:_identify(.) by extensions ['python_setup_py']
[1.415s] Level 1:colcon.colcon_core.package_identification:_identify(.) by extension 'python_setup_py'
[1.416s] Level 1:colcon.colcon_core.package_identification:_identify(build) by extensions ['ignore', 'ignore_ament_install']
[1.416s] Level 1:colcon.colcon_core.package_identification:_identify(build) by extension 'ignore'
[1.416s] Level 1:colcon.colcon_core.package_identification:_identify(build) ignored
[1.417s] Level 1:colcon.colcon_core.package_identification:_identify(install) by extensions ['ignore', 'ignore_ament_install']
[1.417s] Level 1:colcon.colcon_core.package_identification:_identify(install) by extension 'ignore'
[1.417s] Level 1:colcon.colcon_core.package_identification:_identify(install) ignored
[1.418s] Level 1:colcon.colcon_core.package_identification:_identify(log) by extensions ['ignore', 'ignore_ament_install']
[1.418s] Level 1:colcon.colcon_core.package_identification:_identify(log) by extension 'ignore'
[1.418s] Level 1:colcon.colcon_core.package_identification:_identify(log) ignored
[1.419s] Level 1:colcon.colcon_core.package_identification:_identify(src) by extensions ['ignore', 'ignore_ament_install']
[1.419s] Level 1:colcon.colcon_core.package_identification:_identify(src) by extension 'ignore'
[1.419s] Level 1:colcon.colcon_core.package_identification:_identify(src) by extension 'ignore_ament_install'
[1.419s] Level 1:colcon.colcon_core.package_identification:_identify(src) by extensions ['colcon_pkg']
[1.419s] Level 1:colcon.colcon_core.package_identification:_identify(src) by extension 'colcon_pkg'
[1.420s] Level 1:colcon.colcon_core.package_identification:_identify(src) by extensions ['colcon_meta']
[1.420s] Level 1:colcon.colcon_core.package_identification:_identify(src) by extension 'colcon_meta'
[1.420s] Level 1:colcon.colcon_core.package_identification:_identify(src) by extensions ['ros']
[1.420s] Level 1:colcon.colcon_core.package_identification:_identify(src) by extension 'ros'
[1.420s] Level 1:colcon.colcon_core.package_identification:_identify(src) by extensions ['cmake', 'python']
[1.420s] Level 1:colcon.colcon_core.package_identification:_identify(src) by extension 'cmake'
[1.421s] Level 1:colcon.colcon_core.package_identification:_identify(src) by extension 'python'
[1.421s] Level 1:colcon.colcon_core.package_identification:_identify(src) by extensions ['python_setup_py']
[1.421s] Level 1:colcon.colcon_core.package_identification:_identify(src) by extension 'python_setup_py'
[1.421s] Level 1:colcon.colcon_core.package_identification:_identify(src/cpp_pubsub) by extensions ['ignore', 'ignore_ament_install']
[1.422s] Level 1:colcon.colcon_core.package_identification:_identify(src/cpp_pubsub) by extension 'ignore'
[1.422s] Level 1:colcon.colcon_core.package_identification:_identify(src/cpp_pubsub) by extension 'ignore_ament_install'
[1.422s] Level 1:colcon.colcon_core.package_identification:_identify(src/cpp_pubsub) by extensions ['colcon_pkg']
[1.422s] Level 1:colcon.colcon_core.package_identification:_identify(src/cpp_pubsub) by extension 'colcon_pkg'
[1.422s] Level 1:colcon.colcon_core.package_identification:_identify(src/cpp_pubsub) by extensions ['colcon_meta']
[1.422s] Level 1:colcon.colcon_core.package_identification:_identify(src/cpp_pubsub) by extension 'colcon_meta'
[1.423s] Level 1:colcon.colcon_core.package_identification:_identify(src/cpp_pubsub) by extensions ['ros']
[1.423s] Level 1:colcon.colcon_core.package_identification:_identify(src/cpp_pubsub) by extension 'ros'
[1.431s] DEBUG:colcon.colcon_core.package_identification:Package 'src/cpp_pubsub' with type 'ros.ament_cmake' and name 'cpp_pubsub'
[1.432s] Level 1:colcon.colcon_core.package_identification:_identify(src/custom_interfaces) by extensions ['ignore', 'ignore_ament_install']
[1.432s] Level 1:colcon.colcon_core.package_identification:_identify(src/custom_interfaces) by extension 'ignore'
[1.432s] Level 1:colcon.colcon_core.package_identification:_identify(src/custom_interfaces) by extension 'ignore_ament_install'
[1.433s] Level 1:colcon.colcon_core.package_identification:_identify(src/custom_interfaces) by extensions ['colcon_pkg']
[1.433s] Level 1:colcon.colcon_core.package_identification:_identify(src/custom_interfaces) by extension 'colcon_pkg'
[1.433s] Level 1:colcon.colcon_core.package_identification:_identify(src/custom_interfaces) by extensions ['colcon_meta']
[1.433s] Level 1:colcon.colcon_core.package_identification:_identify(src/custom_interfaces) by extension 'colcon_meta'
[1.433s] Level 1:colcon.colcon_core.package_identification:_identify(src/custom_interfaces) by extensions ['ros']
[1.433s] Level 1:colcon.colcon_core.package_identification:_identify(src/custom_interfaces) by extension 'ros'
[1.435s] DEBUG:colcon.colcon_core.package_identification:Package 'src/custom_interfaces' with type 'ros.ament_cmake' and name 'custom_interfaces'
[1.436s] Level 1:colcon.colcon_core.package_identification:_identify(src/py_pubsub) by extensions ['ignore', 'ignore_ament_install']
[1.436s] Level 1:colcon.colcon_core.package_identification:_identify(src/py_pubsub) by extension 'ignore'
[1.436s] Level 1:colcon.colcon_core.package_identification:_identify(src/py_pubsub) by extension 'ignore_ament_install'
[1.437s] Level 1:colcon.colcon_core.package_identification:_identify(src/py_pubsub) by extensions ['colcon_pkg']
[1.437s] Level 1:colcon.colcon_core.package_identification:_identify(src/py_pubsub) by extension 'colcon_pkg'
[1.437s] Level 1:colcon.colcon_core.package_identification:_identify(src/py_pubsub) by extensions ['colcon_meta']
[1.437s] Level 1:colcon.colcon_core.package_identification:_identify(src/py_pubsub) by extension 'colcon_meta'
[1.437s] Level 1:colcon.colcon_core.package_identification:_identify(src/py_pubsub) by extensions ['ros']
[1.437s] Level 1:colcon.colcon_core.package_identification:_identify(src/py_pubsub) by extension 'ros'
[1.440s] DEBUG:colcon.colcon_core.package_identification:Package 'src/py_pubsub' with type 'ros.ament_python' and name 'py_pubsub'
[1.441s] Level 1:colcon.colcon_core.package_discovery:discover_packages(recursive) using defaults
[1.441s] Level 1:colcon.colcon_core.package_discovery:discover_packages(ignore) discover
[1.441s] Level 1:colcon.colcon_core.package_discovery:discover_packages(ignore) using defaults
[1.441s] Level 1:colcon.colcon_core.package_discovery:discover_packages(path) discover
[1.441s] Level 1:colcon.colcon_core.package_discovery:discover_packages(path) using defaults
[1.515s] Level 5:colcon.colcon_core.verb:set package 'custom_interfaces' build argument 'cmake_args' from command line to 'None'
[1.515s] Level 5:colcon.colcon_core.verb:set package 'custom_interfaces' build argument 'cmake_target' from command line to 'None'
[1.515s] Level 5:colcon.colcon_core.verb:set package 'custom_interfaces' build argument 'cmake_target_skip_unavailable' from command line to 'False'
[1.515s] Level 5:colcon.colcon_core.verb:set package 'custom_interfaces' build argument 'cmake_clean_cache' from command line to 'False'
[1.516s] Level 5:colcon.colcon_core.verb:set package 'custom_interfaces' build argument 'cmake_clean_first' from command line to 'False'
[1.516s] Level 5:colcon.colcon_core.verb:set package 'custom_interfaces' build argument 'cmake_force_configure' from command line to 'False'
[1.516s] Level 5:colcon.colcon_core.verb:set package 'custom_interfaces' build argument 'ament_cmake_args' from command line to 'None'
[1.516s] Level 5:colcon.colcon_core.verb:set package 'custom_interfaces' build argument 'catkin_cmake_args' from command line to 'None'
[1.516s] Level 5:colcon.colcon_core.verb:set package 'custom_interfaces' build argument 'catkin_skip_building_tests' from command line to 'False'
[1.516s] DEBUG:colcon.colcon_core.verb:Building package 'custom_interfaces' with the following arguments: {'ament_cmake_args': None, 'build_base': '/home/maksim/ros2_ws/build/custom_interfaces', 'catkin_cmake_args': None, 'catkin_skip_building_tests': False, 'cmake_args': None, 'cmake_clean_cache': False, 'cmake_clean_first': False, 'cmake_force_configure': False, 'cmake_target': None, 'cmake_target_skip_unavailable': False, 'install_base': '/home/maksim/ros2_ws/install/custom_interfaces', 'merge_install': False, 'path': '/home/maksim/ros2_ws/src/custom_interfaces', 'symlink_install': False, 'test_result_base': None}
[1.527s] Level 5:colcon.colcon_core.verb:set package 'cpp_pubsub' build argument 'cmake_args' from command line to 'None'
[1.528s] Level 5:colcon.colcon_core.verb:set package 'cpp_pubsub' build argument 'cmake_target' from command line to 'None'
[1.528s] Level 5:colcon.colcon_core.verb:set package 'cpp_pubsub' build argument 'cmake_target_skip_unavailable' from command line to 'False'
[1.528s] Level 5:colcon.colcon_core.verb:set package 'cpp_pubsub' build argument 'cmake_clean_cache' from command line to 'False'
[1.528s] Level 5:colcon.colcon_core.verb:set package 'cpp_pubsub' build argument 'cmake_clean_first' from command line to 'False'
[1.528s] Level 5:colcon.colcon_core.verb:set package 'cpp_pubsub' build argument 'cmake_force_configure' from command line to 'False'
[1.528s] Level 5:colcon.colcon_core.verb:set package 'cpp_pubsub' build argument 'ament_cmake_args' from command line to 'None'
[1.529s] Level 5:colcon.colcon_core.verb:set package 'cpp_pubsub' build argument 'catkin_cmake_args' from command line to 'None'
[1.529s] Level 5:colcon.colcon_core.verb:set package 'cpp_pubsub' build argument 'catkin_skip_building_tests' from command line to 'False'
[1.529s] DEBUG:colcon.colcon_core.verb:Building package 'cpp_pubsub' with the following arguments: {'ament_cmake_args': None, 'build_base': '/home/maksim/ros2_ws/build/cpp_pubsub', 'catkin_cmake_args': None, 'catkin_skip_building_tests': False, 'cmake_args': None, 'cmake_clean_cache': False, 'cmake_clean_first': False, 'cmake_force_configure': False, 'cmake_target': None, 'cmake_target_skip_unavailable': False, 'install_base': '/home/maksim/ros2_ws/install/cpp_pubsub', 'merge_install': False, 'path': '/home/maksim/ros2_ws/src/cpp_pubsub', 'symlink_install': False, 'test_result_base': None}
[1.541s] Level 5:colcon.colcon_core.verb:set package 'py_pubsub' build argument 'cmake_args' from command line to 'None'
[1.541s] Level 5:colcon.colcon_core.verb:set package 'py_pubsub' build argument 'cmake_target' from command line to 'None'
[1.541s] Level 5:colcon.colcon_core.verb:set package 'py_pubsub' build argument 'cmake_target_skip_unavailable' from command line to 'False'
[1.541s] Level 5:colcon.colcon_core.verb:set package 'py_pubsub' build argument 'cmake_clean_cache' from command line to 'False'
[1.541s] Level 5:colcon.colcon_core.verb:set package 'py_pubsub' build argument 'cmake_clean_first' from command line to 'False'
[1.541s] Level 5:colcon.colcon_core.verb:set package 'py_pubsub' build argument 'cmake_force_configure' from command line to 'False'
[1.541s] Level 5:colcon.colcon_core.verb:set package 'py_pubsub' build argument 'ament_cmake_args' from command line to 'None'
[1.542s] Level 5:colcon.colcon_core.verb:set package 'py_pubsub' build argument 'catkin_cmake_args' from command line to 'None'
[1.542s] Level 5:colcon.colcon_core.verb:set package 'py_pubsub' build argument 'catkin_skip_building_tests' from command line to 'False'
[1.542s] DEBUG:colcon.colcon_core.verb:Building package 'py_pubsub' with the following arguments: {'ament_cmake_args': None, 'build_base': '/home/maksim/ros2_ws/build/py_pubsub', 'catkin_cmake_args': None, 'catkin_skip_building_tests': False, 'cmake_args': None, 'cmake_clean_cache': False, 'cmake_clean_first': False, 'cmake_force_configure': False, 'cmake_target': None, 'cmake_target_skip_unavailable': False, 'install_base': '/home/maksim/ros2_ws/install/py_pubsub', 'merge_install': False, 'path': '/home/maksim/ros2_ws/src/py_pubsub', 'symlink_install': False, 'test_result_base': None}
[1.543s] INFO:colcon.colcon_core.executor:Executing jobs using 'parallel' executor
[1.554s] DEBUG:colcon.colcon_parallel_executor.executor.parallel:run_until_complete
[1.555s] INFO:colcon.colcon_ros.task.ament_cmake.build:Building ROS package in '/home/maksim/ros2_ws/src/custom_interfaces' with build type 'ament_cmake'
[1.555s] INFO:colcon.colcon_cmake.task.cmake.build:Building CMake package in '/home/maksim/ros2_ws/src/custom_interfaces'
[1.578s] INFO:colcon.colcon_core.plugin_system:Skipping extension 'colcon_core.shell.bat': Not used on non-Windows systems
[1.579s] INFO:colcon.colcon_core.shell:Skip shell extension 'powershell' for command environment: Not usable outside of PowerShell
[1.580s] DEBUG:colcon.colcon_core.shell:Skip shell extension 'dsv' for command environment
[1.593s] DEBUG:colcon.colcon_core.shell:Ignoring prefix path '/opt/ros/foxy'
[1.594s] DEBUG:colcon.colcon_core.shell:Ignoring prefix path '/home/maksim/timer_ws/devel'
[1.594s] DEBUG:colcon.colcon_core.shell:Ignoring prefix path '/home/maksim/catkin_ws/devel'
[1.595s] DEBUG:colcon.colcon_core.shell:Ignoring prefix path '/opt/ros/noetic'
[1.648s] DEBUG:colcon.colcon_core.event_handler.log_command:Invoking command in '/home/maksim/ros2_ws/build/custom_interfaces': CMAKE_PREFIX_PATH=/home/maksim/ros2_ws/install/cpp_pubsub:/home/maksim/ros2_ws/install/custom_interfaces:/home/maksim/ros2_ws/install/py_pubsub:/opt/ros/foxy:/home/maksim/timer_ws/devel:/home/maksim/catkin_ws/devel:/opt/ros/noetic /usr/bin/cmake --build /home/maksim/ros2_ws/build/custom_interfaces -- -j4 -l4
[2.566s] DEBUG:colcon.colcon_core.event_handler.log_command:Invoked command in '/home/maksim/ros2_ws/build/custom_interfaces' returned '0': CMAKE_PREFIX_PATH=/home/maksim/ros2_ws/install/cpp_pubsub:/home/maksim/ros2_ws/install/custom_interfaces:/home/maksim/ros2_ws/install/py_pubsub:/opt/ros/foxy:/home/maksim/timer_ws/devel:/home/maksim/catkin_ws/devel:/opt/ros/noetic /usr/bin/cmake --build /home/maksim/ros2_ws/build/custom_interfaces -- -j4 -l4
[3.031s] DEBUG:colcon.colcon_core.event_handler.log_command:Invoking command in '/home/maksim/ros2_ws/build/custom_interfaces': CMAKE_PREFIX_PATH=/home/maksim/ros2_ws/install/cpp_pubsub:/home/maksim/ros2_ws/install/custom_interfaces:/home/maksim/ros2_ws/install/py_pubsub:/opt/ros/foxy:/home/maksim/timer_ws/devel:/home/maksim/catkin_ws/devel:/opt/ros/noetic /usr/bin/cmake --install /home/maksim/ros2_ws/build/custom_interfaces
[3.255s] Level 1:colcon.colcon_core.environment:create_environment_scripts_only(custom_interfaces)
[3.277s] DEBUG:colcon.colcon_core.event_handler.log_command:Invoked command in '/home/maksim/ros2_ws/build/custom_interfaces' returned '0': CMAKE_PREFIX_PATH=/home/maksim/ros2_ws/install/cpp_pubsub:/home/maksim/ros2_ws/install/custom_interfaces:/home/maksim/ros2_ws/install/py_pubsub:/opt/ros/foxy:/home/maksim/timer_ws/devel:/home/maksim/catkin_ws/devel:/opt/ros/noetic /usr/bin/cmake --install /home/maksim/ros2_ws/build/custom_interfaces
[3.292s] Level 1:colcon.colcon_core.environment:checking '/home/maksim/ros2_ws/install/custom_interfaces' for CMake module files
[3.296s] Level 1:colcon.colcon_core.environment:checking '/home/maksim/ros2_ws/install/custom_interfaces' for CMake config files
[3.298s] Level 1:colcon.colcon_core.shell:create_environment_hook('custom_interfaces', 'cmake_prefix_path')
[3.300s] INFO:colcon.colcon_core.shell:Creating environment hook '/home/maksim/ros2_ws/install/custom_interfaces/share/custom_interfaces/hook/cmake_prefix_path.ps1'
[3.303s] INFO:colcon.colcon_core.shell:Creating environment descriptor '/home/maksim/ros2_ws/install/custom_interfaces/share/custom_interfaces/hook/cmake_prefix_path.dsv'
[3.305s] INFO:colcon.colcon_core.shell:Creating environment hook '/home/maksim/ros2_ws/install/custom_interfaces/share/custom_interfaces/hook/cmake_prefix_path.sh'
[3.309s] Level 1:colcon.colcon_core.environment:checking '/home/maksim/ros2_ws/install/custom_interfaces/lib'
[3.309s] Level 1:colcon.colcon_core.shell:create_environment_hook('custom_interfaces', 'ld_library_path_lib')
[3.316s] INFO:colcon.colcon_core.shell:Creating environment hook '/home/maksim/ros2_ws/install/custom_interfaces/share/custom_interfaces/hook/ld_library_path_lib.ps1'
[3.318s] INFO:colcon.colcon_core.shell:Creating environment descriptor '/home/maksim/ros2_ws/install/custom_interfaces/share/custom_interfaces/hook/ld_library_path_lib.dsv'
[3.319s] INFO:colcon.colcon_core.shell:Creating environment hook '/home/maksim/ros2_ws/install/custom_interfaces/share/custom_interfaces/hook/ld_library_path_lib.sh'
[3.321s] Level 1:colcon.colcon_core.environment:checking '/home/maksim/ros2_ws/install/custom_interfaces/bin'
[3.321s] Level 1:colcon.colcon_core.environment:checking '/home/maksim/ros2_ws/install/custom_interfaces/lib/pkgconfig/custom_interfaces.pc'
[3.321s] Level 1:colcon.colcon_core.environment:checking '/home/maksim/ros2_ws/install/custom_interfaces/lib/python3.8/site-packages'
[3.322s] Level 1:colcon.colcon_core.shell:create_environment_hook('custom_interfaces', 'pythonpath')
[3.324s] INFO:colcon.colcon_core.shell:Creating environment hook '/home/maksim/ros2_ws/install/custom_interfaces/share/custom_interfaces/hook/pythonpath.ps1'
[3.325s] INFO:colcon.colcon_core.shell:Creating environment descriptor '/home/maksim/ros2_ws/install/custom_interfaces/share/custom_interfaces/hook/pythonpath.dsv'
[3.327s] INFO:colcon.colcon_core.shell:Creating environment hook '/home/maksim/ros2_ws/install/custom_interfaces/share/custom_interfaces/hook/pythonpath.sh'
[3.331s] INFO:colcon.colcon_core.shell:Creating package script '/home/maksim/ros2_ws/install/custom_interfaces/share/custom_interfaces/package.ps1'
[3.335s] INFO:colcon.colcon_core.shell:Creating package descriptor '/home/maksim/ros2_ws/install/custom_interfaces/share/custom_interfaces/package.dsv'
[3.338s] INFO:colcon.colcon_core.shell:Creating package script '/home/maksim/ros2_ws/install/custom_interfaces/share/custom_interfaces/package.sh'
[3.341s] INFO:colcon.colcon_core.shell:Creating package script '/home/maksim/ros2_ws/install/custom_interfaces/share/custom_interfaces/package.bash'
[3.344s] INFO:colcon.colcon_core.shell:Creating package script '/home/maksim/ros2_ws/install/custom_interfaces/share/custom_interfaces/package.zsh'
[3.347s] Level 1:colcon.colcon_core.environment:create_file_with_runtime_dependencies(/home/maksim/ros2_ws/install/custom_interfaces/share/colcon-core/packages/custom_interfaces)
[3.742s] Level 1:colcon.colcon_core.environment:create_environment_scripts_only(custom_interfaces)
[3.748s] Level 1:colcon.colcon_core.environment:checking '/home/maksim/ros2_ws/install/custom_interfaces' for CMake module files
[3.751s] Level 1:colcon.colcon_core.environment:checking '/home/maksim/ros2_ws/install/custom_interfaces' for CMake config files
[3.752s] Level 1:colcon.colcon_core.shell:create_environment_hook('custom_interfaces', 'cmake_prefix_path')
[3.754s] INFO:colcon.colcon_core.shell:Creating environment hook '/home/maksim/ros2_ws/install/custom_interfaces/share/custom_interfaces/hook/cmake_prefix_path.ps1'
[3.756s] INFO:colcon.colcon_core.shell:Creating environment descriptor '/home/maksim/ros2_ws/install/custom_interfaces/share/custom_interfaces/hook/cmake_prefix_path.dsv'
[3.758s] INFO:colcon.colcon_core.shell:Creating environment hook '/home/maksim/ros2_ws/install/custom_interfaces/share/custom_interfaces/hook/cmake_prefix_path.sh'
[3.760s] Level 1:colcon.colcon_core.environment:checking '/home/maksim/ros2_ws/install/custom_interfaces/lib'
[3.761s] Level 1:colcon.colcon_core.shell:create_environment_hook('custom_interfaces', 'ld_library_path_lib')
[3.763s] INFO:colcon.colcon_core.shell:Creating environment hook '/home/maksim/ros2_ws/install/custom_interfaces/share/custom_interfaces/hook/ld_library_path_lib.ps1'
[3.764s] INFO:colcon.colcon_core.shell:Creating environment descriptor '/home/maksim/ros2_ws/install/custom_interfaces/share/custom_interfaces/hook/ld_library_path_lib.dsv'
[3.766s] INFO:colcon.colcon_core.shell:Creating environment hook '/home/maksim/ros2_ws/install/custom_interfaces/share/custom_interfaces/hook/ld_library_path_lib.sh'
[3.768s] Level 1:colcon.colcon_core.environment:checking '/home/maksim/ros2_ws/install/custom_interfaces/bin'
[3.768s] Level 1:colcon.colcon_core.environment:checking '/home/maksim/ros2_ws/install/custom_interfaces/lib/pkgconfig/custom_interfaces.pc'
[3.769s] Level 1:colcon.colcon_core.environment:checking '/home/maksim/ros2_ws/install/custom_interfaces/lib/python3.8/site-packages'
[3.769s] Level 1:colcon.colcon_core.shell:create_environment_hook('custom_interfaces', 'pythonpath')
[3.771s] INFO:colcon.colcon_core.shell:Creating environment hook '/home/maksim/ros2_ws/install/custom_interfaces/share/custom_interfaces/hook/pythonpath.ps1'
[3.774s] INFO:colcon.colcon_core.shell:Creating environment descriptor '/home/maksim/ros2_ws/install/custom_interfaces/share/custom_interfaces/hook/pythonpath.dsv'
[3.776s] INFO:colcon.colcon_core.shell:Creating environment hook '/home/maksim/ros2_ws/install/custom_interfaces/share/custom_interfaces/hook/pythonpath.sh'
[3.780s] INFO:colcon.colcon_core.shell:Creating package script '/home/maksim/ros2_ws/install/custom_interfaces/share/custom_interfaces/package.ps1'
[3.783s] INFO:colcon.colcon_core.shell:Creating package descriptor '/home/maksim/ros2_ws/install/custom_interfaces/share/custom_interfaces/package.dsv'
[3.785s] INFO:colcon.colcon_core.shell:Creating package script '/home/maksim/ros2_ws/install/custom_interfaces/share/custom_interfaces/package.sh'
[3.788s] INFO:colcon.colcon_core.shell:Creating package script '/home/maksim/ros2_ws/install/custom_interfaces/share/custom_interfaces/package.bash'
[3.789s] INFO:colcon.colcon_core.shell:Creating package script '/home/maksim/ros2_ws/install/custom_interfaces/share/custom_interfaces/package.zsh'
[3.792s] Level 1:colcon.colcon_core.environment:create_file_with_runtime_dependencies(/home/maksim/ros2_ws/install/custom_interfaces/share/colcon-core/packages/custom_interfaces)
[3.793s] INFO:colcon.colcon_ros.task.ament_cmake.build:Building ROS package in '/home/maksim/ros2_ws/src/cpp_pubsub' with build type 'ament_cmake'
[3.794s] INFO:colcon.colcon_cmake.task.cmake.build:Building CMake package in '/home/maksim/ros2_ws/src/cpp_pubsub'
[3.796s] INFO:colcon.colcon_core.shell:Skip shell extension 'powershell' for command environment: Not usable outside of PowerShell
[3.796s] DEBUG:colcon.colcon_core.shell:Skip shell extension 'dsv' for command environment
[3.809s] DEBUG:colcon.colcon_core.shell:Ignoring prefix path '/opt/ros/foxy'
[3.809s] DEBUG:colcon.colcon_core.shell:Ignoring prefix path '/home/maksim/timer_ws/devel'
[3.810s] DEBUG:colcon.colcon_core.shell:Ignoring prefix path '/home/maksim/catkin_ws/devel'
[3.810s] DEBUG:colcon.colcon_core.shell:Ignoring prefix path '/opt/ros/noetic'
[3.823s] INFO:colcon.colcon_ros.task.ament_python.build:Building ROS package in '/home/maksim/ros2_ws/src/py_pubsub' with build type 'ament_python'
[3.825s] Level 1:colcon.colcon_core.shell:create_environment_hook('py_pubsub', 'ament_prefix_path')
[3.832s] INFO:colcon.colcon_core.shell:Creating environment hook '/home/maksim/ros2_ws/install/py_pubsub/share/py_pubsub/hook/ament_prefix_path.ps1'
[3.836s] INFO:colcon.colcon_core.shell:Creating environment descriptor '/home/maksim/ros2_ws/install/py_pubsub/share/py_pubsub/hook/ament_prefix_path.dsv'
[3.838s] INFO:colcon.colcon_core.shell:Creating environment hook '/home/maksim/ros2_ws/install/py_pubsub/share/py_pubsub/hook/ament_prefix_path.sh'
[3.843s] INFO:colcon.colcon_core.shell:Skip shell extension 'powershell' for command environment: Not usable outside of PowerShell
[3.843s] DEBUG:colcon.colcon_core.shell:Skip shell extension 'dsv' for command environment
[3.852s] DEBUG:colcon.colcon_core.shell:Ignoring prefix path '/opt/ros/foxy'
[3.852s] DEBUG:colcon.colcon_core.shell:Ignoring prefix path '/home/maksim/timer_ws/devel'
[3.852s] DEBUG:colcon.colcon_core.shell:Ignoring prefix path '/home/maksim/catkin_ws/devel'
[3.853s] DEBUG:colcon.colcon_core.shell:Ignoring prefix path '/opt/ros/noetic'
[3.894s] DEBUG:colcon.colcon_core.event_handler.log_command:Invoking command in '/home/maksim/ros2_ws/build/cpp_pubsub': CMAKE_PREFIX_PATH=/home/maksim/ros2_ws/install/custom_interfaces:/home/maksim/ros2_ws/install/cpp_pubsub:/home/maksim/ros2_ws/install/py_pubsub:/opt/ros/foxy:/home/maksim/timer_ws/devel:/home/maksim/catkin_ws/devel:/opt/ros/noetic PYTHONPATH=/home/maksim/ros2_ws/install/custom_interfaces/lib/python3.8/site-packages:/home/maksim/ros2_ws/install/py_pubsub/lib/python3.8/site-packages:/home/maksim/catkin_ws/devel/lib/python3/dist-packages:/opt/ros/noetic/lib/python3/dist-packages:/opt/ros/foxy/lib/python3.8/site-packages /usr/bin/cmake --build /home/maksim/ros2_ws/build/cpp_pubsub -- -j4 -l4
[4.923s] INFO:colcon.colcon_core.task.python.build:Building Python package in '/home/maksim/ros2_ws/src/py_pubsub'
[4.927s] INFO:colcon.colcon_core.shell:Skip shell extension 'powershell' for command environment: Not usable outside of PowerShell
[4.927s] DEBUG:colcon.colcon_core.shell:Skip shell extension 'dsv' for command environment
[4.936s] DEBUG:colcon.colcon_core.shell:Ignoring prefix path '/opt/ros/foxy'
[4.937s] DEBUG:colcon.colcon_core.shell:Ignoring prefix path '/home/maksim/timer_ws/devel'
[4.937s] DEBUG:colcon.colcon_core.shell:Ignoring prefix path '/home/maksim/catkin_ws/devel'
[4.937s] DEBUG:colcon.colcon_core.shell:Ignoring prefix path '/opt/ros/noetic'
[4.990s] DEBUG:colcon.colcon_core.event_handler.log_command:Invoking command in '/home/maksim/ros2_ws/src/py_pubsub': CMAKE_PREFIX_PATH=/home/maksim/ros2_ws/install/custom_interfaces:/home/maksim/ros2_ws/install/cpp_pubsub:/home/maksim/timer_ws/devel:/home/maksim/catkin_ws/devel:/opt/ros/noetic PYTHONPATH=/home/maksim/ros2_ws/install/py_pubsub/lib/python3.8/site-packages:/home/maksim/ros2_ws/install/custom_interfaces/lib/python3.8/site-packages:/home/maksim/ros2_ws/install/py_pubsub/lib/python3.8/site-packages:/home/maksim/catkin_ws/devel/lib/python3/dist-packages:/opt/ros/noetic/lib/python3/dist-packages:/opt/ros/foxy/lib/python3.8/site-packages /usr/bin/python3 setup.py egg_info --egg-base ../../build/py_pubsub build --build-base /home/maksim/ros2_ws/build/py_pubsub/build install --prefix /home/maksim/ros2_ws/install/py_pubsub --record /home/maksim/ros2_ws/build/py_pubsub/install.log --single-version-externally-managed
[6.285s] Level 1:colcon.colcon_core.environment:checking '/home/maksim/ros2_ws/install/py_pubsub' for CMake module files
[6.289s] DEBUG:colcon.colcon_core.event_handler.log_command:Invoked command in '/home/maksim/ros2_ws/src/py_pubsub' returned '0': CMAKE_PREFIX_PATH=/home/maksim/ros2_ws/install/custom_interfaces:/home/maksim/ros2_ws/install/cpp_pubsub:/home/maksim/timer_ws/devel:/home/maksim/catkin_ws/devel:/opt/ros/noetic PYTHONPATH=/home/maksim/ros2_ws/install/py_pubsub/lib/python3.8/site-packages:/home/maksim/ros2_ws/install/custom_interfaces/lib/python3.8/site-packages:/home/maksim/ros2_ws/install/py_pubsub/lib/python3.8/site-packages:/home/maksim/catkin_ws/devel/lib/python3/dist-packages:/opt/ros/noetic/lib/python3/dist-packages:/opt/ros/foxy/lib/python3.8/site-packages /usr/bin/python3 setup.py egg_info --egg-base ../../build/py_pubsub build --build-base /home/maksim/ros2_ws/build/py_pubsub/build install --prefix /home/maksim/ros2_ws/install/py_pubsub --record /home/maksim/ros2_ws/build/py_pubsub/install.log --single-version-externally-managed
[6.291s] Level 1:colcon.colcon_core.environment:checking '/home/maksim/ros2_ws/install/py_pubsub' for CMake config files
[6.294s] Level 1:colcon.colcon_core.environment:checking '/home/maksim/ros2_ws/install/py_pubsub/lib'
[6.294s] Level 1:colcon.colcon_core.environment:checking '/home/maksim/ros2_ws/install/py_pubsub/bin'
[6.295s] Level 1:colcon.colcon_core.environment:checking '/home/maksim/ros2_ws/install/py_pubsub/lib/pkgconfig/py_pubsub.pc'
[6.295s] Level 1:colcon.colcon_core.environment:checking '/home/maksim/ros2_ws/install/py_pubsub/lib/python3.8/site-packages'
[6.295s] Level 1:colcon.colcon_core.shell:create_environment_hook('py_pubsub', 'pythonpath')
[6.298s] INFO:colcon.colcon_core.shell:Creating environment hook '/home/maksim/ros2_ws/install/py_pubsub/share/py_pubsub/hook/pythonpath.ps1'
[6.304s] INFO:colcon.colcon_core.shell:Creating environment descriptor '/home/maksim/ros2_ws/install/py_pubsub/share/py_pubsub/hook/pythonpath.dsv'
[6.307s] INFO:colcon.colcon_core.shell:Creating environment hook '/home/maksim/ros2_ws/install/py_pubsub/share/py_pubsub/hook/pythonpath.sh'
[6.311s] Level 1:colcon.colcon_core.environment:create_environment_scripts_only(py_pubsub)
[6.313s] INFO:colcon.colcon_core.shell:Creating package script '/home/maksim/ros2_ws/install/py_pubsub/share/py_pubsub/package.ps1'
[6.316s] INFO:colcon.colcon_core.shell:Creating package descriptor '/home/maksim/ros2_ws/install/py_pubsub/share/py_pubsub/package.dsv'
[6.318s] INFO:colcon.colcon_core.shell:Creating package script '/home/maksim/ros2_ws/install/py_pubsub/share/py_pubsub/package.sh'
[6.320s] INFO:colcon.colcon_core.shell:Creating package script '/home/maksim/ros2_ws/install/py_pubsub/share/py_pubsub/package.bash'
[6.321s] INFO:colcon.colcon_core.shell:Creating package script '/home/maksim/ros2_ws/install/py_pubsub/share/py_pubsub/package.zsh'
[6.323s] Level 1:colcon.colcon_core.environment:create_file_with_runtime_dependencies(/home/maksim/ros2_ws/install/py_pubsub/share/colcon-core/packages/py_pubsub)
[23.529s] DEBUG:colcon.colcon_core.event_handler.log_command:Invoked command in '/home/maksim/ros2_ws/build/cpp_pubsub' returned '0': CMAKE_PREFIX_PATH=/home/maksim/ros2_ws/install/custom_interfaces:/home/maksim/ros2_ws/install/cpp_pubsub:/home/maksim/ros2_ws/install/py_pubsub:/opt/ros/foxy:/home/maksim/timer_ws/devel:/home/maksim/catkin_ws/devel:/opt/ros/noetic PYTHONPATH=/home/maksim/ros2_ws/install/custom_interfaces/lib/python3.8/site-packages:/home/maksim/ros2_ws/install/py_pubsub/lib/python3.8/site-packages:/home/maksim/catkin_ws/devel/lib/python3/dist-packages:/opt/ros/noetic/lib/python3/dist-packages:/opt/ros/foxy/lib/python3.8/site-packages /usr/bin/cmake --build /home/maksim/ros2_ws/build/cpp_pubsub -- -j4 -l4
[23.700s] DEBUG:colcon.colcon_core.event_handler.log_command:Invoking command in '/home/maksim/ros2_ws/build/cpp_pubsub': CMAKE_PREFIX_PATH=/home/maksim/ros2_ws/install/custom_interfaces:/home/maksim/ros2_ws/install/cpp_pubsub:/home/maksim/ros2_ws/install/py_pubsub:/opt/ros/foxy:/home/maksim/timer_ws/devel:/home/maksim/catkin_ws/devel:/opt/ros/noetic PYTHONPATH=/home/maksim/ros2_ws/install/custom_interfaces/lib/python3.8/site-packages:/home/maksim/ros2_ws/install/py_pubsub/lib/python3.8/site-packages:/home/maksim/catkin_ws/devel/lib/python3/dist-packages:/opt/ros/noetic/lib/python3/dist-packages:/opt/ros/foxy/lib/python3.8/site-packages /usr/bin/cmake --install /home/maksim/ros2_ws/build/cpp_pubsub
[23.765s] Level 1:colcon.colcon_core.environment:create_environment_scripts_only(cpp_pubsub)
[23.773s] Level 1:colcon.colcon_core.environment:checking '/home/maksim/ros2_ws/install/cpp_pubsub' for CMake module files
[23.776s] DEBUG:colcon.colcon_core.event_handler.log_command:Invoked command in '/home/maksim/ros2_ws/build/cpp_pubsub' returned '0': CMAKE_PREFIX_PATH=/home/maksim/ros2_ws/install/custom_interfaces:/home/maksim/ros2_ws/install/cpp_pubsub:/home/maksim/ros2_ws/install/py_pubsub:/opt/ros/foxy:/home/maksim/timer_ws/devel:/home/maksim/catkin_ws/devel:/opt/ros/noetic PYTHONPATH=/home/maksim/ros2_ws/install/custom_interfaces/lib/python3.8/site-packages:/home/maksim/ros2_ws/install/py_pubsub/lib/python3.8/site-packages:/home/maksim/catkin_ws/devel/lib/python3/dist-packages:/opt/ros/noetic/lib/python3/dist-packages:/opt/ros/foxy/lib/python3.8/site-packages /usr/bin/cmake --install /home/maksim/ros2_ws/build/cpp_pubsub
[23.778s] Level 1:colcon.colcon_core.environment:checking '/home/maksim/ros2_ws/install/cpp_pubsub' for CMake config files
[23.779s] Level 1:colcon.colcon_core.shell:create_environment_hook('cpp_pubsub', 'cmake_prefix_path')
[23.781s] INFO:colcon.colcon_core.shell:Creating environment hook '/home/maksim/ros2_ws/install/cpp_pubsub/share/cpp_pubsub/hook/cmake_prefix_path.ps1'
[23.784s] INFO:colcon.colcon_core.shell:Creating environment descriptor '/home/maksim/ros2_ws/install/cpp_pubsub/share/cpp_pubsub/hook/cmake_prefix_path.dsv'
[23.785s] INFO:colcon.colcon_core.shell:Creating environment hook '/home/maksim/ros2_ws/install/cpp_pubsub/share/cpp_pubsub/hook/cmake_prefix_path.sh'
[23.788s] Level 1:colcon.colcon_core.environment:checking '/home/maksim/ros2_ws/install/cpp_pubsub/lib'
[23.789s] Level 1:colcon.colcon_core.environment:checking '/home/maksim/ros2_ws/install/cpp_pubsub/bin'
[23.789s] Level 1:colcon.colcon_core.environment:checking '/home/maksim/ros2_ws/install/cpp_pubsub/lib/pkgconfig/cpp_pubsub.pc'
[23.789s] Level 1:colcon.colcon_core.environment:checking '/home/maksim/ros2_ws/install/cpp_pubsub/lib/python3.8/site-packages'
[23.792s] INFO:colcon.colcon_core.shell:Creating package script '/home/maksim/ros2_ws/install/cpp_pubsub/share/cpp_pubsub/package.ps1'
[23.794s] INFO:colcon.colcon_core.shell:Creating package descriptor '/home/maksim/ros2_ws/install/cpp_pubsub/share/cpp_pubsub/package.dsv'
[23.796s] INFO:colcon.colcon_core.shell:Creating package script '/home/maksim/ros2_ws/install/cpp_pubsub/share/cpp_pubsub/package.sh'
[23.797s] INFO:colcon.colcon_core.shell:Creating package script '/home/maksim/ros2_ws/install/cpp_pubsub/share/cpp_pubsub/package.bash'
[23.799s] INFO:colcon.colcon_core.shell:Creating package script '/home/maksim/ros2_ws/install/cpp_pubsub/share/cpp_pubsub/package.zsh'
[23.801s] Level 1:colcon.colcon_core.environment:create_file_with_runtime_dependencies(/home/maksim/ros2_ws/install/cpp_pubsub/share/colcon-core/packages/cpp_pubsub)
[23.926s] Level 1:colcon.colcon_core.environment:create_environment_scripts_only(cpp_pubsub)
[23.930s] Level 1:colcon.colcon_core.environment:checking '/home/maksim/ros2_ws/install/cpp_pubsub' for CMake module files
[23.933s] Level 1:colcon.colcon_core.environment:checking '/home/maksim/ros2_ws/install/cpp_pubsub' for CMake config files
[23.934s] Level 1:colcon.colcon_core.shell:create_environment_hook('cpp_pubsub', 'cmake_prefix_path')
[23.937s] INFO:colcon.colcon_core.shell:Creating environment hook '/home/maksim/ros2_ws/install/cpp_pubsub/share/cpp_pubsub/hook/cmake_prefix_path.ps1'
[23.939s] INFO:colcon.colcon_core.shell:Creating environment descriptor '/home/maksim/ros2_ws/install/cpp_pubsub/share/cpp_pubsub/hook/cmake_prefix_path.dsv'
[23.941s] INFO:colcon.colcon_core.shell:Creating environment hook '/home/maksim/ros2_ws/install/cpp_pubsub/share/cpp_pubsub/hook/cmake_prefix_path.sh'
[23.943s] Level 1:colcon.colcon_core.environment:checking '/home/maksim/ros2_ws/install/cpp_pubsub/lib'
[23.944s] Level 1:colcon.colcon_core.environment:checking '/home/maksim/ros2_ws/install/cpp_pubsub/bin'
[23.944s] Level 1:colcon.colcon_core.environment:checking '/home/maksim/ros2_ws/install/cpp_pubsub/lib/pkgconfig/cpp_pubsub.pc'
[23.944s] Level 1:colcon.colcon_core.environment:checking '/home/maksim/ros2_ws/install/cpp_pubsub/lib/python3.8/site-packages'
[23.947s] INFO:colcon.colcon_core.shell:Creating package script '/home/maksim/ros2_ws/install/cpp_pubsub/share/cpp_pubsub/package.ps1'
[23.949s] INFO:colcon.colcon_core.shell:Creating package descriptor '/home/maksim/ros2_ws/install/cpp_pubsub/share/cpp_pubsub/package.dsv'
[23.952s] INFO:colcon.colcon_core.shell:Creating package script '/home/maksim/ros2_ws/install/cpp_pubsub/share/cpp_pubsub/package.sh'
[23.953s] INFO:colcon.colcon_core.shell:Creating package script '/home/maksim/ros2_ws/install/cpp_pubsub/share/cpp_pubsub/package.bash'
[23.955s] INFO:colcon.colcon_core.shell:Creating package script '/home/maksim/ros2_ws/install/cpp_pubsub/share/cpp_pubsub/package.zsh'
[23.957s] Level 1:colcon.colcon_core.environment:create_file_with_runtime_dependencies(/home/maksim/ros2_ws/install/cpp_pubsub/share/colcon-core/packages/cpp_pubsub)
[23.958s] DEBUG:colcon.colcon_parallel_executor.executor.parallel:closing loop
[23.961s] DEBUG:colcon.colcon_parallel_executor.executor.parallel:loop closed
[23.963s] DEBUG:colcon.colcon_parallel_executor.executor.parallel:run_until_complete finished with '0'
[23.963s] DEBUG:colcon.colcon_core.event_reactor:joining thread
[24.040s] INFO:colcon.colcon_core.plugin_system:Skipping extension 'colcon_notification.desktop_notification.terminal_notifier': Not used on non-Darwin systems
[24.040s] INFO:colcon.colcon_core.plugin_system:Skipping extension 'colcon_notification.desktop_notification.win32': Not used on non-Windows systems
[24.041s] INFO:colcon.colcon_notification.desktop_notification:Sending desktop notification using 'notify2'
[24.137s] DEBUG:colcon.colcon_core.event_reactor:joined thread
[24.146s] INFO:colcon.colcon_core.shell:Creating prefix script '/home/maksim/ros2_ws/install/local_setup.ps1'
[24.151s] INFO:colcon.colcon_core.shell:Creating prefix util module '/home/maksim/ros2_ws/install/_local_setup_util_ps1.py'
[24.156s] INFO:colcon.colcon_core.shell:Creating prefix chain script '/home/maksim/ros2_ws/install/setup.ps1'
[24.166s] INFO:colcon.colcon_core.shell:Creating prefix script '/home/maksim/ros2_ws/install/local_setup.sh'
[24.168s] INFO:colcon.colcon_core.shell:Creating prefix util module '/home/maksim/ros2_ws/install/_local_setup_util_sh.py'
[24.171s] INFO:colcon.colcon_core.shell:Creating prefix chain script '/home/maksim/ros2_ws/install/setup.sh'
[24.181s] INFO:colcon.colcon_core.shell:Creating prefix script '/home/maksim/ros2_ws/install/local_setup.bash'
[24.183s] INFO:colcon.colcon_core.shell:Creating prefix chain script '/home/maksim/ros2_ws/install/setup.bash'
[24.193s] INFO:colcon.colcon_core.shell:Creating prefix script '/home/maksim/ros2_ws/install/local_setup.zsh'
[24.196s] INFO:colcon.colcon_core.shell:Creating prefix chain script '/home/maksim/ros2_ws/install/setup.zsh'
