[0.169s] Invoking command in '/home/maksim/ros2_ws/build/custom_interfaces': CMAKE_PREFIX_PATH=/home/maksim/ros2_ws/install/cpp_pubsub:/home/maksim/ros2_ws/install/custom_interfaces:/home/maksim/ros2_ws/install/py_pubsub:/opt/ros/foxy:/home/maksim/timer_ws/devel:/home/maksim/catkin_ws/devel:/opt/ros/noetic /usr/bin/cmake --build /home/maksim/ros2_ws/build/custom_interfaces -- -j4 -l4
[0.518s] [  2%] Built target custom_interfaces__cpp
[0.522s] [ 12%] Built target custom_interfaces__rosidl_generator_c
[0.609s] [ 23%] Built target custom_interfaces__rosidl_typesupport_introspection_cpp
[0.614s] [ 33%] Built target custom_interfaces__rosidl_typesupport_cpp
[0.620s] [ 43%] Built target custom_interfaces__rosidl_typesupport_c
[0.633s] [ 53%] Built target custom_interfaces__rosidl_typesupport_fastrtps_cpp
[0.701s] [ 64%] Built target custom_interfaces__rosidl_typesupport_introspection_c
[0.740s] [ 74%] Built target custom_interfaces__rosidl_typesupport_fastrtps_c
[0.848s] [ 74%] Built target custom_interfaces
[0.950s] [ 76%] Built target custom_interfaces__py
[1.080s] [ 84%] Built target custom_interfaces__python
[1.189s] [ 94%] Built target custom_interfaces__rosidl_typesupport_introspection_c__pyext
[1.190s] [ 94%] Built target custom_interfaces__rosidl_typesupport_c__pyext
[1.193s] [100%] Built target custom_interfaces__rosidl_typesupport_fastrtps_c__pyext
[1.249s] Invoked command in '/home/maksim/ros2_ws/build/custom_interfaces' returned '0': CMAKE_PREFIX_PATH=/home/maksim/ros2_ws/install/cpp_pubsub:/home/maksim/ros2_ws/install/custom_interfaces:/home/maksim/ros2_ws/install/py_pubsub:/opt/ros/foxy:/home/maksim/timer_ws/devel:/home/maksim/catkin_ws/devel:/opt/ros/noetic /usr/bin/cmake --build /home/maksim/ros2_ws/build/custom_interfaces -- -j4 -l4
[1.710s] Invoking command in '/home/maksim/ros2_ws/build/custom_interfaces': CMAKE_PREFIX_PATH=/home/maksim/ros2_ws/install/cpp_pubsub:/home/maksim/ros2_ws/install/custom_interfaces:/home/maksim/ros2_ws/install/py_pubsub:/opt/ros/foxy:/home/maksim/timer_ws/devel:/home/maksim/catkin_ws/devel:/opt/ros/noetic /usr/bin/cmake --install /home/maksim/ros2_ws/build/custom_interfaces
[1.743s] -- Install configuration: ""
[1.744s] -- Up-to-date: /home/maksim/ros2_ws/install/custom_interfaces/share/ament_index/resource_index/rosidl_interfaces/custom_interfaces
[1.744s] -- Up-to-date: /home/maksim/ros2_ws/install/custom_interfaces/include/custom_interfaces
[1.746s] -- Up-to-date: /home/maksim/ros2_ws/install/custom_interfaces/include/custom_interfaces/srv
[1.746s] -- Up-to-date: /home/maksim/ros2_ws/install/custom_interfaces/include/custom_interfaces/srv/add_three_ints.h
[1.747s] -- Up-to-date: /home/maksim/ros2_ws/install/custom_interfaces/include/custom_interfaces/srv/detail
[1.747s] -- Up-to-date: /home/maksim/ros2_ws/install/custom_interfaces/include/custom_interfaces/srv/detail/add_three_ints__struct.h
[1.747s] -- Up-to-date: /home/maksim/ros2_ws/install/custom_interfaces/include/custom_interfaces/srv/detail/add_three_ints__functions.h
[1.749s] -- Up-to-date: /home/maksim/ros2_ws/install/custom_interfaces/include/custom_interfaces/srv/detail/add_three_ints__functions.c
[1.749s] -- Up-to-date: /home/maksim/ros2_ws/install/custom_interfaces/include/custom_interfaces/srv/detail/add_three_ints__type_support.h
[1.750s] -- Up-to-date: /home/maksim/ros2_ws/install/custom_interfaces/include/custom_interfaces/msg
[1.751s] -- Up-to-date: /home/maksim/ros2_ws/install/custom_interfaces/include/custom_interfaces/msg/rosidl_generator_c__visibility_control.h
[1.752s] -- Up-to-date: /home/maksim/ros2_ws/install/custom_interfaces/include/custom_interfaces/msg/str_num.h
[1.752s] -- Up-to-date: /home/maksim/ros2_ws/install/custom_interfaces/include/custom_interfaces/msg/detail
[1.753s] -- Up-to-date: /home/maksim/ros2_ws/install/custom_interfaces/include/custom_interfaces/msg/detail/str_num__type_support.h
[1.754s] -- Up-to-date: /home/maksim/ros2_ws/install/custom_interfaces/include/custom_interfaces/msg/detail/str_num__functions.h
[1.754s] -- Up-to-date: /home/maksim/ros2_ws/install/custom_interfaces/include/custom_interfaces/msg/detail/str_num__functions.c
[1.755s] -- Up-to-date: /home/maksim/ros2_ws/install/custom_interfaces/include/custom_interfaces/msg/detail/str_num__struct.h
[1.756s] -- Up-to-date: /home/maksim/ros2_ws/install/custom_interfaces/share/custom_interfaces/environment/library_path.sh
[1.757s] -- Up-to-date: /home/maksim/ros2_ws/install/custom_interfaces/share/custom_interfaces/environment/library_path.dsv
[1.757s] -- Up-to-date: /home/maksim/ros2_ws/install/custom_interfaces/lib/libcustom_interfaces__rosidl_generator_c.so
[1.758s] -- Up-to-date: /home/maksim/ros2_ws/install/custom_interfaces/include/custom_interfaces
[1.759s] -- Up-to-date: /home/maksim/ros2_ws/install/custom_interfaces/include/custom_interfaces/srv
[1.760s] -- Up-to-date: /home/maksim/ros2_ws/install/custom_interfaces/include/custom_interfaces/srv/detail
[1.761s] -- Up-to-date: /home/maksim/ros2_ws/install/custom_interfaces/include/custom_interfaces/srv/detail/add_three_ints__rosidl_typesupport_fastrtps_c.h
[1.762s] -- Up-to-date: /home/maksim/ros2_ws/install/custom_interfaces/include/custom_interfaces/msg
[1.762s] -- Up-to-date: /home/maksim/ros2_ws/install/custom_interfaces/include/custom_interfaces/msg/rosidl_typesupport_fastrtps_c__visibility_control.h
[1.763s] -- Up-to-date: /home/maksim/ros2_ws/install/custom_interfaces/include/custom_interfaces/msg/detail
[1.763s] -- Up-to-date: /home/maksim/ros2_ws/install/custom_interfaces/include/custom_interfaces/msg/detail/str_num__rosidl_typesupport_fastrtps_c.h
[1.763s] -- Up-to-date: /home/maksim/ros2_ws/install/custom_interfaces/lib/libcustom_interfaces__rosidl_typesupport_fastrtps_c.so
[1.764s] -- Up-to-date: /home/maksim/ros2_ws/install/custom_interfaces/include/custom_interfaces
[1.765s] -- Up-to-date: /home/maksim/ros2_ws/install/custom_interfaces/include/custom_interfaces/srv
[1.766s] -- Up-to-date: /home/maksim/ros2_ws/install/custom_interfaces/include/custom_interfaces/srv/detail
[1.767s] -- Up-to-date: /home/maksim/ros2_ws/install/custom_interfaces/include/custom_interfaces/srv/detail/dds_fastrtps
[1.767s] -- Up-to-date: /home/maksim/ros2_ws/install/custom_interfaces/include/custom_interfaces/srv/detail/add_three_ints__rosidl_typesupport_fastrtps_cpp.hpp
[1.768s] -- Up-to-date: /home/maksim/ros2_ws/install/custom_interfaces/include/custom_interfaces/msg
[1.768s] -- Up-to-date: /home/maksim/ros2_ws/install/custom_interfaces/include/custom_interfaces/msg/rosidl_typesupport_fastrtps_cpp__visibility_control.h
[1.769s] -- Up-to-date: /home/maksim/ros2_ws/install/custom_interfaces/include/custom_interfaces/msg/detail
[1.769s] -- Up-to-date: /home/maksim/ros2_ws/install/custom_interfaces/include/custom_interfaces/msg/detail/dds_fastrtps
[1.769s] -- Up-to-date: /home/maksim/ros2_ws/install/custom_interfaces/include/custom_interfaces/msg/detail/str_num__rosidl_typesupport_fastrtps_cpp.hpp
[1.770s] -- Up-to-date: /home/maksim/ros2_ws/install/custom_interfaces/lib/libcustom_interfaces__rosidl_typesupport_fastrtps_cpp.so
[1.770s] -- Up-to-date: /home/maksim/ros2_ws/install/custom_interfaces/include/custom_interfaces
[1.770s] -- Up-to-date: /home/maksim/ros2_ws/install/custom_interfaces/include/custom_interfaces/srv
[1.770s] -- Up-to-date: /home/maksim/ros2_ws/install/custom_interfaces/include/custom_interfaces/srv/detail
[1.771s] -- Up-to-date: /home/maksim/ros2_ws/install/custom_interfaces/include/custom_interfaces/srv/detail/add_three_ints__type_support.c
[1.771s] -- Up-to-date: /home/maksim/ros2_ws/install/custom_interfaces/include/custom_interfaces/srv/detail/add_three_ints__rosidl_typesupport_introspection_c.h
[1.771s] -- Up-to-date: /home/maksim/ros2_ws/install/custom_interfaces/include/custom_interfaces/msg
[1.772s] -- Up-to-date: /home/maksim/ros2_ws/install/custom_interfaces/include/custom_interfaces/msg/rosidl_typesupport_introspection_c__visibility_control.h
[1.773s] -- Up-to-date: /home/maksim/ros2_ws/install/custom_interfaces/include/custom_interfaces/msg/detail
[1.774s] -- Up-to-date: /home/maksim/ros2_ws/install/custom_interfaces/include/custom_interfaces/msg/detail/str_num__rosidl_typesupport_introspection_c.h
[1.774s] -- Up-to-date: /home/maksim/ros2_ws/install/custom_interfaces/include/custom_interfaces/msg/detail/str_num__type_support.c
[1.775s] -- Up-to-date: /home/maksim/ros2_ws/install/custom_interfaces/lib/libcustom_interfaces__rosidl_typesupport_introspection_c.so
[1.775s] -- Up-to-date: /home/maksim/ros2_ws/install/custom_interfaces/lib/libcustom_interfaces__rosidl_typesupport_c.so
[1.775s] -- Up-to-date: /home/maksim/ros2_ws/install/custom_interfaces/include/custom_interfaces
[1.776s] -- Up-to-date: /home/maksim/ros2_ws/install/custom_interfaces/include/custom_interfaces/srv
[1.776s] -- Up-to-date: /home/maksim/ros2_ws/install/custom_interfaces/include/custom_interfaces/srv/add_three_ints.hpp
[1.776s] -- Up-to-date: /home/maksim/ros2_ws/install/custom_interfaces/include/custom_interfaces/srv/detail
[1.777s] -- Up-to-date: /home/maksim/ros2_ws/install/custom_interfaces/include/custom_interfaces/srv/detail/add_three_ints__struct.hpp
[1.777s] -- Up-to-date: /home/maksim/ros2_ws/install/custom_interfaces/include/custom_interfaces/srv/detail/add_three_ints__traits.hpp
[1.778s] -- Up-to-date: /home/maksim/ros2_ws/install/custom_interfaces/include/custom_interfaces/srv/detail/add_three_ints__builder.hpp
[1.778s] -- Up-to-date: /home/maksim/ros2_ws/install/custom_interfaces/include/custom_interfaces/msg
[1.778s] -- Up-to-date: /home/maksim/ros2_ws/install/custom_interfaces/include/custom_interfaces/msg/str_num.hpp
[1.779s] -- Up-to-date: /home/maksim/ros2_ws/install/custom_interfaces/include/custom_interfaces/msg/detail
[1.779s] -- Up-to-date: /home/maksim/ros2_ws/install/custom_interfaces/include/custom_interfaces/msg/detail/str_num__struct.hpp
[1.779s] -- Up-to-date: /home/maksim/ros2_ws/install/custom_interfaces/include/custom_interfaces/msg/detail/str_num__builder.hpp
[1.780s] -- Up-to-date: /home/maksim/ros2_ws/install/custom_interfaces/include/custom_interfaces/msg/detail/str_num__traits.hpp
[1.780s] -- Up-to-date: /home/maksim/ros2_ws/install/custom_interfaces/include/custom_interfaces
[1.781s] -- Up-to-date: /home/maksim/ros2_ws/install/custom_interfaces/include/custom_interfaces/srv
[1.781s] -- Up-to-date: /home/maksim/ros2_ws/install/custom_interfaces/include/custom_interfaces/srv/detail
[1.781s] -- Up-to-date: /home/maksim/ros2_ws/install/custom_interfaces/include/custom_interfaces/srv/detail/add_three_ints__type_support.cpp
[1.782s] -- Up-to-date: /home/maksim/ros2_ws/install/custom_interfaces/include/custom_interfaces/srv/detail/add_three_ints__rosidl_typesupport_introspection_cpp.hpp
[1.782s] -- Up-to-date: /home/maksim/ros2_ws/install/custom_interfaces/include/custom_interfaces/msg
[1.782s] -- Up-to-date: /home/maksim/ros2_ws/install/custom_interfaces/include/custom_interfaces/msg/detail
[1.783s] -- Up-to-date: /home/maksim/ros2_ws/install/custom_interfaces/include/custom_interfaces/msg/detail/str_num__type_support.cpp
[1.783s] -- Up-to-date: /home/maksim/ros2_ws/install/custom_interfaces/include/custom_interfaces/msg/detail/str_num__rosidl_typesupport_introspection_cpp.hpp
[1.783s] -- Up-to-date: /home/maksim/ros2_ws/install/custom_interfaces/lib/libcustom_interfaces__rosidl_typesupport_introspection_cpp.so
[1.784s] -- Up-to-date: /home/maksim/ros2_ws/install/custom_interfaces/lib/libcustom_interfaces__rosidl_typesupport_cpp.so
[1.784s] -- Up-to-date: /home/maksim/ros2_ws/install/custom_interfaces/share/custom_interfaces/environment/pythonpath.sh
[1.784s] -- Up-to-date: /home/maksim/ros2_ws/install/custom_interfaces/share/custom_interfaces/environment/pythonpath.dsv
[1.785s] -- Up-to-date: /home/maksim/ros2_ws/install/custom_interfaces/lib/python3.8/site-packages/custom_interfaces/__init__.py
[1.933s] -- Up-to-date: /home/maksim/ros2_ws/install/custom_interfaces/lib/python3.8/site-packages/custom_interfaces/msg
[1.934s] -- Up-to-date: /home/maksim/ros2_ws/install/custom_interfaces/lib/python3.8/site-packages/custom_interfaces/msg/_str_num_s.c
[1.935s] -- Up-to-date: /home/maksim/ros2_ws/install/custom_interfaces/lib/python3.8/site-packages/custom_interfaces/msg/_str_num.py
[1.935s] -- Up-to-date: /home/maksim/ros2_ws/install/custom_interfaces/lib/python3.8/site-packages/custom_interfaces/msg/__init__.py
[1.936s] -- Up-to-date: /home/maksim/ros2_ws/install/custom_interfaces/lib/python3.8/site-packages/custom_interfaces/srv
[1.936s] -- Up-to-date: /home/maksim/ros2_ws/install/custom_interfaces/lib/python3.8/site-packages/custom_interfaces/srv/_add_three_ints.py
[1.937s] -- Up-to-date: /home/maksim/ros2_ws/install/custom_interfaces/lib/python3.8/site-packages/custom_interfaces/srv/__init__.py
[1.937s] -- Up-to-date: /home/maksim/ros2_ws/install/custom_interfaces/lib/python3.8/site-packages/custom_interfaces/srv/_add_three_ints_s.c
[1.937s] -- Up-to-date: /home/maksim/ros2_ws/install/custom_interfaces/lib/python3.8/site-packages/custom_interfaces/custom_interfaces_s__rosidl_typesupport_fastrtps_c.cpython-38-x86_64-linux-gnu.so
[1.939s] -- Up-to-date: /home/maksim/ros2_ws/install/custom_interfaces/lib/python3.8/site-packages/custom_interfaces/custom_interfaces_s__rosidl_typesupport_introspection_c.cpython-38-x86_64-linux-gnu.so
[1.942s] -- Up-to-date: /home/maksim/ros2_ws/install/custom_interfaces/lib/python3.8/site-packages/custom_interfaces/custom_interfaces_s__rosidl_typesupport_c.cpython-38-x86_64-linux-gnu.so
[1.944s] -- Up-to-date: /home/maksim/ros2_ws/install/custom_interfaces/lib/libcustom_interfaces__python.so
[1.946s] -- Up-to-date: /home/maksim/ros2_ws/install/custom_interfaces/share/custom_interfaces/msg/StrNum.idl
[1.946s] -- Up-to-date: /home/maksim/ros2_ws/install/custom_interfaces/share/custom_interfaces/srv/AddThreeInts.idl
[1.947s] -- Up-to-date: /home/maksim/ros2_ws/install/custom_interfaces/share/custom_interfaces/msg/StrNum.msg
[1.948s] -- Up-to-date: /home/maksim/ros2_ws/install/custom_interfaces/share/custom_interfaces/srv/AddThreeInts.srv
[1.949s] -- Up-to-date: /home/maksim/ros2_ws/install/custom_interfaces/share/custom_interfaces/srv/AddThreeInts_Request.msg
[1.950s] -- Up-to-date: /home/maksim/ros2_ws/install/custom_interfaces/share/custom_interfaces/srv/AddThreeInts_Response.msg
[1.951s] -- Up-to-date: /home/maksim/ros2_ws/install/custom_interfaces/share/ament_index/resource_index/package_run_dependencies/custom_interfaces
[1.952s] -- Up-to-date: /home/maksim/ros2_ws/install/custom_interfaces/share/ament_index/resource_index/parent_prefix_path/custom_interfaces
[1.953s] -- Up-to-date: /home/maksim/ros2_ws/install/custom_interfaces/share/custom_interfaces/environment/ament_prefix_path.sh
[1.953s] -- Up-to-date: /home/maksim/ros2_ws/install/custom_interfaces/share/custom_interfaces/environment/ament_prefix_path.dsv
[1.954s] -- Up-to-date: /home/maksim/ros2_ws/install/custom_interfaces/share/custom_interfaces/environment/path.sh
[1.954s] -- Up-to-date: /home/maksim/ros2_ws/install/custom_interfaces/share/custom_interfaces/environment/path.dsv
[1.954s] -- Up-to-date: /home/maksim/ros2_ws/install/custom_interfaces/share/custom_interfaces/local_setup.bash
[1.955s] -- Up-to-date: /home/maksim/ros2_ws/install/custom_interfaces/share/custom_interfaces/local_setup.sh
[1.955s] -- Up-to-date: /home/maksim/ros2_ws/install/custom_interfaces/share/custom_interfaces/local_setup.zsh
[1.955s] -- Up-to-date: /home/maksim/ros2_ws/install/custom_interfaces/share/custom_interfaces/local_setup.dsv
[1.956s] -- Installing: /home/maksim/ros2_ws/install/custom_interfaces/share/custom_interfaces/package.dsv
[1.956s] -- Up-to-date: /home/maksim/ros2_ws/install/custom_interfaces/share/ament_index/resource_index/packages/custom_interfaces
[1.956s] -- Up-to-date: /home/maksim/ros2_ws/install/custom_interfaces/share/custom_interfaces/cmake/custom_interfaces__rosidl_generator_cExport.cmake
[1.957s] -- Up-to-date: /home/maksim/ros2_ws/install/custom_interfaces/share/custom_interfaces/cmake/custom_interfaces__rosidl_generator_cExport-noconfig.cmake
[1.962s] -- Up-to-date: /home/maksim/ros2_ws/install/custom_interfaces/share/custom_interfaces/cmake/custom_interfaces__rosidl_typesupport_introspection_cExport.cmake
[1.962s] -- Up-to-date: /home/maksim/ros2_ws/install/custom_interfaces/share/custom_interfaces/cmake/custom_interfaces__rosidl_typesupport_introspection_cExport-noconfig.cmake
[1.964s] -- Up-to-date: /home/maksim/ros2_ws/install/custom_interfaces/share/custom_interfaces/cmake/custom_interfaces__rosidl_typesupport_cExport.cmake
[1.965s] -- Up-to-date: /home/maksim/ros2_ws/install/custom_interfaces/share/custom_interfaces/cmake/custom_interfaces__rosidl_typesupport_cExport-noconfig.cmake
[1.965s] -- Up-to-date: /home/maksim/ros2_ws/install/custom_interfaces/share/custom_interfaces/cmake/custom_interfaces__rosidl_generator_cppExport.cmake
[1.967s] -- Up-to-date: /home/maksim/ros2_ws/install/custom_interfaces/share/custom_interfaces/cmake/custom_interfaces__rosidl_typesupport_introspection_cppExport.cmake
[1.967s] -- Up-to-date: /home/maksim/ros2_ws/install/custom_interfaces/share/custom_interfaces/cmake/custom_interfaces__rosidl_typesupport_introspection_cppExport-noconfig.cmake
[1.969s] -- Up-to-date: /home/maksim/ros2_ws/install/custom_interfaces/share/custom_interfaces/cmake/custom_interfaces__rosidl_typesupport_cppExport.cmake
[1.972s] -- Up-to-date: /home/maksim/ros2_ws/install/custom_interfaces/share/custom_interfaces/cmake/custom_interfaces__rosidl_typesupport_cppExport-noconfig.cmake
[1.977s] -- Up-to-date: /home/maksim/ros2_ws/install/custom_interfaces/share/custom_interfaces/cmake/rosidl_cmake-extras.cmake
[1.977s] -- Up-to-date: /home/maksim/ros2_ws/install/custom_interfaces/share/custom_interfaces/cmake/ament_cmake_export_dependencies-extras.cmake
[1.979s] -- Up-to-date: /home/maksim/ros2_ws/install/custom_interfaces/share/custom_interfaces/cmake/ament_cmake_export_libraries-extras.cmake
[1.985s] -- Up-to-date: /home/maksim/ros2_ws/install/custom_interfaces/share/custom_interfaces/cmake/ament_cmake_export_targets-extras.cmake
[1.986s] -- Up-to-date: /home/maksim/ros2_ws/install/custom_interfaces/share/custom_interfaces/cmake/ament_cmake_export_include_directories-extras.cmake
[1.986s] -- Up-to-date: /home/maksim/ros2_ws/install/custom_interfaces/share/custom_interfaces/cmake/rosidl_cmake_export_typesupport_libraries-extras.cmake
[1.987s] -- Up-to-date: /home/maksim/ros2_ws/install/custom_interfaces/share/custom_interfaces/cmake/rosidl_cmake_export_typesupport_targets-extras.cmake
[1.987s] -- Up-to-date: /home/maksim/ros2_ws/install/custom_interfaces/share/custom_interfaces/cmake/custom_interfacesConfig.cmake
[1.988s] -- Up-to-date: /home/maksim/ros2_ws/install/custom_interfaces/share/custom_interfaces/cmake/custom_interfacesConfig-version.cmake
[1.988s] -- Up-to-date: /home/maksim/ros2_ws/install/custom_interfaces/share/custom_interfaces/package.xml
[1.989s] Invoked command in '/home/maksim/ros2_ws/build/custom_interfaces' returned '0': CMAKE_PREFIX_PATH=/home/maksim/ros2_ws/install/cpp_pubsub:/home/maksim/ros2_ws/install/custom_interfaces:/home/maksim/ros2_ws/install/py_pubsub:/opt/ros/foxy:/home/maksim/timer_ws/devel:/home/maksim/catkin_ws/devel:/opt/ros/noetic /usr/bin/cmake --install /home/maksim/ros2_ws/build/custom_interfaces
