[0.079s] Invoking command in '/home/maksim/ros2_ws/build/custom_interfaces': CMAKE_PREFIX_PATH=/home/maksim/ros2_ws/install/cpp_pubsub:/home/maksim/ros2_ws/install/custom_interfaces:/home/maksim/ros2_ws/install/py_pubsub:/opt/ros/foxy:/home/maksim/timer_ws/devel:/home/maksim/catkin_ws/devel:/opt/ros/noetic /usr/bin/cmake --build /home/maksim/ros2_ws/build/custom_interfaces -- -j4 -l4
[0.315s] [ 10%] Built target custom_interfaces__rosidl_generator_c
[0.318s] [ 12%] Built target custom_interfaces__cpp
[0.408s] [ 23%] Built target custom_interfaces__rosidl_typesupport_introspection_c
[0.413s] [ 33%] Built target custom_interfaces__rosidl_typesupport_introspection_cpp
[0.419s] [ 43%] Built target custom_interfaces__rosidl_typesupport_c
[0.424s] [ 53%] Built target custom_interfaces__rosidl_typesupport_cpp
[0.523s] [ 64%] Built target custom_interfaces__rosidl_typesupport_fastrtps_cpp
[0.656s] [ 74%] Built target custom_interfaces__rosidl_typesupport_fastrtps_c
[0.755s] [ 74%] Built target custom_interfaces
[0.854s] [ 76%] Built target custom_interfaces__py
[0.987s] [ 84%] Built target custom_interfaces__python
[1.093s] [ 89%] Built target custom_interfaces__rosidl_typesupport_fastrtps_c__pyext
[1.095s] [ 94%] Built target custom_interfaces__rosidl_typesupport_c__pyext
[1.096s] [100%] Built target custom_interfaces__rosidl_typesupport_introspection_c__pyext
[1.154s] Invoked command in '/home/maksim/ros2_ws/build/custom_interfaces' returned '0': CMAKE_PREFIX_PATH=/home/maksim/ros2_ws/install/cpp_pubsub:/home/maksim/ros2_ws/install/custom_interfaces:/home/maksim/ros2_ws/install/py_pubsub:/opt/ros/foxy:/home/maksim/timer_ws/devel:/home/maksim/catkin_ws/devel:/opt/ros/noetic /usr/bin/cmake --build /home/maksim/ros2_ws/build/custom_interfaces -- -j4 -l4
[1.601s] Invoking command in '/home/maksim/ros2_ws/build/custom_interfaces': CMAKE_PREFIX_PATH=/home/maksim/ros2_ws/install/cpp_pubsub:/home/maksim/ros2_ws/install/custom_interfaces:/home/maksim/ros2_ws/install/py_pubsub:/opt/ros/foxy:/home/maksim/timer_ws/devel:/home/maksim/catkin_ws/devel:/opt/ros/noetic /usr/bin/cmake --install /home/maksim/ros2_ws/build/custom_interfaces
[1.636s] -- Install configuration: ""
[1.637s] -- Up-to-date: /home/maksim/ros2_ws/install/custom_interfaces/share/ament_index/resource_index/rosidl_interfaces/custom_interfaces
[1.639s] -- Up-to-date: /home/maksim/ros2_ws/install/custom_interfaces/include/custom_interfaces
[1.641s] -- Up-to-date: /home/maksim/ros2_ws/install/custom_interfaces/include/custom_interfaces/srv
[1.641s] -- Up-to-date: /home/maksim/ros2_ws/install/custom_interfaces/include/custom_interfaces/srv/add_three_ints.h
[1.642s] -- Up-to-date: /home/maksim/ros2_ws/install/custom_interfaces/include/custom_interfaces/srv/detail
[1.643s] -- Up-to-date: /home/maksim/ros2_ws/install/custom_interfaces/include/custom_interfaces/srv/detail/add_three_ints__struct.h
[1.643s] -- Up-to-date: /home/maksim/ros2_ws/install/custom_interfaces/include/custom_interfaces/srv/detail/add_three_ints__functions.h
[1.644s] -- Up-to-date: /home/maksim/ros2_ws/install/custom_interfaces/include/custom_interfaces/srv/detail/add_three_ints__functions.c
[1.644s] -- Up-to-date: /home/maksim/ros2_ws/install/custom_interfaces/include/custom_interfaces/srv/detail/add_three_ints__type_support.h
[1.644s] -- Up-to-date: /home/maksim/ros2_ws/install/custom_interfaces/include/custom_interfaces/msg
[1.645s] -- Up-to-date: /home/maksim/ros2_ws/install/custom_interfaces/include/custom_interfaces/msg/rosidl_generator_c__visibility_control.h
[1.645s] -- Up-to-date: /home/maksim/ros2_ws/install/custom_interfaces/include/custom_interfaces/msg/str_num.h
[1.645s] -- Up-to-date: /home/maksim/ros2_ws/install/custom_interfaces/include/custom_interfaces/msg/detail
[1.646s] -- Up-to-date: /home/maksim/ros2_ws/install/custom_interfaces/include/custom_interfaces/msg/detail/str_num__type_support.h
[1.646s] -- Up-to-date: /home/maksim/ros2_ws/install/custom_interfaces/include/custom_interfaces/msg/detail/str_num__functions.h
[1.647s] -- Up-to-date: /home/maksim/ros2_ws/install/custom_interfaces/include/custom_interfaces/msg/detail/str_num__functions.c
[1.647s] -- Up-to-date: /home/maksim/ros2_ws/install/custom_interfaces/include/custom_interfaces/msg/detail/str_num__struct.h
[1.648s] -- Up-to-date: /home/maksim/ros2_ws/install/custom_interfaces/share/custom_interfaces/environment/library_path.sh
[1.649s] -- Up-to-date: /home/maksim/ros2_ws/install/custom_interfaces/share/custom_interfaces/environment/library_path.dsv
[1.649s] -- Up-to-date: /home/maksim/ros2_ws/install/custom_interfaces/lib/libcustom_interfaces__rosidl_generator_c.so
[1.650s] -- Up-to-date: /home/maksim/ros2_ws/install/custom_interfaces/include/custom_interfaces
[1.650s] -- Up-to-date: /home/maksim/ros2_ws/install/custom_interfaces/include/custom_interfaces/srv
[1.650s] -- Up-to-date: /home/maksim/ros2_ws/install/custom_interfaces/include/custom_interfaces/srv/detail
[1.651s] -- Up-to-date: /home/maksim/ros2_ws/install/custom_interfaces/include/custom_interfaces/srv/detail/add_three_ints__rosidl_typesupport_fastrtps_c.h
[1.651s] -- Up-to-date: /home/maksim/ros2_ws/install/custom_interfaces/include/custom_interfaces/msg
[1.652s] -- Up-to-date: /home/maksim/ros2_ws/install/custom_interfaces/include/custom_interfaces/msg/rosidl_typesupport_fastrtps_c__visibility_control.h
[1.652s] -- Up-to-date: /home/maksim/ros2_ws/install/custom_interfaces/include/custom_interfaces/msg/detail
[1.652s] -- Up-to-date: /home/maksim/ros2_ws/install/custom_interfaces/include/custom_interfaces/msg/detail/str_num__rosidl_typesupport_fastrtps_c.h
[1.653s] -- Up-to-date: /home/maksim/ros2_ws/install/custom_interfaces/lib/libcustom_interfaces__rosidl_typesupport_fastrtps_c.so
[1.653s] -- Up-to-date: /home/maksim/ros2_ws/install/custom_interfaces/include/custom_interfaces
[1.654s] -- Up-to-date: /home/maksim/ros2_ws/install/custom_interfaces/include/custom_interfaces/srv
[1.654s] -- Up-to-date: /home/maksim/ros2_ws/install/custom_interfaces/include/custom_interfaces/srv/detail
[1.655s] -- Up-to-date: /home/maksim/ros2_ws/install/custom_interfaces/include/custom_interfaces/srv/detail/dds_fastrtps
[1.655s] -- Up-to-date: /home/maksim/ros2_ws/install/custom_interfaces/include/custom_interfaces/srv/detail/add_three_ints__rosidl_typesupport_fastrtps_cpp.hpp
[1.655s] -- Up-to-date: /home/maksim/ros2_ws/install/custom_interfaces/include/custom_interfaces/msg
[1.656s] -- Up-to-date: /home/maksim/ros2_ws/install/custom_interfaces/include/custom_interfaces/msg/rosidl_typesupport_fastrtps_cpp__visibility_control.h
[1.656s] -- Up-to-date: /home/maksim/ros2_ws/install/custom_interfaces/include/custom_interfaces/msg/detail
[1.657s] -- Up-to-date: /home/maksim/ros2_ws/install/custom_interfaces/include/custom_interfaces/msg/detail/dds_fastrtps
[1.657s] -- Up-to-date: /home/maksim/ros2_ws/install/custom_interfaces/include/custom_interfaces/msg/detail/str_num__rosidl_typesupport_fastrtps_cpp.hpp
[1.657s] -- Up-to-date: /home/maksim/ros2_ws/install/custom_interfaces/lib/libcustom_interfaces__rosidl_typesupport_fastrtps_cpp.so
[1.658s] -- Up-to-date: /home/maksim/ros2_ws/install/custom_interfaces/include/custom_interfaces
[1.658s] -- Up-to-date: /home/maksim/ros2_ws/install/custom_interfaces/include/custom_interfaces/srv
[1.658s] -- Up-to-date: /home/maksim/ros2_ws/install/custom_interfaces/include/custom_interfaces/srv/detail
[1.659s] -- Up-to-date: /home/maksim/ros2_ws/install/custom_interfaces/include/custom_interfaces/srv/detail/add_three_ints__type_support.c
[1.659s] -- Up-to-date: /home/maksim/ros2_ws/install/custom_interfaces/include/custom_interfaces/srv/detail/add_three_ints__rosidl_typesupport_introspection_c.h
[1.659s] -- Up-to-date: /home/maksim/ros2_ws/install/custom_interfaces/include/custom_interfaces/msg
[1.660s] -- Up-to-date: /home/maksim/ros2_ws/install/custom_interfaces/include/custom_interfaces/msg/rosidl_typesupport_introspection_c__visibility_control.h
[1.660s] -- Up-to-date: /home/maksim/ros2_ws/install/custom_interfaces/include/custom_interfaces/msg/detail
[1.660s] -- Up-to-date: /home/maksim/ros2_ws/install/custom_interfaces/include/custom_interfaces/msg/detail/str_num__rosidl_typesupport_introspection_c.h
[1.661s] -- Up-to-date: /home/maksim/ros2_ws/install/custom_interfaces/include/custom_interfaces/msg/detail/str_num__type_support.c
[1.661s] -- Up-to-date: /home/maksim/ros2_ws/install/custom_interfaces/lib/libcustom_interfaces__rosidl_typesupport_introspection_c.so
[1.661s] -- Up-to-date: /home/maksim/ros2_ws/install/custom_interfaces/lib/libcustom_interfaces__rosidl_typesupport_c.so
[1.662s] -- Up-to-date: /home/maksim/ros2_ws/install/custom_interfaces/include/custom_interfaces
[1.662s] -- Up-to-date: /home/maksim/ros2_ws/install/custom_interfaces/include/custom_interfaces/srv
[1.662s] -- Up-to-date: /home/maksim/ros2_ws/install/custom_interfaces/include/custom_interfaces/srv/add_three_ints.hpp
[1.662s] -- Up-to-date: /home/maksim/ros2_ws/install/custom_interfaces/include/custom_interfaces/srv/detail
[1.663s] -- Up-to-date: /home/maksim/ros2_ws/install/custom_interfaces/include/custom_interfaces/srv/detail/add_three_ints__struct.hpp
[1.663s] -- Up-to-date: /home/maksim/ros2_ws/install/custom_interfaces/include/custom_interfaces/srv/detail/add_three_ints__traits.hpp
[1.663s] -- Up-to-date: /home/maksim/ros2_ws/install/custom_interfaces/include/custom_interfaces/srv/detail/add_three_ints__builder.hpp
[1.664s] -- Up-to-date: /home/maksim/ros2_ws/install/custom_interfaces/include/custom_interfaces/msg
[1.664s] -- Up-to-date: /home/maksim/ros2_ws/install/custom_interfaces/include/custom_interfaces/msg/str_num.hpp
[1.664s] -- Up-to-date: /home/maksim/ros2_ws/install/custom_interfaces/include/custom_interfaces/msg/detail
[1.665s] -- Up-to-date: /home/maksim/ros2_ws/install/custom_interfaces/include/custom_interfaces/msg/detail/str_num__struct.hpp
[1.665s] -- Up-to-date: /home/maksim/ros2_ws/install/custom_interfaces/include/custom_interfaces/msg/detail/str_num__builder.hpp
[1.665s] -- Up-to-date: /home/maksim/ros2_ws/install/custom_interfaces/include/custom_interfaces/msg/detail/str_num__traits.hpp
[1.665s] -- Up-to-date: /home/maksim/ros2_ws/install/custom_interfaces/include/custom_interfaces
[1.666s] -- Up-to-date: /home/maksim/ros2_ws/install/custom_interfaces/include/custom_interfaces/srv
[1.666s] -- Up-to-date: /home/maksim/ros2_ws/install/custom_interfaces/include/custom_interfaces/srv/detail
[1.666s] -- Up-to-date: /home/maksim/ros2_ws/install/custom_interfaces/include/custom_interfaces/srv/detail/add_three_ints__type_support.cpp
[1.667s] -- Up-to-date: /home/maksim/ros2_ws/install/custom_interfaces/include/custom_interfaces/srv/detail/add_three_ints__rosidl_typesupport_introspection_cpp.hpp
[1.667s] -- Up-to-date: /home/maksim/ros2_ws/install/custom_interfaces/include/custom_interfaces/msg
[1.667s] -- Up-to-date: /home/maksim/ros2_ws/install/custom_interfaces/include/custom_interfaces/msg/detail
[1.668s] -- Up-to-date: /home/maksim/ros2_ws/install/custom_interfaces/include/custom_interfaces/msg/detail/str_num__type_support.cpp
[1.668s] -- Up-to-date: /home/maksim/ros2_ws/install/custom_interfaces/include/custom_interfaces/msg/detail/str_num__rosidl_typesupport_introspection_cpp.hpp
[1.668s] -- Up-to-date: /home/maksim/ros2_ws/install/custom_interfaces/lib/libcustom_interfaces__rosidl_typesupport_introspection_cpp.so
[1.669s] -- Up-to-date: /home/maksim/ros2_ws/install/custom_interfaces/lib/libcustom_interfaces__rosidl_typesupport_cpp.so
[1.669s] -- Up-to-date: /home/maksim/ros2_ws/install/custom_interfaces/share/custom_interfaces/environment/pythonpath.sh
[1.669s] -- Up-to-date: /home/maksim/ros2_ws/install/custom_interfaces/share/custom_interfaces/environment/pythonpath.dsv
[1.669s] -- Up-to-date: /home/maksim/ros2_ws/install/custom_interfaces/lib/python3.8/site-packages/custom_interfaces/__init__.py
[1.782s] -- Up-to-date: /home/maksim/ros2_ws/install/custom_interfaces/lib/python3.8/site-packages/custom_interfaces/msg
[1.785s] -- Up-to-date: /home/maksim/ros2_ws/install/custom_interfaces/lib/python3.8/site-packages/custom_interfaces/msg/_str_num_s.c
[1.786s] -- Up-to-date: /home/maksim/ros2_ws/install/custom_interfaces/lib/python3.8/site-packages/custom_interfaces/msg/_str_num.py
[1.788s] -- Up-to-date: /home/maksim/ros2_ws/install/custom_interfaces/lib/python3.8/site-packages/custom_interfaces/msg/__init__.py
[1.789s] -- Up-to-date: /home/maksim/ros2_ws/install/custom_interfaces/lib/python3.8/site-packages/custom_interfaces/srv
[1.791s] -- Up-to-date: /home/maksim/ros2_ws/install/custom_interfaces/lib/python3.8/site-packages/custom_interfaces/srv/_add_three_ints.py
[1.792s] -- Up-to-date: /home/maksim/ros2_ws/install/custom_interfaces/lib/python3.8/site-packages/custom_interfaces/srv/__init__.py
[1.792s] -- Up-to-date: /home/maksim/ros2_ws/install/custom_interfaces/lib/python3.8/site-packages/custom_interfaces/srv/_add_three_ints_s.c
[1.792s] -- Up-to-date: /home/maksim/ros2_ws/install/custom_interfaces/lib/python3.8/site-packages/custom_interfaces/custom_interfaces_s__rosidl_typesupport_fastrtps_c.cpython-38-x86_64-linux-gnu.so
[1.793s] -- Up-to-date: /home/maksim/ros2_ws/install/custom_interfaces/lib/python3.8/site-packages/custom_interfaces/custom_interfaces_s__rosidl_typesupport_introspection_c.cpython-38-x86_64-linux-gnu.so
[1.793s] -- Up-to-date: /home/maksim/ros2_ws/install/custom_interfaces/lib/python3.8/site-packages/custom_interfaces/custom_interfaces_s__rosidl_typesupport_c.cpython-38-x86_64-linux-gnu.so
[1.795s] -- Up-to-date: /home/maksim/ros2_ws/install/custom_interfaces/lib/libcustom_interfaces__python.so
[1.796s] -- Up-to-date: /home/maksim/ros2_ws/install/custom_interfaces/share/custom_interfaces/msg/StrNum.idl
[1.797s] -- Up-to-date: /home/maksim/ros2_ws/install/custom_interfaces/share/custom_interfaces/srv/AddThreeInts.idl
[1.798s] -- Up-to-date: /home/maksim/ros2_ws/install/custom_interfaces/share/custom_interfaces/msg/StrNum.msg
[1.799s] -- Up-to-date: /home/maksim/ros2_ws/install/custom_interfaces/share/custom_interfaces/srv/AddThreeInts.srv
[1.800s] -- Up-to-date: /home/maksim/ros2_ws/install/custom_interfaces/share/custom_interfaces/srv/AddThreeInts_Request.msg
[1.800s] -- Up-to-date: /home/maksim/ros2_ws/install/custom_interfaces/share/custom_interfaces/srv/AddThreeInts_Response.msg
[1.801s] -- Up-to-date: /home/maksim/ros2_ws/install/custom_interfaces/share/ament_index/resource_index/package_run_dependencies/custom_interfaces
[1.802s] -- Up-to-date: /home/maksim/ros2_ws/install/custom_interfaces/share/ament_index/resource_index/parent_prefix_path/custom_interfaces
[1.802s] -- Up-to-date: /home/maksim/ros2_ws/install/custom_interfaces/share/custom_interfaces/environment/ament_prefix_path.sh
[1.803s] -- Up-to-date: /home/maksim/ros2_ws/install/custom_interfaces/share/custom_interfaces/environment/ament_prefix_path.dsv
[1.803s] -- Up-to-date: /home/maksim/ros2_ws/install/custom_interfaces/share/custom_interfaces/environment/path.sh
[1.804s] -- Up-to-date: /home/maksim/ros2_ws/install/custom_interfaces/share/custom_interfaces/environment/path.dsv
[1.805s] -- Up-to-date: /home/maksim/ros2_ws/install/custom_interfaces/share/custom_interfaces/local_setup.bash
[1.806s] -- Up-to-date: /home/maksim/ros2_ws/install/custom_interfaces/share/custom_interfaces/local_setup.sh
[1.806s] -- Up-to-date: /home/maksim/ros2_ws/install/custom_interfaces/share/custom_interfaces/local_setup.zsh
[1.807s] -- Up-to-date: /home/maksim/ros2_ws/install/custom_interfaces/share/custom_interfaces/local_setup.dsv
[1.807s] -- Installing: /home/maksim/ros2_ws/install/custom_interfaces/share/custom_interfaces/package.dsv
[1.808s] -- Up-to-date: /home/maksim/ros2_ws/install/custom_interfaces/share/ament_index/resource_index/packages/custom_interfaces
[1.808s] -- Up-to-date: /home/maksim/ros2_ws/install/custom_interfaces/share/custom_interfaces/cmake/custom_interfaces__rosidl_generator_cExport.cmake
[1.809s] -- Up-to-date: /home/maksim/ros2_ws/install/custom_interfaces/share/custom_interfaces/cmake/custom_interfaces__rosidl_generator_cExport-noconfig.cmake
[1.810s] -- Up-to-date: /home/maksim/ros2_ws/install/custom_interfaces/share/custom_interfaces/cmake/custom_interfaces__rosidl_typesupport_introspection_cExport.cmake
[1.810s] -- Up-to-date: /home/maksim/ros2_ws/install/custom_interfaces/share/custom_interfaces/cmake/custom_interfaces__rosidl_typesupport_introspection_cExport-noconfig.cmake
[1.811s] -- Up-to-date: /home/maksim/ros2_ws/install/custom_interfaces/share/custom_interfaces/cmake/custom_interfaces__rosidl_typesupport_cExport.cmake
[1.812s] -- Up-to-date: /home/maksim/ros2_ws/install/custom_interfaces/share/custom_interfaces/cmake/custom_interfaces__rosidl_typesupport_cExport-noconfig.cmake
[1.812s] -- Up-to-date: /home/maksim/ros2_ws/install/custom_interfaces/share/custom_interfaces/cmake/custom_interfaces__rosidl_generator_cppExport.cmake
[1.812s] -- Up-to-date: /home/maksim/ros2_ws/install/custom_interfaces/share/custom_interfaces/cmake/custom_interfaces__rosidl_typesupport_introspection_cppExport.cmake
[1.813s] -- Up-to-date: /home/maksim/ros2_ws/install/custom_interfaces/share/custom_interfaces/cmake/custom_interfaces__rosidl_typesupport_introspection_cppExport-noconfig.cmake
[1.813s] -- Up-to-date: /home/maksim/ros2_ws/install/custom_interfaces/share/custom_interfaces/cmake/custom_interfaces__rosidl_typesupport_cppExport.cmake
[1.814s] -- Up-to-date: /home/maksim/ros2_ws/install/custom_interfaces/share/custom_interfaces/cmake/custom_interfaces__rosidl_typesupport_cppExport-noconfig.cmake
[1.814s] -- Up-to-date: /home/maksim/ros2_ws/install/custom_interfaces/share/custom_interfaces/cmake/rosidl_cmake-extras.cmake
[1.814s] -- Up-to-date: /home/maksim/ros2_ws/install/custom_interfaces/share/custom_interfaces/cmake/ament_cmake_export_dependencies-extras.cmake
[1.815s] -- Up-to-date: /home/maksim/ros2_ws/install/custom_interfaces/share/custom_interfaces/cmake/ament_cmake_export_libraries-extras.cmake
[1.815s] -- Up-to-date: /home/maksim/ros2_ws/install/custom_interfaces/share/custom_interfaces/cmake/ament_cmake_export_targets-extras.cmake
[1.816s] -- Up-to-date: /home/maksim/ros2_ws/install/custom_interfaces/share/custom_interfaces/cmake/ament_cmake_export_include_directories-extras.cmake
[1.817s] -- Up-to-date: /home/maksim/ros2_ws/install/custom_interfaces/share/custom_interfaces/cmake/rosidl_cmake_export_typesupport_libraries-extras.cmake
[1.817s] -- Up-to-date: /home/maksim/ros2_ws/install/custom_interfaces/share/custom_interfaces/cmake/rosidl_cmake_export_typesupport_targets-extras.cmake
[1.818s] -- Up-to-date: /home/maksim/ros2_ws/install/custom_interfaces/share/custom_interfaces/cmake/custom_interfacesConfig.cmake
[1.818s] -- Up-to-date: /home/maksim/ros2_ws/install/custom_interfaces/share/custom_interfaces/cmake/custom_interfacesConfig-version.cmake
[1.819s] -- Up-to-date: /home/maksim/ros2_ws/install/custom_interfaces/share/custom_interfaces/package.xml
[1.833s] Invoked command in '/home/maksim/ros2_ws/build/custom_interfaces' returned '0': CMAKE_PREFIX_PATH=/home/maksim/ros2_ws/install/cpp_pubsub:/home/maksim/ros2_ws/install/custom_interfaces:/home/maksim/ros2_ws/install/py_pubsub:/opt/ros/foxy:/home/maksim/timer_ws/devel:/home/maksim/catkin_ws/devel:/opt/ros/noetic /usr/bin/cmake --install /home/maksim/ros2_ws/build/custom_interfaces
