[1.709s] DEBUG:colcon:Command line arguments: ['/usr/bin/colcon', 'build']
[1.709s] DEBUG:colcon:Parsed command line arguments: Namespace(ament_cmake_args=None, base_paths=['.'], build_base='build', catkin_cmake_args=None, catkin_skip_building_tests=False, cmake_args=None, cmake_clean_cache=False, cmake_clean_first=False, cmake_force_configure=False, cmake_target=None, cmake_target_skip_unavailable=False, continue_on_error=False, event_handlers=None, executor='parallel', ignore_user_meta=False, install_base='install', log_base=None, log_level=None, main=<bound method BuildVerb.main of <colcon_core.verb.build.BuildVerb object at 0x7f5ee5f79bb0>>, merge_install=False, metas=['./colcon.meta'], packages_above=None, packages_above_and_dependencies=None, packages_above_depth=None, packages_end=None, packages_ignore=None, packages_ignore_regex=None, packages_select=None, packages_select_build_failed=False, packages_select_by_dep=None, packages_select_regex=None, packages_select_test_failures=False, packages_skip=None, packages_skip_build_finished=False, packages_skip_by_dep=None, packages_skip_regex=None, packages_skip_test_passed=False, packages_skip_up_to=None, packages_start=None, packages_up_to=None, packages_up_to_regex=None, parallel_workers=4, paths=None, symlink_install=False, test_result_base=None, verb_extension=<colcon_core.verb.build.BuildVerb object at 0x7f5ee5f79bb0>, verb_name='build', verb_parser=<colcon_defaults.argument_parser.defaults.DefaultArgumentsDecorator object at 0x7f5ee5f84160>)
[1.778s] Level 1:colcon.colcon_core.package_discovery:discover_packages(colcon_meta) check parameters
[1.778s] Level 1:colcon.colcon_core.package_discovery:discover_packages(recursive) check parameters
[1.778s] Level 1:colcon.colcon_core.package_discovery:discover_packages(ignore) check parameters
[1.778s] Level 1:colcon.colcon_core.package_discovery:discover_packages(path) check parameters
[1.778s] Level 1:colcon.colcon_core.package_discovery:discover_packages(colcon_meta) discover
[1.779s] Level 1:colcon.colcon_core.package_discovery:discover_packages(recursive) discover
[1.779s] INFO:colcon.colcon_core.package_discovery:Crawling recursively for packages in '/home/maksim/ros2_ws'
[1.779s] Level 1:colcon.colcon_core.package_identification:_identify(.) by extensions ['ignore', 'ignore_ament_install']
[1.780s] Level 1:colcon.colcon_core.package_identification:_identify(.) by extension 'ignore'
[1.780s] Level 1:colcon.colcon_core.package_identification:_identify(.) by extension 'ignore_ament_install'
[1.781s] Level 1:colcon.colcon_core.package_identification:_identify(.) by extensions ['colcon_pkg']
[1.781s] Level 1:colcon.colcon_core.package_identification:_identify(.) by extension 'colcon_pkg'
[1.781s] Level 1:colcon.colcon_core.package_identification:_identify(.) by extensions ['colcon_meta']
[1.781s] Level 1:colcon.colcon_core.package_identification:_identify(.) by extension 'colcon_meta'
[1.781s] Level 1:colcon.colcon_core.package_identification:_identify(.) by extensions ['ros']
[1.781s] Level 1:colcon.colcon_core.package_identification:_identify(.) by extension 'ros'
[1.934s] Level 1:colcon.colcon_core.package_identification:_identify(.) by extensions ['cmake', 'python']
[1.934s] Level 1:colcon.colcon_core.package_identification:_identify(.) by extension 'cmake'
[1.934s] Level 1:colcon.colcon_core.package_identification:_identify(.) by extension 'python'
[1.934s] Level 1:colcon.colcon_core.package_identification:_identify(.) by extensions ['python_setup_py']
[1.935s] Level 1:colcon.colcon_core.package_identification:_identify(.) by extension 'python_setup_py'
[1.935s] Level 1:colcon.colcon_core.package_identification:_identify(build) by extensions ['ignore', 'ignore_ament_install']
[1.935s] Level 1:colcon.colcon_core.package_identification:_identify(build) by extension 'ignore'
[1.936s] Level 1:colcon.colcon_core.package_identification:_identify(build) ignored
[1.936s] Level 1:colcon.colcon_core.package_identification:_identify(install) by extensions ['ignore', 'ignore_ament_install']
[1.937s] Level 1:colcon.colcon_core.package_identification:_identify(install) by extension 'ignore'
[1.937s] Level 1:colcon.colcon_core.package_identification:_identify(install) ignored
[1.937s] Level 1:colcon.colcon_core.package_identification:_identify(log) by extensions ['ignore', 'ignore_ament_install']
[1.938s] Level 1:colcon.colcon_core.package_identification:_identify(log) by extension 'ignore'
[1.938s] Level 1:colcon.colcon_core.package_identification:_identify(log) ignored
[1.938s] Level 1:colcon.colcon_core.package_identification:_identify(src) by extensions ['ignore', 'ignore_ament_install']
[1.938s] Level 1:colcon.colcon_core.package_identification:_identify(src) by extension 'ignore'
[1.939s] Level 1:colcon.colcon_core.package_identification:_identify(src) by extension 'ignore_ament_install'
[1.939s] Level 1:colcon.colcon_core.package_identification:_identify(src) by extensions ['colcon_pkg']
[1.939s] Level 1:colcon.colcon_core.package_identification:_identify(src) by extension 'colcon_pkg'
[1.939s] Level 1:colcon.colcon_core.package_identification:_identify(src) by extensions ['colcon_meta']
[1.939s] Level 1:colcon.colcon_core.package_identification:_identify(src) by extension 'colcon_meta'
[1.939s] Level 1:colcon.colcon_core.package_identification:_identify(src) by extensions ['ros']
[1.940s] Level 1:colcon.colcon_core.package_identification:_identify(src) by extension 'ros'
[1.940s] Level 1:colcon.colcon_core.package_identification:_identify(src) by extensions ['cmake', 'python']
[1.940s] Level 1:colcon.colcon_core.package_identification:_identify(src) by extension 'cmake'
[1.940s] Level 1:colcon.colcon_core.package_identification:_identify(src) by extension 'python'
[1.940s] Level 1:colcon.colcon_core.package_identification:_identify(src) by extensions ['python_setup_py']
[1.941s] Level 1:colcon.colcon_core.package_identification:_identify(src) by extension 'python_setup_py'
[1.941s] Level 1:colcon.colcon_core.package_identification:_identify(src/cpp_pubsub) by extensions ['ignore', 'ignore_ament_install']
[1.941s] Level 1:colcon.colcon_core.package_identification:_identify(src/cpp_pubsub) by extension 'ignore'
[1.942s] Level 1:colcon.colcon_core.package_identification:_identify(src/cpp_pubsub) by extension 'ignore_ament_install'
[1.942s] Level 1:colcon.colcon_core.package_identification:_identify(src/cpp_pubsub) by extensions ['colcon_pkg']
[1.942s] Level 1:colcon.colcon_core.package_identification:_identify(src/cpp_pubsub) by extension 'colcon_pkg'
[1.942s] Level 1:colcon.colcon_core.package_identification:_identify(src/cpp_pubsub) by extensions ['colcon_meta']
[1.942s] Level 1:colcon.colcon_core.package_identification:_identify(src/cpp_pubsub) by extension 'colcon_meta'
[1.942s] Level 1:colcon.colcon_core.package_identification:_identify(src/cpp_pubsub) by extensions ['ros']
[1.943s] Level 1:colcon.colcon_core.package_identification:_identify(src/cpp_pubsub) by extension 'ros'
[1.979s] DEBUG:colcon.colcon_core.package_identification:Package 'src/cpp_pubsub' with type 'ros.ament_cmake' and name 'cpp_pubsub'
[1.981s] Level 1:colcon.colcon_core.package_identification:_identify(src/custom_interfaces) by extensions ['ignore', 'ignore_ament_install']
[1.982s] Level 1:colcon.colcon_core.package_identification:_identify(src/custom_interfaces) by extension 'ignore'
[1.983s] Level 1:colcon.colcon_core.package_identification:_identify(src/custom_interfaces) by extension 'ignore_ament_install'
[1.983s] Level 1:colcon.colcon_core.package_identification:_identify(src/custom_interfaces) by extensions ['colcon_pkg']
[1.983s] Level 1:colcon.colcon_core.package_identification:_identify(src/custom_interfaces) by extension 'colcon_pkg'
[1.983s] Level 1:colcon.colcon_core.package_identification:_identify(src/custom_interfaces) by extensions ['colcon_meta']
[1.983s] Level 1:colcon.colcon_core.package_identification:_identify(src/custom_interfaces) by extension 'colcon_meta'
[1.983s] Level 1:colcon.colcon_core.package_identification:_identify(src/custom_interfaces) by extensions ['ros']
[1.984s] Level 1:colcon.colcon_core.package_identification:_identify(src/custom_interfaces) by extension 'ros'
[1.985s] DEBUG:colcon.colcon_core.package_identification:Package 'src/custom_interfaces' with type 'ros.ament_cmake' and name 'custom_interfaces'
[1.986s] Level 1:colcon.colcon_core.package_identification:_identify(src/py_pubsub) by extensions ['ignore', 'ignore_ament_install']
[1.986s] Level 1:colcon.colcon_core.package_identification:_identify(src/py_pubsub) by extension 'ignore'
[1.987s] Level 1:colcon.colcon_core.package_identification:_identify(src/py_pubsub) by extension 'ignore_ament_install'
[1.987s] Level 1:colcon.colcon_core.package_identification:_identify(src/py_pubsub) by extensions ['colcon_pkg']
[1.987s] Level 1:colcon.colcon_core.package_identification:_identify(src/py_pubsub) by extension 'colcon_pkg'
[1.987s] Level 1:colcon.colcon_core.package_identification:_identify(src/py_pubsub) by extensions ['colcon_meta']
[1.987s] Level 1:colcon.colcon_core.package_identification:_identify(src/py_pubsub) by extension 'colcon_meta'
[1.987s] Level 1:colcon.colcon_core.package_identification:_identify(src/py_pubsub) by extensions ['ros']
[1.988s] Level 1:colcon.colcon_core.package_identification:_identify(src/py_pubsub) by extension 'ros'
[2.009s] DEBUG:colcon.colcon_core.package_identification:Package 'src/py_pubsub' with type 'ros.ament_python' and name 'py_pubsub'
[2.010s] Level 1:colcon.colcon_core.package_discovery:discover_packages(recursive) using defaults
[2.010s] Level 1:colcon.colcon_core.package_discovery:discover_packages(ignore) discover
[2.010s] Level 1:colcon.colcon_core.package_discovery:discover_packages(ignore) using defaults
[2.011s] Level 1:colcon.colcon_core.package_discovery:discover_packages(path) discover
[2.011s] Level 1:colcon.colcon_core.package_discovery:discover_packages(path) using defaults
[2.198s] Level 5:colcon.colcon_core.verb:set package 'custom_interfaces' build argument 'cmake_args' from command line to 'None'
[2.199s] Level 5:colcon.colcon_core.verb:set package 'custom_interfaces' build argument 'cmake_target' from command line to 'None'
[2.199s] Level 5:colcon.colcon_core.verb:set package 'custom_interfaces' build argument 'cmake_target_skip_unavailable' from command line to 'False'
[2.199s] Level 5:colcon.colcon_core.verb:set package 'custom_interfaces' build argument 'cmake_clean_cache' from command line to 'False'
[2.199s] Level 5:colcon.colcon_core.verb:set package 'custom_interfaces' build argument 'cmake_clean_first' from command line to 'False'
[2.199s] Level 5:colcon.colcon_core.verb:set package 'custom_interfaces' build argument 'cmake_force_configure' from command line to 'False'
[2.199s] Level 5:colcon.colcon_core.verb:set package 'custom_interfaces' build argument 'ament_cmake_args' from command line to 'None'
[2.199s] Level 5:colcon.colcon_core.verb:set package 'custom_interfaces' build argument 'catkin_cmake_args' from command line to 'None'
[2.199s] Level 5:colcon.colcon_core.verb:set package 'custom_interfaces' build argument 'catkin_skip_building_tests' from command line to 'False'
[2.200s] DEBUG:colcon.colcon_core.verb:Building package 'custom_interfaces' with the following arguments: {'ament_cmake_args': None, 'build_base': '/home/maksim/ros2_ws/build/custom_interfaces', 'catkin_cmake_args': None, 'catkin_skip_building_tests': False, 'cmake_args': None, 'cmake_clean_cache': False, 'cmake_clean_first': False, 'cmake_force_configure': False, 'cmake_target': None, 'cmake_target_skip_unavailable': False, 'install_base': '/home/maksim/ros2_ws/install/custom_interfaces', 'merge_install': False, 'path': '/home/maksim/ros2_ws/src/custom_interfaces', 'symlink_install': False, 'test_result_base': None}
[2.221s] Level 5:colcon.colcon_core.verb:set package 'cpp_pubsub' build argument 'cmake_args' from command line to 'None'
[2.221s] Level 5:colcon.colcon_core.verb:set package 'cpp_pubsub' build argument 'cmake_target' from command line to 'None'
[2.221s] Level 5:colcon.colcon_core.verb:set package 'cpp_pubsub' build argument 'cmake_target_skip_unavailable' from command line to 'False'
[2.221s] Level 5:colcon.colcon_core.verb:set package 'cpp_pubsub' build argument 'cmake_clean_cache' from command line to 'False'
[2.222s] Level 5:colcon.colcon_core.verb:set package 'cpp_pubsub' build argument 'cmake_clean_first' from command line to 'False'
[2.222s] Level 5:colcon.colcon_core.verb:set package 'cpp_pubsub' build argument 'cmake_force_configure' from command line to 'False'
[2.222s] Level 5:colcon.colcon_core.verb:set package 'cpp_pubsub' build argument 'ament_cmake_args' from command line to 'None'
[2.222s] Level 5:colcon.colcon_core.verb:set package 'cpp_pubsub' build argument 'catkin_cmake_args' from command line to 'None'
[2.222s] Level 5:colcon.colcon_core.verb:set package 'cpp_pubsub' build argument 'catkin_skip_building_tests' from command line to 'False'
[2.222s] DEBUG:colcon.colcon_core.verb:Building package 'cpp_pubsub' with the following arguments: {'ament_cmake_args': None, 'build_base': '/home/maksim/ros2_ws/build/cpp_pubsub', 'catkin_cmake_args': None, 'catkin_skip_building_tests': False, 'cmake_args': None, 'cmake_clean_cache': False, 'cmake_clean_first': False, 'cmake_force_configure': False, 'cmake_target': None, 'cmake_target_skip_unavailable': False, 'install_base': '/home/maksim/ros2_ws/install/cpp_pubsub', 'merge_install': False, 'path': '/home/maksim/ros2_ws/src/cpp_pubsub', 'symlink_install': False, 'test_result_base': None}
[2.234s] Level 5:colcon.colcon_core.verb:set package 'py_pubsub' build argument 'cmake_args' from command line to 'None'
[2.234s] Level 5:colcon.colcon_core.verb:set package 'py_pubsub' build argument 'cmake_target' from command line to 'None'
[2.234s] Level 5:colcon.colcon_core.verb:set package 'py_pubsub' build argument 'cmake_target_skip_unavailable' from command line to 'False'
[2.234s] Level 5:colcon.colcon_core.verb:set package 'py_pubsub' build argument 'cmake_clean_cache' from command line to 'False'
[2.235s] Level 5:colcon.colcon_core.verb:set package 'py_pubsub' build argument 'cmake_clean_first' from command line to 'False'
[2.235s] Level 5:colcon.colcon_core.verb:set package 'py_pubsub' build argument 'cmake_force_configure' from command line to 'False'
[2.235s] Level 5:colcon.colcon_core.verb:set package 'py_pubsub' build argument 'ament_cmake_args' from command line to 'None'
[2.235s] Level 5:colcon.colcon_core.verb:set package 'py_pubsub' build argument 'catkin_cmake_args' from command line to 'None'
[2.235s] Level 5:colcon.colcon_core.verb:set package 'py_pubsub' build argument 'catkin_skip_building_tests' from command line to 'False'
[2.235s] DEBUG:colcon.colcon_core.verb:Building package 'py_pubsub' with the following arguments: {'ament_cmake_args': None, 'build_base': '/home/maksim/ros2_ws/build/py_pubsub', 'catkin_cmake_args': None, 'catkin_skip_building_tests': False, 'cmake_args': None, 'cmake_clean_cache': False, 'cmake_clean_first': False, 'cmake_force_configure': False, 'cmake_target': None, 'cmake_target_skip_unavailable': False, 'install_base': '/home/maksim/ros2_ws/install/py_pubsub', 'merge_install': False, 'path': '/home/maksim/ros2_ws/src/py_pubsub', 'symlink_install': False, 'test_result_base': None}
[2.237s] INFO:colcon.colcon_core.executor:Executing jobs using 'parallel' executor
[2.246s] DEBUG:colcon.colcon_parallel_executor.executor.parallel:run_until_complete
[2.246s] INFO:colcon.colcon_ros.task.ament_cmake.build:Building ROS package in '/home/maksim/ros2_ws/src/custom_interfaces' with build type 'ament_cmake'
[2.248s] INFO:colcon.colcon_cmake.task.cmake.build:Building CMake package in '/home/maksim/ros2_ws/src/custom_interfaces'
[2.291s] INFO:colcon.colcon_core.plugin_system:Skipping extension 'colcon_core.shell.bat': Not used on non-Windows systems
[2.292s] INFO:colcon.colcon_core.shell:Skip shell extension 'powershell' for command environment: Not usable outside of PowerShell
[2.293s] DEBUG:colcon.colcon_core.shell:Skip shell extension 'dsv' for command environment
[2.341s] DEBUG:colcon.colcon_core.shell:Ignoring prefix path '/opt/ros/foxy'
[2.341s] DEBUG:colcon.colcon_core.shell:Ignoring prefix path '/home/maksim/timer_ws/devel'
[2.341s] DEBUG:colcon.colcon_core.shell:Ignoring prefix path '/home/maksim/catkin_ws/devel'
[2.342s] DEBUG:colcon.colcon_core.shell:Ignoring prefix path '/opt/ros/noetic'
[2.424s] DEBUG:colcon.colcon_core.event_handler.log_command:Invoking command in '/home/maksim/ros2_ws/build/custom_interfaces': CMAKE_PREFIX_PATH=/home/maksim/ros2_ws/install/cpp_pubsub:/home/maksim/ros2_ws/install/custom_interfaces:/home/maksim/ros2_ws/install/py_pubsub:/opt/ros/foxy:/home/maksim/timer_ws/devel:/home/maksim/catkin_ws/devel:/opt/ros/noetic /usr/bin/cmake --build /home/maksim/ros2_ws/build/custom_interfaces -- -j4 -l4
[3.504s] DEBUG:colcon.colcon_core.event_handler.log_command:Invoked command in '/home/maksim/ros2_ws/build/custom_interfaces' returned '0': CMAKE_PREFIX_PATH=/home/maksim/ros2_ws/install/cpp_pubsub:/home/maksim/ros2_ws/install/custom_interfaces:/home/maksim/ros2_ws/install/py_pubsub:/opt/ros/foxy:/home/maksim/timer_ws/devel:/home/maksim/catkin_ws/devel:/opt/ros/noetic /usr/bin/cmake --build /home/maksim/ros2_ws/build/custom_interfaces -- -j4 -l4
[3.964s] DEBUG:colcon.colcon_core.event_handler.log_command:Invoking command in '/home/maksim/ros2_ws/build/custom_interfaces': CMAKE_PREFIX_PATH=/home/maksim/ros2_ws/install/cpp_pubsub:/home/maksim/ros2_ws/install/custom_interfaces:/home/maksim/ros2_ws/install/py_pubsub:/opt/ros/foxy:/home/maksim/timer_ws/devel:/home/maksim/catkin_ws/devel:/opt/ros/noetic /usr/bin/cmake --install /home/maksim/ros2_ws/build/custom_interfaces
[4.233s] Level 1:colcon.colcon_core.environment:create_environment_scripts_only(custom_interfaces)
[4.244s] DEBUG:colcon.colcon_core.event_handler.log_command:Invoked command in '/home/maksim/ros2_ws/build/custom_interfaces' returned '0': CMAKE_PREFIX_PATH=/home/maksim/ros2_ws/install/cpp_pubsub:/home/maksim/ros2_ws/install/custom_interfaces:/home/maksim/ros2_ws/install/py_pubsub:/opt/ros/foxy:/home/maksim/timer_ws/devel:/home/maksim/catkin_ws/devel:/opt/ros/noetic /usr/bin/cmake --install /home/maksim/ros2_ws/build/custom_interfaces
[4.292s] Level 1:colcon.colcon_core.environment:checking '/home/maksim/ros2_ws/install/custom_interfaces' for CMake module files
[4.295s] Level 1:colcon.colcon_core.environment:checking '/home/maksim/ros2_ws/install/custom_interfaces' for CMake config files
[4.297s] Level 1:colcon.colcon_core.shell:create_environment_hook('custom_interfaces', 'cmake_prefix_path')
[4.300s] INFO:colcon.colcon_core.shell:Creating environment hook '/home/maksim/ros2_ws/install/custom_interfaces/share/custom_interfaces/hook/cmake_prefix_path.ps1'
[4.303s] INFO:colcon.colcon_core.shell:Creating environment descriptor '/home/maksim/ros2_ws/install/custom_interfaces/share/custom_interfaces/hook/cmake_prefix_path.dsv'
[4.306s] INFO:colcon.colcon_core.shell:Creating environment hook '/home/maksim/ros2_ws/install/custom_interfaces/share/custom_interfaces/hook/cmake_prefix_path.sh'
[4.311s] Level 1:colcon.colcon_core.environment:checking '/home/maksim/ros2_ws/install/custom_interfaces/lib'
[4.312s] Level 1:colcon.colcon_core.shell:create_environment_hook('custom_interfaces', 'ld_library_path_lib')
[4.319s] INFO:colcon.colcon_core.shell:Creating environment hook '/home/maksim/ros2_ws/install/custom_interfaces/share/custom_interfaces/hook/ld_library_path_lib.ps1'
[4.321s] INFO:colcon.colcon_core.shell:Creating environment descriptor '/home/maksim/ros2_ws/install/custom_interfaces/share/custom_interfaces/hook/ld_library_path_lib.dsv'
[4.322s] INFO:colcon.colcon_core.shell:Creating environment hook '/home/maksim/ros2_ws/install/custom_interfaces/share/custom_interfaces/hook/ld_library_path_lib.sh'
[4.325s] Level 1:colcon.colcon_core.environment:checking '/home/maksim/ros2_ws/install/custom_interfaces/bin'
[4.326s] Level 1:colcon.colcon_core.environment:checking '/home/maksim/ros2_ws/install/custom_interfaces/lib/pkgconfig/custom_interfaces.pc'
[4.326s] Level 1:colcon.colcon_core.environment:checking '/home/maksim/ros2_ws/install/custom_interfaces/lib/python3.8/site-packages'
[4.326s] Level 1:colcon.colcon_core.shell:create_environment_hook('custom_interfaces', 'pythonpath')
[4.328s] INFO:colcon.colcon_core.shell:Creating environment hook '/home/maksim/ros2_ws/install/custom_interfaces/share/custom_interfaces/hook/pythonpath.ps1'
[4.330s] INFO:colcon.colcon_core.shell:Creating environment descriptor '/home/maksim/ros2_ws/install/custom_interfaces/share/custom_interfaces/hook/pythonpath.dsv'
[4.331s] INFO:colcon.colcon_core.shell:Creating environment hook '/home/maksim/ros2_ws/install/custom_interfaces/share/custom_interfaces/hook/pythonpath.sh'
[4.336s] INFO:colcon.colcon_core.shell:Creating package script '/home/maksim/ros2_ws/install/custom_interfaces/share/custom_interfaces/package.ps1'
[4.339s] INFO:colcon.colcon_core.shell:Creating package descriptor '/home/maksim/ros2_ws/install/custom_interfaces/share/custom_interfaces/package.dsv'
[4.342s] INFO:colcon.colcon_core.shell:Creating package script '/home/maksim/ros2_ws/install/custom_interfaces/share/custom_interfaces/package.sh'
[4.345s] INFO:colcon.colcon_core.shell:Creating package script '/home/maksim/ros2_ws/install/custom_interfaces/share/custom_interfaces/package.bash'
[4.348s] INFO:colcon.colcon_core.shell:Creating package script '/home/maksim/ros2_ws/install/custom_interfaces/share/custom_interfaces/package.zsh'
[4.351s] Level 1:colcon.colcon_core.environment:create_file_with_runtime_dependencies(/home/maksim/ros2_ws/install/custom_interfaces/share/colcon-core/packages/custom_interfaces)
[4.755s] Level 1:colcon.colcon_core.environment:create_environment_scripts_only(custom_interfaces)
[4.759s] Level 1:colcon.colcon_core.environment:checking '/home/maksim/ros2_ws/install/custom_interfaces' for CMake module files
[4.762s] Level 1:colcon.colcon_core.environment:checking '/home/maksim/ros2_ws/install/custom_interfaces' for CMake config files
[4.763s] Level 1:colcon.colcon_core.shell:create_environment_hook('custom_interfaces', 'cmake_prefix_path')
[4.765s] INFO:colcon.colcon_core.shell:Creating environment hook '/home/maksim/ros2_ws/install/custom_interfaces/share/custom_interfaces/hook/cmake_prefix_path.ps1'
[4.767s] INFO:colcon.colcon_core.shell:Creating environment descriptor '/home/maksim/ros2_ws/install/custom_interfaces/share/custom_interfaces/hook/cmake_prefix_path.dsv'
[4.769s] INFO:colcon.colcon_core.shell:Creating environment hook '/home/maksim/ros2_ws/install/custom_interfaces/share/custom_interfaces/hook/cmake_prefix_path.sh'
[4.771s] Level 1:colcon.colcon_core.environment:checking '/home/maksim/ros2_ws/install/custom_interfaces/lib'
[4.772s] Level 1:colcon.colcon_core.shell:create_environment_hook('custom_interfaces', 'ld_library_path_lib')
[4.775s] INFO:colcon.colcon_core.shell:Creating environment hook '/home/maksim/ros2_ws/install/custom_interfaces/share/custom_interfaces/hook/ld_library_path_lib.ps1'
[4.777s] INFO:colcon.colcon_core.shell:Creating environment descriptor '/home/maksim/ros2_ws/install/custom_interfaces/share/custom_interfaces/hook/ld_library_path_lib.dsv'
[4.780s] INFO:colcon.colcon_core.shell:Creating environment hook '/home/maksim/ros2_ws/install/custom_interfaces/share/custom_interfaces/hook/ld_library_path_lib.sh'
[4.782s] Level 1:colcon.colcon_core.environment:checking '/home/maksim/ros2_ws/install/custom_interfaces/bin'
[4.782s] Level 1:colcon.colcon_core.environment:checking '/home/maksim/ros2_ws/install/custom_interfaces/lib/pkgconfig/custom_interfaces.pc'
[4.783s] Level 1:colcon.colcon_core.environment:checking '/home/maksim/ros2_ws/install/custom_interfaces/lib/python3.8/site-packages'
[4.783s] Level 1:colcon.colcon_core.shell:create_environment_hook('custom_interfaces', 'pythonpath')
[4.785s] INFO:colcon.colcon_core.shell:Creating environment hook '/home/maksim/ros2_ws/install/custom_interfaces/share/custom_interfaces/hook/pythonpath.ps1'
[4.787s] INFO:colcon.colcon_core.shell:Creating environment descriptor '/home/maksim/ros2_ws/install/custom_interfaces/share/custom_interfaces/hook/pythonpath.dsv'
[4.789s] INFO:colcon.colcon_core.shell:Creating environment hook '/home/maksim/ros2_ws/install/custom_interfaces/share/custom_interfaces/hook/pythonpath.sh'
[4.794s] INFO:colcon.colcon_core.shell:Creating package script '/home/maksim/ros2_ws/install/custom_interfaces/share/custom_interfaces/package.ps1'
[4.796s] INFO:colcon.colcon_core.shell:Creating package descriptor '/home/maksim/ros2_ws/install/custom_interfaces/share/custom_interfaces/package.dsv'
[4.799s] INFO:colcon.colcon_core.shell:Creating package script '/home/maksim/ros2_ws/install/custom_interfaces/share/custom_interfaces/package.sh'
[4.801s] INFO:colcon.colcon_core.shell:Creating package script '/home/maksim/ros2_ws/install/custom_interfaces/share/custom_interfaces/package.bash'
[4.803s] INFO:colcon.colcon_core.shell:Creating package script '/home/maksim/ros2_ws/install/custom_interfaces/share/custom_interfaces/package.zsh'
[4.805s] Level 1:colcon.colcon_core.environment:create_file_with_runtime_dependencies(/home/maksim/ros2_ws/install/custom_interfaces/share/colcon-core/packages/custom_interfaces)
[4.807s] INFO:colcon.colcon_ros.task.ament_cmake.build:Building ROS package in '/home/maksim/ros2_ws/src/cpp_pubsub' with build type 'ament_cmake'
[4.807s] INFO:colcon.colcon_cmake.task.cmake.build:Building CMake package in '/home/maksim/ros2_ws/src/cpp_pubsub'
[4.810s] INFO:colcon.colcon_core.shell:Skip shell extension 'powershell' for command environment: Not usable outside of PowerShell
[4.810s] DEBUG:colcon.colcon_core.shell:Skip shell extension 'dsv' for command environment
[4.826s] DEBUG:colcon.colcon_core.shell:Ignoring prefix path '/opt/ros/foxy'
[4.826s] DEBUG:colcon.colcon_core.shell:Ignoring prefix path '/home/maksim/timer_ws/devel'
[4.827s] DEBUG:colcon.colcon_core.shell:Ignoring prefix path '/home/maksim/catkin_ws/devel'
[4.827s] DEBUG:colcon.colcon_core.shell:Ignoring prefix path '/opt/ros/noetic'
[4.840s] INFO:colcon.colcon_ros.task.ament_python.build:Building ROS package in '/home/maksim/ros2_ws/src/py_pubsub' with build type 'ament_python'
[4.841s] Level 1:colcon.colcon_core.shell:create_environment_hook('py_pubsub', 'ament_prefix_path')
[4.846s] INFO:colcon.colcon_core.shell:Creating environment hook '/home/maksim/ros2_ws/install/py_pubsub/share/py_pubsub/hook/ament_prefix_path.ps1'
[4.850s] INFO:colcon.colcon_core.shell:Creating environment descriptor '/home/maksim/ros2_ws/install/py_pubsub/share/py_pubsub/hook/ament_prefix_path.dsv'
[4.852s] INFO:colcon.colcon_core.shell:Creating environment hook '/home/maksim/ros2_ws/install/py_pubsub/share/py_pubsub/hook/ament_prefix_path.sh'
[4.856s] INFO:colcon.colcon_core.shell:Skip shell extension 'powershell' for command environment: Not usable outside of PowerShell
[4.857s] DEBUG:colcon.colcon_core.shell:Skip shell extension 'dsv' for command environment
[4.867s] DEBUG:colcon.colcon_core.shell:Ignoring prefix path '/opt/ros/foxy'
[4.867s] DEBUG:colcon.colcon_core.shell:Ignoring prefix path '/home/maksim/timer_ws/devel'
[4.867s] DEBUG:colcon.colcon_core.shell:Ignoring prefix path '/home/maksim/catkin_ws/devel'
[4.867s] DEBUG:colcon.colcon_core.shell:Ignoring prefix path '/opt/ros/noetic'
[4.908s] DEBUG:colcon.colcon_core.event_handler.log_command:Invoking command in '/home/maksim/ros2_ws/build/cpp_pubsub': CMAKE_PREFIX_PATH=/home/maksim/ros2_ws/install/custom_interfaces:/home/maksim/ros2_ws/install/cpp_pubsub:/home/maksim/ros2_ws/install/py_pubsub:/opt/ros/foxy:/home/maksim/timer_ws/devel:/home/maksim/catkin_ws/devel:/opt/ros/noetic PYTHONPATH=/home/maksim/ros2_ws/install/custom_interfaces/lib/python3.8/site-packages:/home/maksim/ros2_ws/install/py_pubsub/lib/python3.8/site-packages:/home/maksim/catkin_ws/devel/lib/python3/dist-packages:/opt/ros/noetic/lib/python3/dist-packages:/opt/ros/foxy/lib/python3.8/site-packages /usr/bin/cmake --build /home/maksim/ros2_ws/build/cpp_pubsub -- -j4 -l4
[5.940s] INFO:colcon.colcon_core.task.python.build:Building Python package in '/home/maksim/ros2_ws/src/py_pubsub'
[5.948s] INFO:colcon.colcon_core.shell:Skip shell extension 'powershell' for command environment: Not usable outside of PowerShell
[5.949s] DEBUG:colcon.colcon_core.shell:Skip shell extension 'dsv' for command environment
[5.958s] DEBUG:colcon.colcon_core.shell:Ignoring prefix path '/opt/ros/foxy'
[5.958s] DEBUG:colcon.colcon_core.shell:Ignoring prefix path '/home/maksim/timer_ws/devel'
[5.959s] DEBUG:colcon.colcon_core.shell:Ignoring prefix path '/home/maksim/catkin_ws/devel'
[5.959s] DEBUG:colcon.colcon_core.shell:Ignoring prefix path '/opt/ros/noetic'
[5.987s] DEBUG:colcon.colcon_core.event_handler.log_command:Invoked command in '/home/maksim/ros2_ws/build/cpp_pubsub' returned '0': CMAKE_PREFIX_PATH=/home/maksim/ros2_ws/install/custom_interfaces:/home/maksim/ros2_ws/install/cpp_pubsub:/home/maksim/ros2_ws/install/py_pubsub:/opt/ros/foxy:/home/maksim/timer_ws/devel:/home/maksim/catkin_ws/devel:/opt/ros/noetic PYTHONPATH=/home/maksim/ros2_ws/install/custom_interfaces/lib/python3.8/site-packages:/home/maksim/ros2_ws/install/py_pubsub/lib/python3.8/site-packages:/home/maksim/catkin_ws/devel/lib/python3/dist-packages:/opt/ros/noetic/lib/python3/dist-packages:/opt/ros/foxy/lib/python3.8/site-packages /usr/bin/cmake --build /home/maksim/ros2_ws/build/cpp_pubsub -- -j4 -l4
[6.029s] DEBUG:colcon.colcon_core.event_handler.log_command:Invoking command in '/home/maksim/ros2_ws/src/py_pubsub': CMAKE_PREFIX_PATH=/home/maksim/ros2_ws/install/custom_interfaces:/home/maksim/ros2_ws/install/cpp_pubsub:/home/maksim/timer_ws/devel:/home/maksim/catkin_ws/devel:/opt/ros/noetic PYTHONPATH=/home/maksim/ros2_ws/install/py_pubsub/lib/python3.8/site-packages:/home/maksim/ros2_ws/install/custom_interfaces/lib/python3.8/site-packages:/home/maksim/ros2_ws/install/py_pubsub/lib/python3.8/site-packages:/home/maksim/catkin_ws/devel/lib/python3/dist-packages:/opt/ros/noetic/lib/python3/dist-packages:/opt/ros/foxy/lib/python3.8/site-packages /usr/bin/python3 setup.py egg_info --egg-base ../../build/py_pubsub build --build-base /home/maksim/ros2_ws/build/py_pubsub/build install --prefix /home/maksim/ros2_ws/install/py_pubsub --record /home/maksim/ros2_ws/build/py_pubsub/install.log --single-version-externally-managed
[6.122s] DEBUG:colcon.colcon_core.event_handler.log_command:Invoking command in '/home/maksim/ros2_ws/build/cpp_pubsub': CMAKE_PREFIX_PATH=/home/maksim/ros2_ws/install/custom_interfaces:/home/maksim/ros2_ws/install/cpp_pubsub:/home/maksim/ros2_ws/install/py_pubsub:/opt/ros/foxy:/home/maksim/timer_ws/devel:/home/maksim/catkin_ws/devel:/opt/ros/noetic PYTHONPATH=/home/maksim/ros2_ws/install/custom_interfaces/lib/python3.8/site-packages:/home/maksim/ros2_ws/install/py_pubsub/lib/python3.8/site-packages:/home/maksim/catkin_ws/devel/lib/python3/dist-packages:/opt/ros/noetic/lib/python3/dist-packages:/opt/ros/foxy/lib/python3.8/site-packages /usr/bin/cmake --install /home/maksim/ros2_ws/build/cpp_pubsub
[6.177s] Level 1:colcon.colcon_core.environment:create_environment_scripts_only(cpp_pubsub)
[6.184s] Level 1:colcon.colcon_core.environment:checking '/home/maksim/ros2_ws/install/cpp_pubsub' for CMake module files
[6.185s] DEBUG:colcon.colcon_core.event_handler.log_command:Invoked command in '/home/maksim/ros2_ws/build/cpp_pubsub' returned '0': CMAKE_PREFIX_PATH=/home/maksim/ros2_ws/install/custom_interfaces:/home/maksim/ros2_ws/install/cpp_pubsub:/home/maksim/ros2_ws/install/py_pubsub:/opt/ros/foxy:/home/maksim/timer_ws/devel:/home/maksim/catkin_ws/devel:/opt/ros/noetic PYTHONPATH=/home/maksim/ros2_ws/install/custom_interfaces/lib/python3.8/site-packages:/home/maksim/ros2_ws/install/py_pubsub/lib/python3.8/site-packages:/home/maksim/catkin_ws/devel/lib/python3/dist-packages:/opt/ros/noetic/lib/python3/dist-packages:/opt/ros/foxy/lib/python3.8/site-packages /usr/bin/cmake --install /home/maksim/ros2_ws/build/cpp_pubsub
[6.189s] Level 1:colcon.colcon_core.environment:checking '/home/maksim/ros2_ws/install/cpp_pubsub' for CMake config files
[6.191s] Level 1:colcon.colcon_core.shell:create_environment_hook('cpp_pubsub', 'cmake_prefix_path')
[6.193s] INFO:colcon.colcon_core.shell:Creating environment hook '/home/maksim/ros2_ws/install/cpp_pubsub/share/cpp_pubsub/hook/cmake_prefix_path.ps1'
[6.196s] INFO:colcon.colcon_core.shell:Creating environment descriptor '/home/maksim/ros2_ws/install/cpp_pubsub/share/cpp_pubsub/hook/cmake_prefix_path.dsv'
[6.197s] INFO:colcon.colcon_core.shell:Creating environment hook '/home/maksim/ros2_ws/install/cpp_pubsub/share/cpp_pubsub/hook/cmake_prefix_path.sh'
[6.200s] Level 1:colcon.colcon_core.environment:checking '/home/maksim/ros2_ws/install/cpp_pubsub/lib'
[6.201s] Level 1:colcon.colcon_core.environment:checking '/home/maksim/ros2_ws/install/cpp_pubsub/bin'
[6.201s] Level 1:colcon.colcon_core.environment:checking '/home/maksim/ros2_ws/install/cpp_pubsub/lib/pkgconfig/cpp_pubsub.pc'
[6.202s] Level 1:colcon.colcon_core.environment:checking '/home/maksim/ros2_ws/install/cpp_pubsub/lib/python3.8/site-packages'
[6.205s] INFO:colcon.colcon_core.shell:Creating package script '/home/maksim/ros2_ws/install/cpp_pubsub/share/cpp_pubsub/package.ps1'
[6.207s] INFO:colcon.colcon_core.shell:Creating package descriptor '/home/maksim/ros2_ws/install/cpp_pubsub/share/cpp_pubsub/package.dsv'
[6.209s] INFO:colcon.colcon_core.shell:Creating package script '/home/maksim/ros2_ws/install/cpp_pubsub/share/cpp_pubsub/package.sh'
[6.211s] INFO:colcon.colcon_core.shell:Creating package script '/home/maksim/ros2_ws/install/cpp_pubsub/share/cpp_pubsub/package.bash'
[6.213s] INFO:colcon.colcon_core.shell:Creating package script '/home/maksim/ros2_ws/install/cpp_pubsub/share/cpp_pubsub/package.zsh'
[6.215s] Level 1:colcon.colcon_core.environment:create_file_with_runtime_dependencies(/home/maksim/ros2_ws/install/cpp_pubsub/share/colcon-core/packages/cpp_pubsub)
[6.342s] Level 1:colcon.colcon_core.environment:create_environment_scripts_only(cpp_pubsub)
[6.348s] Level 1:colcon.colcon_core.environment:checking '/home/maksim/ros2_ws/install/cpp_pubsub' for CMake module files
[6.350s] Level 1:colcon.colcon_core.environment:checking '/home/maksim/ros2_ws/install/cpp_pubsub' for CMake config files
[6.351s] Level 1:colcon.colcon_core.shell:create_environment_hook('cpp_pubsub', 'cmake_prefix_path')
[6.353s] INFO:colcon.colcon_core.shell:Creating environment hook '/home/maksim/ros2_ws/install/cpp_pubsub/share/cpp_pubsub/hook/cmake_prefix_path.ps1'
[6.355s] INFO:colcon.colcon_core.shell:Creating environment descriptor '/home/maksim/ros2_ws/install/cpp_pubsub/share/cpp_pubsub/hook/cmake_prefix_path.dsv'
[6.357s] INFO:colcon.colcon_core.shell:Creating environment hook '/home/maksim/ros2_ws/install/cpp_pubsub/share/cpp_pubsub/hook/cmake_prefix_path.sh'
[6.359s] Level 1:colcon.colcon_core.environment:checking '/home/maksim/ros2_ws/install/cpp_pubsub/lib'
[6.360s] Level 1:colcon.colcon_core.environment:checking '/home/maksim/ros2_ws/install/cpp_pubsub/bin'
[6.360s] Level 1:colcon.colcon_core.environment:checking '/home/maksim/ros2_ws/install/cpp_pubsub/lib/pkgconfig/cpp_pubsub.pc'
[6.360s] Level 1:colcon.colcon_core.environment:checking '/home/maksim/ros2_ws/install/cpp_pubsub/lib/python3.8/site-packages'
[6.363s] INFO:colcon.colcon_core.shell:Creating package script '/home/maksim/ros2_ws/install/cpp_pubsub/share/cpp_pubsub/package.ps1'
[6.365s] INFO:colcon.colcon_core.shell:Creating package descriptor '/home/maksim/ros2_ws/install/cpp_pubsub/share/cpp_pubsub/package.dsv'
[6.367s] INFO:colcon.colcon_core.shell:Creating package script '/home/maksim/ros2_ws/install/cpp_pubsub/share/cpp_pubsub/package.sh'
[6.369s] INFO:colcon.colcon_core.shell:Creating package script '/home/maksim/ros2_ws/install/cpp_pubsub/share/cpp_pubsub/package.bash'
[6.371s] INFO:colcon.colcon_core.shell:Creating package script '/home/maksim/ros2_ws/install/cpp_pubsub/share/cpp_pubsub/package.zsh'
[6.373s] Level 1:colcon.colcon_core.environment:create_file_with_runtime_dependencies(/home/maksim/ros2_ws/install/cpp_pubsub/share/colcon-core/packages/cpp_pubsub)
[7.330s] Level 1:colcon.colcon_core.environment:checking '/home/maksim/ros2_ws/install/py_pubsub' for CMake module files
[7.335s] DEBUG:colcon.colcon_core.event_handler.log_command:Invoked command in '/home/maksim/ros2_ws/src/py_pubsub' returned '0': CMAKE_PREFIX_PATH=/home/maksim/ros2_ws/install/custom_interfaces:/home/maksim/ros2_ws/install/cpp_pubsub:/home/maksim/timer_ws/devel:/home/maksim/catkin_ws/devel:/opt/ros/noetic PYTHONPATH=/home/maksim/ros2_ws/install/py_pubsub/lib/python3.8/site-packages:/home/maksim/ros2_ws/install/custom_interfaces/lib/python3.8/site-packages:/home/maksim/ros2_ws/install/py_pubsub/lib/python3.8/site-packages:/home/maksim/catkin_ws/devel/lib/python3/dist-packages:/opt/ros/noetic/lib/python3/dist-packages:/opt/ros/foxy/lib/python3.8/site-packages /usr/bin/python3 setup.py egg_info --egg-base ../../build/py_pubsub build --build-base /home/maksim/ros2_ws/build/py_pubsub/build install --prefix /home/maksim/ros2_ws/install/py_pubsub --record /home/maksim/ros2_ws/build/py_pubsub/install.log --single-version-externally-managed
[7.337s] Level 1:colcon.colcon_core.environment:checking '/home/maksim/ros2_ws/install/py_pubsub' for CMake config files
[7.340s] Level 1:colcon.colcon_core.environment:checking '/home/maksim/ros2_ws/install/py_pubsub/lib'
[7.340s] Level 1:colcon.colcon_core.environment:checking '/home/maksim/ros2_ws/install/py_pubsub/bin'
[7.341s] Level 1:colcon.colcon_core.environment:checking '/home/maksim/ros2_ws/install/py_pubsub/lib/pkgconfig/py_pubsub.pc'
[7.341s] Level 1:colcon.colcon_core.environment:checking '/home/maksim/ros2_ws/install/py_pubsub/lib/python3.8/site-packages'
[7.341s] Level 1:colcon.colcon_core.shell:create_environment_hook('py_pubsub', 'pythonpath')
[7.344s] INFO:colcon.colcon_core.shell:Creating environment hook '/home/maksim/ros2_ws/install/py_pubsub/share/py_pubsub/hook/pythonpath.ps1'
[7.346s] INFO:colcon.colcon_core.shell:Creating environment descriptor '/home/maksim/ros2_ws/install/py_pubsub/share/py_pubsub/hook/pythonpath.dsv'
[7.347s] INFO:colcon.colcon_core.shell:Creating environment hook '/home/maksim/ros2_ws/install/py_pubsub/share/py_pubsub/hook/pythonpath.sh'
[7.349s] Level 1:colcon.colcon_core.environment:create_environment_scripts_only(py_pubsub)
[7.352s] INFO:colcon.colcon_core.shell:Creating package script '/home/maksim/ros2_ws/install/py_pubsub/share/py_pubsub/package.ps1'
[7.354s] INFO:colcon.colcon_core.shell:Creating package descriptor '/home/maksim/ros2_ws/install/py_pubsub/share/py_pubsub/package.dsv'
[7.356s] INFO:colcon.colcon_core.shell:Creating package script '/home/maksim/ros2_ws/install/py_pubsub/share/py_pubsub/package.sh'
[7.358s] INFO:colcon.colcon_core.shell:Creating package script '/home/maksim/ros2_ws/install/py_pubsub/share/py_pubsub/package.bash'
[7.360s] INFO:colcon.colcon_core.shell:Creating package script '/home/maksim/ros2_ws/install/py_pubsub/share/py_pubsub/package.zsh'
[7.361s] Level 1:colcon.colcon_core.environment:create_file_with_runtime_dependencies(/home/maksim/ros2_ws/install/py_pubsub/share/colcon-core/packages/py_pubsub)
[7.363s] DEBUG:colcon.colcon_parallel_executor.executor.parallel:closing loop
[7.366s] DEBUG:colcon.colcon_parallel_executor.executor.parallel:loop closed
[7.366s] DEBUG:colcon.colcon_parallel_executor.executor.parallel:run_until_complete finished with '0'
[7.367s] DEBUG:colcon.colcon_core.event_reactor:joining thread
[7.397s] INFO:colcon.colcon_core.plugin_system:Skipping extension 'colcon_notification.desktop_notification.terminal_notifier': Not used on non-Darwin systems
[7.398s] INFO:colcon.colcon_core.plugin_system:Skipping extension 'colcon_notification.desktop_notification.win32': Not used on non-Windows systems
[7.398s] INFO:colcon.colcon_notification.desktop_notification:Sending desktop notification using 'notify2'
[7.470s] DEBUG:colcon.colcon_core.event_reactor:joined thread
[7.473s] INFO:colcon.colcon_core.shell:Creating prefix script '/home/maksim/ros2_ws/install/local_setup.ps1'
[7.478s] INFO:colcon.colcon_core.shell:Creating prefix util module '/home/maksim/ros2_ws/install/_local_setup_util_ps1.py'
[7.483s] INFO:colcon.colcon_core.shell:Creating prefix chain script '/home/maksim/ros2_ws/install/setup.ps1'
[7.494s] INFO:colcon.colcon_core.shell:Creating prefix script '/home/maksim/ros2_ws/install/local_setup.sh'
[7.496s] INFO:colcon.colcon_core.shell:Creating prefix util module '/home/maksim/ros2_ws/install/_local_setup_util_sh.py'
[7.499s] INFO:colcon.colcon_core.shell:Creating prefix chain script '/home/maksim/ros2_ws/install/setup.sh'
[7.510s] INFO:colcon.colcon_core.shell:Creating prefix script '/home/maksim/ros2_ws/install/local_setup.bash'
[7.513s] INFO:colcon.colcon_core.shell:Creating prefix chain script '/home/maksim/ros2_ws/install/setup.bash'
[7.523s] INFO:colcon.colcon_core.shell:Creating prefix script '/home/maksim/ros2_ws/install/local_setup.zsh'
[7.525s] INFO:colcon.colcon_core.shell:Creating prefix chain script '/home/maksim/ros2_ws/install/setup.zsh'
