[0.072s] Invoking command in '/home/maksim/ros2_ws/build/cpp_pubsub': CMAKE_PREFIX_PATH=/home/maksim/ros2_ws/install/custom_interfaces:/home/maksim/ros2_ws/install/cpp_pubsub:/home/maksim/ros2_ws/install/py_pubsub:/opt/ros/foxy:/home/maksim/timer_ws/devel:/home/maksim/catkin_ws/devel:/opt/ros/noetic PYTHONPATH=/home/maksim/ros2_ws/install/custom_interfaces/lib/python3.8/site-packages:/home/maksim/ros2_ws/install/py_pubsub/lib/python3.8/site-packages:/home/maksim/catkin_ws/devel/lib/python3/dist-packages:/opt/ros/noetic/lib/python3/dist-packages:/opt/ros/foxy/lib/python3.8/site-packages /usr/bin/cmake --build /home/maksim/ros2_ws/build/cpp_pubsub -- -j4 -l4
[0.339s] [100%] Built target talker
[1.182s] Invoked command in '/home/maksim/ros2_ws/build/cpp_pubsub' returned '0': CMAKE_PREFIX_PATH=/home/maksim/ros2_ws/install/custom_interfaces:/home/maksim/ros2_ws/install/cpp_pubsub:/home/maksim/ros2_ws/install/py_pubsub:/opt/ros/foxy:/home/maksim/timer_ws/devel:/home/maksim/catkin_ws/devel:/opt/ros/noetic PYTHONPATH=/home/maksim/ros2_ws/install/custom_interfaces/lib/python3.8/site-packages:/home/maksim/ros2_ws/install/py_pubsub/lib/python3.8/site-packages:/home/maksim/catkin_ws/devel/lib/python3/dist-packages:/opt/ros/noetic/lib/python3/dist-packages:/opt/ros/foxy/lib/python3.8/site-packages /usr/bin/cmake --build /home/maksim/ros2_ws/build/cpp_pubsub -- -j4 -l4
[1.309s] Invoking command in '/home/maksim/ros2_ws/build/cpp_pubsub': CMAKE_PREFIX_PATH=/home/maksim/ros2_ws/install/custom_interfaces:/home/maksim/ros2_ws/install/cpp_pubsub:/home/maksim/ros2_ws/install/py_pubsub:/opt/ros/foxy:/home/maksim/timer_ws/devel:/home/maksim/catkin_ws/devel:/opt/ros/noetic PYTHONPATH=/home/maksim/ros2_ws/install/custom_interfaces/lib/python3.8/site-packages:/home/maksim/ros2_ws/install/py_pubsub/lib/python3.8/site-packages:/home/maksim/catkin_ws/devel/lib/python3/dist-packages:/opt/ros/noetic/lib/python3/dist-packages:/opt/ros/foxy/lib/python3.8/site-packages /usr/bin/cmake --install /home/maksim/ros2_ws/build/cpp_pubsub
[1.351s] -- Install configuration: ""
[1.352s] -- Up-to-date: /home/maksim/ros2_ws/install/cpp_pubsub/lib/cpp_pubsub/talker
[1.354s] -- Up-to-date: /home/maksim/ros2_ws/install/cpp_pubsub/share/ament_index/resource_index/package_run_dependencies/cpp_pubsub
[1.354s] -- Up-to-date: /home/maksim/ros2_ws/install/cpp_pubsub/share/ament_index/resource_index/parent_prefix_path/cpp_pubsub
[1.355s] -- Up-to-date: /home/maksim/ros2_ws/install/cpp_pubsub/share/cpp_pubsub/environment/ament_prefix_path.sh
[1.356s] -- Up-to-date: /home/maksim/ros2_ws/install/cpp_pubsub/share/cpp_pubsub/environment/ament_prefix_path.dsv
[1.356s] -- Up-to-date: /home/maksim/ros2_ws/install/cpp_pubsub/share/cpp_pubsub/environment/path.sh
[1.357s] -- Up-to-date: /home/maksim/ros2_ws/install/cpp_pubsub/share/cpp_pubsub/environment/path.dsv
[1.358s] -- Up-to-date: /home/maksim/ros2_ws/install/cpp_pubsub/share/cpp_pubsub/local_setup.bash
[1.358s] -- Up-to-date: /home/maksim/ros2_ws/install/cpp_pubsub/share/cpp_pubsub/local_setup.sh
[1.359s] -- Up-to-date: /home/maksim/ros2_ws/install/cpp_pubsub/share/cpp_pubsub/local_setup.zsh
[1.359s] -- Up-to-date: /home/maksim/ros2_ws/install/cpp_pubsub/share/cpp_pubsub/local_setup.dsv
[1.360s] -- Installing: /home/maksim/ros2_ws/install/cpp_pubsub/share/cpp_pubsub/package.dsv
[1.360s] -- Up-to-date: /home/maksim/ros2_ws/install/cpp_pubsub/share/ament_index/resource_index/packages/cpp_pubsub
[1.361s] -- Up-to-date: /home/maksim/ros2_ws/install/cpp_pubsub/share/cpp_pubsub/cmake/cpp_pubsubConfig.cmake
[1.362s] -- Up-to-date: /home/maksim/ros2_ws/install/cpp_pubsub/share/cpp_pubsub/cmake/cpp_pubsubConfig-version.cmake
[1.363s] -- Up-to-date: /home/maksim/ros2_ws/install/cpp_pubsub/share/cpp_pubsub/package.xml
[1.371s] Invoked command in '/home/maksim/ros2_ws/build/cpp_pubsub' returned '0': CMAKE_PREFIX_PATH=/home/maksim/ros2_ws/install/custom_interfaces:/home/maksim/ros2_ws/install/cpp_pubsub:/home/maksim/ros2_ws/install/py_pubsub:/opt/ros/foxy:/home/maksim/timer_ws/devel:/home/maksim/catkin_ws/devel:/opt/ros/noetic PYTHONPATH=/home/maksim/ros2_ws/install/custom_interfaces/lib/python3.8/site-packages:/home/maksim/ros2_ws/install/py_pubsub/lib/python3.8/site-packages:/home/maksim/catkin_ws/devel/lib/python3/dist-packages:/opt/ros/noetic/lib/python3/dist-packages:/opt/ros/foxy/lib/python3.8/site-packages /usr/bin/cmake --install /home/maksim/ros2_ws/build/cpp_pubsub
