[1.193s] Invoking command in '/home/maksim/ros2_ws/src/py_pubsub': CMAKE_PREFIX_PATH=/home/maksim/ros2_ws/install/custom_interfaces:/home/maksim/ros2_ws/install/cpp_pubsub:/home/maksim/timer_ws/devel:/home/maksim/catkin_ws/devel:/opt/ros/noetic PYTHONPATH=/home/maksim/ros2_ws/install/py_pubsub/lib/python3.8/site-packages:/home/maksim/ros2_ws/install/custom_interfaces/lib/python3.8/site-packages:/home/maksim/ros2_ws/install/py_pubsub/lib/python3.8/site-packages:/home/maksim/catkin_ws/devel/lib/python3/dist-packages:/opt/ros/noetic/lib/python3/dist-packages:/opt/ros/foxy/lib/python3.8/site-packages /usr/bin/python3 setup.py egg_info --egg-base ../../build/py_pubsub build --build-base /home/maksim/ros2_ws/build/py_pubsub/build install --prefix /home/maksim/ros2_ws/install/py_pubsub --record /home/maksim/ros2_ws/build/py_pubsub/install.log --single-version-externally-managed
[2.193s] running egg_info
[2.195s] writing ../../build/py_pubsub/py_pubsub.egg-info/PKG-INFO
[2.196s] writing dependency_links to ../../build/py_pubsub/py_pubsub.egg-info/dependency_links.txt
[2.197s] writing entry points to ../../build/py_pubsub/py_pubsub.egg-info/entry_points.txt
[2.199s] writing requirements to ../../build/py_pubsub/py_pubsub.egg-info/requires.txt
[2.202s] writing top-level names to ../../build/py_pubsub/py_pubsub.egg-info/top_level.txt
[2.332s] reading manifest file '../../build/py_pubsub/py_pubsub.egg-info/SOURCES.txt'
[2.336s] writing manifest file '../../build/py_pubsub/py_pubsub.egg-info/SOURCES.txt'
[2.337s] running build
[2.339s] running build_py
[2.340s] copying py_pubsub/date_and_time_subscriber.py -> /home/maksim/ros2_ws/build/py_pubsub/build/lib/py_pubsub
[2.340s] running install
[2.341s] running install_lib
[2.343s] copying /home/maksim/ros2_ws/build/py_pubsub/build/lib/py_pubsub/date_and_time_subscriber.py -> /home/maksim/ros2_ws/install/py_pubsub/lib/python3.8/site-packages/py_pubsub
[2.346s] byte-compiling /home/maksim/ros2_ws/install/py_pubsub/lib/python3.8/site-packages/py_pubsub/date_and_time_subscriber.py to date_and_time_subscriber.cpython-38.pyc
[2.351s] running install_data
[2.353s] running install_egg_info
[2.359s] removing '/home/maksim/ros2_ws/install/py_pubsub/lib/python3.8/site-packages/py_pubsub-0.0.0-py3.8.egg-info' (and everything under it)
[2.359s] Copying ../../build/py_pubsub/py_pubsub.egg-info to /home/maksim/ros2_ws/install/py_pubsub/lib/python3.8/site-packages/py_pubsub-0.0.0-py3.8.egg-info
[2.363s] running install_scripts
[2.427s] Installing listener script to /home/maksim/ros2_ws/install/py_pubsub/lib/py_pubsub
[2.428s] writing list of installed files to '/home/maksim/ros2_ws/build/py_pubsub/install.log'
[2.521s] Invoked command in '/home/maksim/ros2_ws/src/py_pubsub' returned '0': CMAKE_PREFIX_PATH=/home/maksim/ros2_ws/install/custom_interfaces:/home/maksim/ros2_ws/install/cpp_pubsub:/home/maksim/timer_ws/devel:/home/maksim/catkin_ws/devel:/opt/ros/noetic PYTHONPATH=/home/maksim/ros2_ws/install/py_pubsub/lib/python3.8/site-packages:/home/maksim/ros2_ws/install/custom_interfaces/lib/python3.8/site-packages:/home/maksim/ros2_ws/install/py_pubsub/lib/python3.8/site-packages:/home/maksim/catkin_ws/devel/lib/python3/dist-packages:/opt/ros/noetic/lib/python3/dist-packages:/opt/ros/foxy/lib/python3.8/site-packages /usr/bin/python3 setup.py egg_info --egg-base ../../build/py_pubsub build --build-base /home/maksim/ros2_ws/build/py_pubsub/build install --prefix /home/maksim/ros2_ws/install/py_pubsub --record /home/maksim/ros2_ws/build/py_pubsub/install.log --single-version-externally-managed
