[1.315s] Invoking command in '/home/maksim/ros2_ws/src/py_pubsub': CMAKE_PREFIX_PATH=/home/maksim/ros2_ws/install/custom_interfaces:/home/maksim/ros2_ws/install/cpp_pubsub:/home/maksim/timer_ws/devel:/home/maksim/catkin_ws/devel:/opt/ros/noetic PYTHONPATH=/home/maksim/ros2_ws/install/py_pubsub/lib/python3.8/site-packages:/home/maksim/ros2_ws/install/custom_interfaces/lib/python3.8/site-packages:/home/maksim/ros2_ws/install/py_pubsub/lib/python3.8/site-packages:/home/maksim/catkin_ws/devel/lib/python3/dist-packages:/opt/ros/noetic/lib/python3/dist-packages:/opt/ros/foxy/lib/python3.8/site-packages /usr/bin/python3 setup.py egg_info --egg-base ../../build/py_pubsub build --build-base /home/maksim/ros2_ws/build/py_pubsub/build install --prefix /home/maksim/ros2_ws/install/py_pubsub --record /home/maksim/ros2_ws/build/py_pubsub/install.log --single-version-externally-managed
[4.376s] running egg_info
[4.380s] writing ../../build/py_pubsub/py_pubsub.egg-info/PKG-INFO
[4.403s] writing dependency_links to ../../build/py_pubsub/py_pubsub.egg-info/dependency_links.txt
[4.403s] writing entry points to ../../build/py_pubsub/py_pubsub.egg-info/entry_points.txt
[4.404s] writing requirements to ../../build/py_pubsub/py_pubsub.egg-info/requires.txt
[4.404s] writing top-level names to ../../build/py_pubsub/py_pubsub.egg-info/top_level.txt
[6.682s] reading manifest file '../../build/py_pubsub/py_pubsub.egg-info/SOURCES.txt'
[6.786s] writing manifest file '../../build/py_pubsub/py_pubsub.egg-info/SOURCES.txt'
[6.823s] running build
[6.824s] running build_py
[6.827s] copying py_pubsub/subscriber_member_function.py -> /home/maksim/ros2_ws/build/py_pubsub/build/lib/py_pubsub
[6.830s] running install
[6.834s] running install_lib
[6.899s] copying /home/maksim/ros2_ws/build/py_pubsub/build/lib/py_pubsub/subscriber_member_function.py -> /home/maksim/ros2_ws/install/py_pubsub/lib/python3.8/site-packages/py_pubsub
[6.902s] byte-compiling /home/maksim/ros2_ws/install/py_pubsub/lib/python3.8/site-packages/py_pubsub/subscriber_member_function.py to subscriber_member_function.cpython-38.pyc
[6.926s] running install_data
[6.989s] running install_egg_info
[7.167s] removing '/home/maksim/ros2_ws/install/py_pubsub/lib/python3.8/site-packages/py_pubsub-0.0.0-py3.8.egg-info' (and everything under it)
[7.168s] Copying ../../build/py_pubsub/py_pubsub.egg-info to /home/maksim/ros2_ws/install/py_pubsub/lib/python3.8/site-packages/py_pubsub-0.0.0-py3.8.egg-info
[7.328s] running install_scripts
[8.188s] Installing listener script to /home/maksim/ros2_ws/install/py_pubsub/lib/py_pubsub
[8.195s] Installing talker script to /home/maksim/ros2_ws/install/py_pubsub/lib/py_pubsub
[8.226s] writing list of installed files to '/home/maksim/ros2_ws/build/py_pubsub/install.log'
[8.343s] Invoked command in '/home/maksim/ros2_ws/src/py_pubsub' returned '0': CMAKE_PREFIX_PATH=/home/maksim/ros2_ws/install/custom_interfaces:/home/maksim/ros2_ws/install/cpp_pubsub:/home/maksim/timer_ws/devel:/home/maksim/catkin_ws/devel:/opt/ros/noetic PYTHONPATH=/home/maksim/ros2_ws/install/py_pubsub/lib/python3.8/site-packages:/home/maksim/ros2_ws/install/custom_interfaces/lib/python3.8/site-packages:/home/maksim/ros2_ws/install/py_pubsub/lib/python3.8/site-packages:/home/maksim/catkin_ws/devel/lib/python3/dist-packages:/opt/ros/noetic/lib/python3/dist-packages:/opt/ros/foxy/lib/python3.8/site-packages /usr/bin/python3 setup.py egg_info --egg-base ../../build/py_pubsub build --build-base /home/maksim/ros2_ws/build/py_pubsub/build install --prefix /home/maksim/ros2_ws/install/py_pubsub --record /home/maksim/ros2_ws/build/py_pubsub/install.log --single-version-externally-managed
