[0.097s] Invoking command in '/home/maksim/ros2_ws/build/custom_interfaces': CMAKE_PREFIX_PATH=/home/maksim/ros2_ws/install/cpp_pubsub:/home/maksim/ros2_ws/install/custom_interfaces:/home/maksim/ros2_ws/install/py_pubsub:/opt/ros/foxy:/home/maksim/timer_ws/devel:/home/maksim/catkin_ws/devel:/opt/ros/noetic /usr/bin/cmake --build /home/maksim/ros2_ws/build/custom_interfaces -- -j4 -l4
[0.333s] [ 10%] Built target custom_interfaces__rosidl_generator_c
[0.334s] [ 12%] Built target custom_interfaces__cpp
[0.426s] [ 23%] Built target custom_interfaces__rosidl_typesupport_cpp
[0.429s] [ 33%] Built target custom_interfaces__rosidl_typesupport_introspection_c
[0.430s] [ 43%] Built target custom_interfaces__rosidl_typesupport_introspection_cpp
[0.437s] [ 53%] Built target custom_interfaces__rosidl_typesupport_c
[0.541s] [ 64%] Built target custom_interfaces__rosidl_typesupport_fastrtps_cpp
[0.659s] [ 74%] Built target custom_interfaces__rosidl_typesupport_fastrtps_c
[0.754s] [ 74%] Built target custom_interfaces
[0.864s] [ 76%] Built target custom_interfaces__py
[0.982s] [ 84%] Built target custom_interfaces__python
[1.088s] [ 89%] Built target custom_interfaces__rosidl_typesupport_introspection_c__pyext
[1.093s] [100%] Built target custom_interfaces__rosidl_typesupport_fastrtps_c__pyext
[1.095s] [100%] Built target custom_interfaces__rosidl_typesupport_c__pyext
[1.143s] Invoked command in '/home/maksim/ros2_ws/build/custom_interfaces' returned '0': CMAKE_PREFIX_PATH=/home/maksim/ros2_ws/install/cpp_pubsub:/home/maksim/ros2_ws/install/custom_interfaces:/home/maksim/ros2_ws/install/py_pubsub:/opt/ros/foxy:/home/maksim/timer_ws/devel:/home/maksim/catkin_ws/devel:/opt/ros/noetic /usr/bin/cmake --build /home/maksim/ros2_ws/build/custom_interfaces -- -j4 -l4
[1.645s] Invoking command in '/home/maksim/ros2_ws/build/custom_interfaces': CMAKE_PREFIX_PATH=/home/maksim/ros2_ws/install/cpp_pubsub:/home/maksim/ros2_ws/install/custom_interfaces:/home/maksim/ros2_ws/install/py_pubsub:/opt/ros/foxy:/home/maksim/timer_ws/devel:/home/maksim/catkin_ws/devel:/opt/ros/noetic /usr/bin/cmake --install /home/maksim/ros2_ws/build/custom_interfaces
[1.682s] -- Install configuration: ""
[1.683s] -- Up-to-date: /home/maksim/ros2_ws/install/custom_interfaces/share/ament_index/resource_index/rosidl_interfaces/custom_interfaces
[1.683s] -- Up-to-date: /home/maksim/ros2_ws/install/custom_interfaces/include/custom_interfaces
[1.684s] -- Up-to-date: /home/maksim/ros2_ws/install/custom_interfaces/include/custom_interfaces/srv
[1.684s] -- Up-to-date: /home/maksim/ros2_ws/install/custom_interfaces/include/custom_interfaces/srv/add_three_ints.h
[1.685s] -- Up-to-date: /home/maksim/ros2_ws/install/custom_interfaces/include/custom_interfaces/srv/detail
[1.685s] -- Up-to-date: /home/maksim/ros2_ws/install/custom_interfaces/include/custom_interfaces/srv/detail/add_three_ints__struct.h
[1.686s] -- Up-to-date: /home/maksim/ros2_ws/install/custom_interfaces/include/custom_interfaces/srv/detail/add_three_ints__functions.h
[1.686s] -- Up-to-date: /home/maksim/ros2_ws/install/custom_interfaces/include/custom_interfaces/srv/detail/add_three_ints__functions.c
[1.687s] -- Up-to-date: /home/maksim/ros2_ws/install/custom_interfaces/include/custom_interfaces/srv/detail/add_three_ints__type_support.h
[1.687s] -- Up-to-date: /home/maksim/ros2_ws/install/custom_interfaces/include/custom_interfaces/msg
[1.687s] -- Up-to-date: /home/maksim/ros2_ws/install/custom_interfaces/include/custom_interfaces/msg/rosidl_generator_c__visibility_control.h
[1.689s] -- Up-to-date: /home/maksim/ros2_ws/install/custom_interfaces/include/custom_interfaces/msg/str_num.h
[1.690s] -- Up-to-date: /home/maksim/ros2_ws/install/custom_interfaces/include/custom_interfaces/msg/detail
[1.690s] -- Up-to-date: /home/maksim/ros2_ws/install/custom_interfaces/include/custom_interfaces/msg/detail/str_num__type_support.h
[1.691s] -- Up-to-date: /home/maksim/ros2_ws/install/custom_interfaces/include/custom_interfaces/msg/detail/str_num__functions.h
[1.692s] -- Up-to-date: /home/maksim/ros2_ws/install/custom_interfaces/include/custom_interfaces/msg/detail/str_num__functions.c
[1.693s] -- Up-to-date: /home/maksim/ros2_ws/install/custom_interfaces/include/custom_interfaces/msg/detail/str_num__struct.h
[1.693s] -- Up-to-date: /home/maksim/ros2_ws/install/custom_interfaces/share/custom_interfaces/environment/library_path.sh
[1.694s] -- Up-to-date: /home/maksim/ros2_ws/install/custom_interfaces/share/custom_interfaces/environment/library_path.dsv
[1.694s] -- Up-to-date: /home/maksim/ros2_ws/install/custom_interfaces/lib/libcustom_interfaces__rosidl_generator_c.so
[1.694s] -- Up-to-date: /home/maksim/ros2_ws/install/custom_interfaces/include/custom_interfaces
[1.695s] -- Up-to-date: /home/maksim/ros2_ws/install/custom_interfaces/include/custom_interfaces/srv
[1.695s] -- Up-to-date: /home/maksim/ros2_ws/install/custom_interfaces/include/custom_interfaces/srv/detail
[1.696s] -- Up-to-date: /home/maksim/ros2_ws/install/custom_interfaces/include/custom_interfaces/srv/detail/add_three_ints__rosidl_typesupport_fastrtps_c.h
[1.696s] -- Up-to-date: /home/maksim/ros2_ws/install/custom_interfaces/include/custom_interfaces/msg
[1.697s] -- Up-to-date: /home/maksim/ros2_ws/install/custom_interfaces/include/custom_interfaces/msg/rosidl_typesupport_fastrtps_c__visibility_control.h
[1.698s] -- Up-to-date: /home/maksim/ros2_ws/install/custom_interfaces/include/custom_interfaces/msg/detail
[1.698s] -- Up-to-date: /home/maksim/ros2_ws/install/custom_interfaces/include/custom_interfaces/msg/detail/str_num__rosidl_typesupport_fastrtps_c.h
[1.699s] -- Up-to-date: /home/maksim/ros2_ws/install/custom_interfaces/lib/libcustom_interfaces__rosidl_typesupport_fastrtps_c.so
[1.699s] -- Up-to-date: /home/maksim/ros2_ws/install/custom_interfaces/include/custom_interfaces
[1.700s] -- Up-to-date: /home/maksim/ros2_ws/install/custom_interfaces/include/custom_interfaces/srv
[1.700s] -- Up-to-date: /home/maksim/ros2_ws/install/custom_interfaces/include/custom_interfaces/srv/detail
[1.701s] -- Up-to-date: /home/maksim/ros2_ws/install/custom_interfaces/include/custom_interfaces/srv/detail/dds_fastrtps
[1.701s] -- Up-to-date: /home/maksim/ros2_ws/install/custom_interfaces/include/custom_interfaces/srv/detail/add_three_ints__rosidl_typesupport_fastrtps_cpp.hpp
[1.703s] -- Up-to-date: /home/maksim/ros2_ws/install/custom_interfaces/include/custom_interfaces/msg
[1.703s] -- Up-to-date: /home/maksim/ros2_ws/install/custom_interfaces/include/custom_interfaces/msg/rosidl_typesupport_fastrtps_cpp__visibility_control.h
[1.704s] -- Up-to-date: /home/maksim/ros2_ws/install/custom_interfaces/include/custom_interfaces/msg/detail
[1.705s] -- Up-to-date: /home/maksim/ros2_ws/install/custom_interfaces/include/custom_interfaces/msg/detail/dds_fastrtps
[1.705s] -- Up-to-date: /home/maksim/ros2_ws/install/custom_interfaces/include/custom_interfaces/msg/detail/str_num__rosidl_typesupport_fastrtps_cpp.hpp
[1.705s] -- Up-to-date: /home/maksim/ros2_ws/install/custom_interfaces/lib/libcustom_interfaces__rosidl_typesupport_fastrtps_cpp.so
[1.706s] -- Up-to-date: /home/maksim/ros2_ws/install/custom_interfaces/include/custom_interfaces
[1.706s] -- Up-to-date: /home/maksim/ros2_ws/install/custom_interfaces/include/custom_interfaces/srv
[1.706s] -- Up-to-date: /home/maksim/ros2_ws/install/custom_interfaces/include/custom_interfaces/srv/detail
[1.707s] -- Up-to-date: /home/maksim/ros2_ws/install/custom_interfaces/include/custom_interfaces/srv/detail/add_three_ints__type_support.c
[1.707s] -- Up-to-date: /home/maksim/ros2_ws/install/custom_interfaces/include/custom_interfaces/srv/detail/add_three_ints__rosidl_typesupport_introspection_c.h
[1.707s] -- Up-to-date: /home/maksim/ros2_ws/install/custom_interfaces/include/custom_interfaces/msg
[1.708s] -- Up-to-date: /home/maksim/ros2_ws/install/custom_interfaces/include/custom_interfaces/msg/rosidl_typesupport_introspection_c__visibility_control.h
[1.708s] -- Up-to-date: /home/maksim/ros2_ws/install/custom_interfaces/include/custom_interfaces/msg/detail
[1.708s] -- Up-to-date: /home/maksim/ros2_ws/install/custom_interfaces/include/custom_interfaces/msg/detail/str_num__rosidl_typesupport_introspection_c.h
[1.709s] -- Up-to-date: /home/maksim/ros2_ws/install/custom_interfaces/include/custom_interfaces/msg/detail/str_num__type_support.c
[1.709s] -- Up-to-date: /home/maksim/ros2_ws/install/custom_interfaces/lib/libcustom_interfaces__rosidl_typesupport_introspection_c.so
[1.709s] -- Up-to-date: /home/maksim/ros2_ws/install/custom_interfaces/lib/libcustom_interfaces__rosidl_typesupport_c.so
[1.709s] -- Up-to-date: /home/maksim/ros2_ws/install/custom_interfaces/include/custom_interfaces
[1.710s] -- Up-to-date: /home/maksim/ros2_ws/install/custom_interfaces/include/custom_interfaces/srv
[1.710s] -- Up-to-date: /home/maksim/ros2_ws/install/custom_interfaces/include/custom_interfaces/srv/add_three_ints.hpp
[1.710s] -- Up-to-date: /home/maksim/ros2_ws/install/custom_interfaces/include/custom_interfaces/srv/detail
[1.711s] -- Up-to-date: /home/maksim/ros2_ws/install/custom_interfaces/include/custom_interfaces/srv/detail/add_three_ints__struct.hpp
[1.711s] -- Up-to-date: /home/maksim/ros2_ws/install/custom_interfaces/include/custom_interfaces/srv/detail/add_three_ints__traits.hpp
[1.711s] -- Up-to-date: /home/maksim/ros2_ws/install/custom_interfaces/include/custom_interfaces/srv/detail/add_three_ints__builder.hpp
[1.712s] -- Up-to-date: /home/maksim/ros2_ws/install/custom_interfaces/include/custom_interfaces/msg
[1.712s] -- Up-to-date: /home/maksim/ros2_ws/install/custom_interfaces/include/custom_interfaces/msg/str_num.hpp
[1.712s] -- Up-to-date: /home/maksim/ros2_ws/install/custom_interfaces/include/custom_interfaces/msg/detail
[1.713s] -- Up-to-date: /home/maksim/ros2_ws/install/custom_interfaces/include/custom_interfaces/msg/detail/str_num__struct.hpp
[1.714s] -- Up-to-date: /home/maksim/ros2_ws/install/custom_interfaces/include/custom_interfaces/msg/detail/str_num__builder.hpp
[1.714s] -- Up-to-date: /home/maksim/ros2_ws/install/custom_interfaces/include/custom_interfaces/msg/detail/str_num__traits.hpp
[1.714s] -- Up-to-date: /home/maksim/ros2_ws/install/custom_interfaces/include/custom_interfaces
[1.715s] -- Up-to-date: /home/maksim/ros2_ws/install/custom_interfaces/include/custom_interfaces/srv
[1.715s] -- Up-to-date: /home/maksim/ros2_ws/install/custom_interfaces/include/custom_interfaces/srv/detail
[1.715s] -- Up-to-date: /home/maksim/ros2_ws/install/custom_interfaces/include/custom_interfaces/srv/detail/add_three_ints__type_support.cpp
[1.716s] -- Up-to-date: /home/maksim/ros2_ws/install/custom_interfaces/include/custom_interfaces/srv/detail/add_three_ints__rosidl_typesupport_introspection_cpp.hpp
[1.716s] -- Up-to-date: /home/maksim/ros2_ws/install/custom_interfaces/include/custom_interfaces/msg
[1.716s] -- Up-to-date: /home/maksim/ros2_ws/install/custom_interfaces/include/custom_interfaces/msg/detail
[1.717s] -- Up-to-date: /home/maksim/ros2_ws/install/custom_interfaces/include/custom_interfaces/msg/detail/str_num__type_support.cpp
[1.717s] -- Up-to-date: /home/maksim/ros2_ws/install/custom_interfaces/include/custom_interfaces/msg/detail/str_num__rosidl_typesupport_introspection_cpp.hpp
[1.717s] -- Up-to-date: /home/maksim/ros2_ws/install/custom_interfaces/lib/libcustom_interfaces__rosidl_typesupport_introspection_cpp.so
[1.718s] -- Up-to-date: /home/maksim/ros2_ws/install/custom_interfaces/lib/libcustom_interfaces__rosidl_typesupport_cpp.so
[1.718s] -- Up-to-date: /home/maksim/ros2_ws/install/custom_interfaces/share/custom_interfaces/environment/pythonpath.sh
[1.718s] -- Up-to-date: /home/maksim/ros2_ws/install/custom_interfaces/share/custom_interfaces/environment/pythonpath.dsv
[1.719s] -- Up-to-date: /home/maksim/ros2_ws/install/custom_interfaces/lib/python3.8/site-packages/custom_interfaces/__init__.py
[1.843s] -- Up-to-date: /home/maksim/ros2_ws/install/custom_interfaces/lib/python3.8/site-packages/custom_interfaces/msg
[1.845s] -- Up-to-date: /home/maksim/ros2_ws/install/custom_interfaces/lib/python3.8/site-packages/custom_interfaces/msg/_str_num_s.c
[1.845s] -- Up-to-date: /home/maksim/ros2_ws/install/custom_interfaces/lib/python3.8/site-packages/custom_interfaces/msg/_str_num.py
[1.846s] -- Up-to-date: /home/maksim/ros2_ws/install/custom_interfaces/lib/python3.8/site-packages/custom_interfaces/msg/__init__.py
[1.846s] -- Up-to-date: /home/maksim/ros2_ws/install/custom_interfaces/lib/python3.8/site-packages/custom_interfaces/srv
[1.847s] -- Up-to-date: /home/maksim/ros2_ws/install/custom_interfaces/lib/python3.8/site-packages/custom_interfaces/srv/_add_three_ints.py
[1.847s] -- Up-to-date: /home/maksim/ros2_ws/install/custom_interfaces/lib/python3.8/site-packages/custom_interfaces/srv/__init__.py
[1.848s] -- Up-to-date: /home/maksim/ros2_ws/install/custom_interfaces/lib/python3.8/site-packages/custom_interfaces/srv/_add_three_ints_s.c
[1.849s] -- Up-to-date: /home/maksim/ros2_ws/install/custom_interfaces/lib/python3.8/site-packages/custom_interfaces/custom_interfaces_s__rosidl_typesupport_fastrtps_c.cpython-38-x86_64-linux-gnu.so
[1.851s] -- Up-to-date: /home/maksim/ros2_ws/install/custom_interfaces/lib/python3.8/site-packages/custom_interfaces/custom_interfaces_s__rosidl_typesupport_introspection_c.cpython-38-x86_64-linux-gnu.so
[1.853s] -- Up-to-date: /home/maksim/ros2_ws/install/custom_interfaces/lib/python3.8/site-packages/custom_interfaces/custom_interfaces_s__rosidl_typesupport_c.cpython-38-x86_64-linux-gnu.so
[1.856s] -- Up-to-date: /home/maksim/ros2_ws/install/custom_interfaces/lib/libcustom_interfaces__python.so
[1.857s] -- Up-to-date: /home/maksim/ros2_ws/install/custom_interfaces/share/custom_interfaces/msg/StrNum.idl
[1.858s] -- Up-to-date: /home/maksim/ros2_ws/install/custom_interfaces/share/custom_interfaces/srv/AddThreeInts.idl
[1.858s] -- Up-to-date: /home/maksim/ros2_ws/install/custom_interfaces/share/custom_interfaces/msg/StrNum.msg
[1.859s] -- Up-to-date: /home/maksim/ros2_ws/install/custom_interfaces/share/custom_interfaces/srv/AddThreeInts.srv
[1.860s] -- Up-to-date: /home/maksim/ros2_ws/install/custom_interfaces/share/custom_interfaces/srv/AddThreeInts_Request.msg
[1.860s] -- Up-to-date: /home/maksim/ros2_ws/install/custom_interfaces/share/custom_interfaces/srv/AddThreeInts_Response.msg
[1.861s] -- Up-to-date: /home/maksim/ros2_ws/install/custom_interfaces/share/ament_index/resource_index/package_run_dependencies/custom_interfaces
[1.861s] -- Up-to-date: /home/maksim/ros2_ws/install/custom_interfaces/share/ament_index/resource_index/parent_prefix_path/custom_interfaces
[1.862s] -- Up-to-date: /home/maksim/ros2_ws/install/custom_interfaces/share/custom_interfaces/environment/ament_prefix_path.sh
[1.862s] -- Up-to-date: /home/maksim/ros2_ws/install/custom_interfaces/share/custom_interfaces/environment/ament_prefix_path.dsv
[1.863s] -- Up-to-date: /home/maksim/ros2_ws/install/custom_interfaces/share/custom_interfaces/environment/path.sh
[1.863s] -- Up-to-date: /home/maksim/ros2_ws/install/custom_interfaces/share/custom_interfaces/environment/path.dsv
[1.864s] -- Up-to-date: /home/maksim/ros2_ws/install/custom_interfaces/share/custom_interfaces/local_setup.bash
[1.864s] -- Up-to-date: /home/maksim/ros2_ws/install/custom_interfaces/share/custom_interfaces/local_setup.sh
[1.865s] -- Up-to-date: /home/maksim/ros2_ws/install/custom_interfaces/share/custom_interfaces/local_setup.zsh
[1.865s] -- Up-to-date: /home/maksim/ros2_ws/install/custom_interfaces/share/custom_interfaces/local_setup.dsv
[1.866s] -- Installing: /home/maksim/ros2_ws/install/custom_interfaces/share/custom_interfaces/package.dsv
[1.867s] -- Up-to-date: /home/maksim/ros2_ws/install/custom_interfaces/share/ament_index/resource_index/packages/custom_interfaces
[1.868s] -- Up-to-date: /home/maksim/ros2_ws/install/custom_interfaces/share/custom_interfaces/cmake/custom_interfaces__rosidl_generator_cExport.cmake
[1.868s] -- Up-to-date: /home/maksim/ros2_ws/install/custom_interfaces/share/custom_interfaces/cmake/custom_interfaces__rosidl_generator_cExport-noconfig.cmake
[1.869s] -- Up-to-date: /home/maksim/ros2_ws/install/custom_interfaces/share/custom_interfaces/cmake/custom_interfaces__rosidl_typesupport_introspection_cExport.cmake
[1.869s] -- Up-to-date: /home/maksim/ros2_ws/install/custom_interfaces/share/custom_interfaces/cmake/custom_interfaces__rosidl_typesupport_introspection_cExport-noconfig.cmake
[1.869s] -- Up-to-date: /home/maksim/ros2_ws/install/custom_interfaces/share/custom_interfaces/cmake/custom_interfaces__rosidl_typesupport_cExport.cmake
[1.870s] -- Up-to-date: /home/maksim/ros2_ws/install/custom_interfaces/share/custom_interfaces/cmake/custom_interfaces__rosidl_typesupport_cExport-noconfig.cmake
[1.870s] -- Up-to-date: /home/maksim/ros2_ws/install/custom_interfaces/share/custom_interfaces/cmake/custom_interfaces__rosidl_generator_cppExport.cmake
[1.870s] -- Up-to-date: /home/maksim/ros2_ws/install/custom_interfaces/share/custom_interfaces/cmake/custom_interfaces__rosidl_typesupport_introspection_cppExport.cmake
[1.871s] -- Up-to-date: /home/maksim/ros2_ws/install/custom_interfaces/share/custom_interfaces/cmake/custom_interfaces__rosidl_typesupport_introspection_cppExport-noconfig.cmake
[1.871s] -- Up-to-date: /home/maksim/ros2_ws/install/custom_interfaces/share/custom_interfaces/cmake/custom_interfaces__rosidl_typesupport_cppExport.cmake
[1.871s] -- Up-to-date: /home/maksim/ros2_ws/install/custom_interfaces/share/custom_interfaces/cmake/custom_interfaces__rosidl_typesupport_cppExport-noconfig.cmake
[1.872s] -- Up-to-date: /home/maksim/ros2_ws/install/custom_interfaces/share/custom_interfaces/cmake/rosidl_cmake-extras.cmake
[1.872s] -- Up-to-date: /home/maksim/ros2_ws/install/custom_interfaces/share/custom_interfaces/cmake/ament_cmake_export_dependencies-extras.cmake
[1.872s] -- Up-to-date: /home/maksim/ros2_ws/install/custom_interfaces/share/custom_interfaces/cmake/ament_cmake_export_libraries-extras.cmake
[1.873s] -- Up-to-date: /home/maksim/ros2_ws/install/custom_interfaces/share/custom_interfaces/cmake/ament_cmake_export_targets-extras.cmake
[1.874s] -- Up-to-date: /home/maksim/ros2_ws/install/custom_interfaces/share/custom_interfaces/cmake/ament_cmake_export_include_directories-extras.cmake
[1.874s] -- Up-to-date: /home/maksim/ros2_ws/install/custom_interfaces/share/custom_interfaces/cmake/rosidl_cmake_export_typesupport_libraries-extras.cmake
[1.875s] -- Up-to-date: /home/maksim/ros2_ws/install/custom_interfaces/share/custom_interfaces/cmake/rosidl_cmake_export_typesupport_targets-extras.cmake
[1.875s] -- Up-to-date: /home/maksim/ros2_ws/install/custom_interfaces/share/custom_interfaces/cmake/custom_interfacesConfig.cmake
[1.876s] -- Up-to-date: /home/maksim/ros2_ws/install/custom_interfaces/share/custom_interfaces/cmake/custom_interfacesConfig-version.cmake
[1.877s] -- Up-to-date: /home/maksim/ros2_ws/install/custom_interfaces/share/custom_interfaces/package.xml
[1.880s] Invoked command in '/home/maksim/ros2_ws/build/custom_interfaces' returned '0': CMAKE_PREFIX_PATH=/home/maksim/ros2_ws/install/cpp_pubsub:/home/maksim/ros2_ws/install/custom_interfaces:/home/maksim/ros2_ws/install/py_pubsub:/opt/ros/foxy:/home/maksim/timer_ws/devel:/home/maksim/catkin_ws/devel:/opt/ros/noetic /usr/bin/cmake --install /home/maksim/ros2_ws/build/custom_interfaces
