[1.486s] Invoking command in '/home/maksim/ros2_ws/src/py_pubsub': AMENT_PREFIX_PATH=/home/maksim/ros2_ws/install/custom_interfaces:${AMENT_PREFIX_PATH} CMAKE_PREFIX_PATH=/home/maksim/ros2_ws/install/custom_interfaces:${CMAKE_PREFIX_PATH} LD_LIBRARY_PATH=/home/maksim/ros2_ws/install/custom_interfaces/lib:${LD_LIBRARY_PATH} PYTHONPATH=/home/maksim/ros2_ws/install/py_pubsub/lib/python3.8/site-packages:/home/maksim/ros2_ws/install/custom_interfaces/lib/python3.8/site-packages:${PYTHONPATH} /usr/bin/python3 setup.py egg_info --egg-base ../../build/py_pubsub build --build-base /home/maksim/ros2_ws/build/py_pubsub/build install --prefix /home/maksim/ros2_ws/install/py_pubsub --record /home/maksim/ros2_ws/build/py_pubsub/install.log --single-version-externally-managed
[2.844s] running egg_info
[2.844s] creating ../../build/py_pubsub/py_pubsub.egg-info
[2.845s] writing ../../build/py_pubsub/py_pubsub.egg-info/PKG-INFO
[2.846s] writing dependency_links to ../../build/py_pubsub/py_pubsub.egg-info/dependency_links.txt
[2.847s] writing entry points to ../../build/py_pubsub/py_pubsub.egg-info/entry_points.txt
[2.847s] writing requirements to ../../build/py_pubsub/py_pubsub.egg-info/requires.txt
[2.848s] writing top-level names to ../../build/py_pubsub/py_pubsub.egg-info/top_level.txt
[2.859s] writing manifest file '../../build/py_pubsub/py_pubsub.egg-info/SOURCES.txt'
[3.043s] reading manifest file '../../build/py_pubsub/py_pubsub.egg-info/SOURCES.txt'
[3.046s] writing manifest file '../../build/py_pubsub/py_pubsub.egg-info/SOURCES.txt'
[3.047s] running build
[3.048s] running build_py
[3.050s] creating /home/maksim/ros2_ws/build/py_pubsub/build
[3.051s] creating /home/maksim/ros2_ws/build/py_pubsub/build/lib
[3.051s] creating /home/maksim/ros2_ws/build/py_pubsub/build/lib/py_pubsub
[3.052s] copying py_pubsub/publisher_member_function.py -> /home/maksim/ros2_ws/build/py_pubsub/build/lib/py_pubsub
[3.052s] copying py_pubsub/__init__.py -> /home/maksim/ros2_ws/build/py_pubsub/build/lib/py_pubsub
[3.053s] copying py_pubsub/subscriber_member_function.py -> /home/maksim/ros2_ws/build/py_pubsub/build/lib/py_pubsub
[3.062s] running install
[3.062s] running install_lib
[3.063s] creating /home/maksim/ros2_ws/install/py_pubsub/lib/python3.8/site-packages/py_pubsub
[3.065s] copying /home/maksim/ros2_ws/build/py_pubsub/build/lib/py_pubsub/publisher_member_function.py -> /home/maksim/ros2_ws/install/py_pubsub/lib/python3.8/site-packages/py_pubsub
[3.066s] copying /home/maksim/ros2_ws/build/py_pubsub/build/lib/py_pubsub/__init__.py -> /home/maksim/ros2_ws/install/py_pubsub/lib/python3.8/site-packages/py_pubsub
[3.066s] copying /home/maksim/ros2_ws/build/py_pubsub/build/lib/py_pubsub/subscriber_member_function.py -> /home/maksim/ros2_ws/install/py_pubsub/lib/python3.8/site-packages/py_pubsub
[3.067s] byte-compiling /home/maksim/ros2_ws/install/py_pubsub/lib/python3.8/site-packages/py_pubsub/publisher_member_function.py to publisher_member_function.cpython-38.pyc
[3.076s] byte-compiling /home/maksim/ros2_ws/install/py_pubsub/lib/python3.8/site-packages/py_pubsub/__init__.py to __init__.cpython-38.pyc
[3.077s] byte-compiling /home/maksim/ros2_ws/install/py_pubsub/lib/python3.8/site-packages/py_pubsub/subscriber_member_function.py to subscriber_member_function.cpython-38.pyc
[3.078s] running install_data
[3.081s] creating /home/maksim/ros2_ws/install/py_pubsub/share/ament_index
[3.087s] creating /home/maksim/ros2_ws/install/py_pubsub/share/ament_index/resource_index
[3.088s] creating /home/maksim/ros2_ws/install/py_pubsub/share/ament_index/resource_index/packages
[3.088s] copying resource/py_pubsub -> /home/maksim/ros2_ws/install/py_pubsub/share/ament_index/resource_index/packages
[3.089s] copying package.xml -> /home/maksim/ros2_ws/install/py_pubsub/share/py_pubsub
[3.089s] running install_egg_info
[3.094s] Copying ../../build/py_pubsub/py_pubsub.egg-info to /home/maksim/ros2_ws/install/py_pubsub/lib/python3.8/site-packages/py_pubsub-0.0.0-py3.8.egg-info
[3.104s] running install_scripts
[3.202s] Installing listener script to /home/maksim/ros2_ws/install/py_pubsub/lib/py_pubsub
[3.203s] Installing talker script to /home/maksim/ros2_ws/install/py_pubsub/lib/py_pubsub
[3.205s] writing list of installed files to '/home/maksim/ros2_ws/build/py_pubsub/install.log'
[3.349s] Invoked command in '/home/maksim/ros2_ws/src/py_pubsub' returned '0': AMENT_PREFIX_PATH=/home/maksim/ros2_ws/install/custom_interfaces:${AMENT_PREFIX_PATH} CMAKE_PREFIX_PATH=/home/maksim/ros2_ws/install/custom_interfaces:${CMAKE_PREFIX_PATH} LD_LIBRARY_PATH=/home/maksim/ros2_ws/install/custom_interfaces/lib:${LD_LIBRARY_PATH} PYTHONPATH=/home/maksim/ros2_ws/install/py_pubsub/lib/python3.8/site-packages:/home/maksim/ros2_ws/install/custom_interfaces/lib/python3.8/site-packages:${PYTHONPATH} /usr/bin/python3 setup.py egg_info --egg-base ../../build/py_pubsub build --build-base /home/maksim/ros2_ws/build/py_pubsub/build install --prefix /home/maksim/ros2_ws/install/py_pubsub --record /home/maksim/ros2_ws/build/py_pubsub/install.log --single-version-externally-managed
