[0.065s] Invoking command in '/home/maksim/ros2_ws/build/custom_interfaces': CMAKE_PREFIX_PATH=/home/maksim/ros2_ws/install/cpp_pubsub:/home/maksim/ros2_ws/install/custom_interfaces:/home/maksim/ros2_ws/install/py_pubsub:/opt/ros/foxy:/home/maksim/timer_ws/devel:/home/maksim/catkin_ws/devel:/opt/ros/noetic /usr/bin/cmake --build /home/maksim/ros2_ws/build/custom_interfaces -- -j4 -l4
[0.314s] [  2%] Built target custom_interfaces__cpp
[0.321s] [ 12%] Built target custom_interfaces__rosidl_generator_c
[0.404s] [ 23%] Built target custom_interfaces__rosidl_typesupport_cpp
[0.417s] [ 33%] Built target custom_interfaces__rosidl_typesupport_introspection_cpp
[0.421s] [ 43%] Built target custom_interfaces__rosidl_typesupport_fastrtps_cpp
[0.422s] [ 53%] Built target custom_interfaces__rosidl_typesupport_c
[0.495s] [ 64%] Built target custom_interfaces__rosidl_typesupport_introspection_c
[0.542s] [ 74%] Built target custom_interfaces__rosidl_typesupport_fastrtps_c
[0.647s] [ 74%] Built target custom_interfaces
[0.754s] [ 76%] Built target custom_interfaces__py
[0.873s] [ 84%] Built target custom_interfaces__python
[0.977s] [ 89%] Built target custom_interfaces__rosidl_typesupport_c__pyext
[0.980s] [ 94%] Built target custom_interfaces__rosidl_typesupport_introspection_c__pyext
[0.981s] [100%] Built target custom_interfaces__rosidl_typesupport_fastrtps_c__pyext
[1.036s] Invoked command in '/home/maksim/ros2_ws/build/custom_interfaces' returned '0': CMAKE_PREFIX_PATH=/home/maksim/ros2_ws/install/cpp_pubsub:/home/maksim/ros2_ws/install/custom_interfaces:/home/maksim/ros2_ws/install/py_pubsub:/opt/ros/foxy:/home/maksim/timer_ws/devel:/home/maksim/catkin_ws/devel:/opt/ros/noetic /usr/bin/cmake --build /home/maksim/ros2_ws/build/custom_interfaces -- -j4 -l4
[1.496s] Invoking command in '/home/maksim/ros2_ws/build/custom_interfaces': CMAKE_PREFIX_PATH=/home/maksim/ros2_ws/install/cpp_pubsub:/home/maksim/ros2_ws/install/custom_interfaces:/home/maksim/ros2_ws/install/py_pubsub:/opt/ros/foxy:/home/maksim/timer_ws/devel:/home/maksim/catkin_ws/devel:/opt/ros/noetic /usr/bin/cmake --install /home/maksim/ros2_ws/build/custom_interfaces
[1.529s] -- Install configuration: ""
[1.530s] -- Up-to-date: /home/maksim/ros2_ws/install/custom_interfaces/share/ament_index/resource_index/rosidl_interfaces/custom_interfaces
[1.530s] -- Up-to-date: /home/maksim/ros2_ws/install/custom_interfaces/include/custom_interfaces
[1.530s] -- Up-to-date: /home/maksim/ros2_ws/install/custom_interfaces/include/custom_interfaces/srv
[1.532s] -- Up-to-date: /home/maksim/ros2_ws/install/custom_interfaces/include/custom_interfaces/srv/add_three_ints.h
[1.533s] -- Up-to-date: /home/maksim/ros2_ws/install/custom_interfaces/include/custom_interfaces/srv/detail
[1.534s] -- Up-to-date: /home/maksim/ros2_ws/install/custom_interfaces/include/custom_interfaces/srv/detail/add_three_ints__struct.h
[1.535s] -- Up-to-date: /home/maksim/ros2_ws/install/custom_interfaces/include/custom_interfaces/srv/detail/add_three_ints__functions.h
[1.536s] -- Up-to-date: /home/maksim/ros2_ws/install/custom_interfaces/include/custom_interfaces/srv/detail/add_three_ints__functions.c
[1.538s] -- Up-to-date: /home/maksim/ros2_ws/install/custom_interfaces/include/custom_interfaces/srv/detail/add_three_ints__type_support.h
[1.539s] -- Up-to-date: /home/maksim/ros2_ws/install/custom_interfaces/include/custom_interfaces/msg
[1.540s] -- Up-to-date: /home/maksim/ros2_ws/install/custom_interfaces/include/custom_interfaces/msg/rosidl_generator_c__visibility_control.h
[1.541s] -- Up-to-date: /home/maksim/ros2_ws/install/custom_interfaces/include/custom_interfaces/msg/str_num.h
[1.542s] -- Up-to-date: /home/maksim/ros2_ws/install/custom_interfaces/include/custom_interfaces/msg/detail
[1.542s] -- Up-to-date: /home/maksim/ros2_ws/install/custom_interfaces/include/custom_interfaces/msg/detail/str_num__type_support.h
[1.543s] -- Up-to-date: /home/maksim/ros2_ws/install/custom_interfaces/include/custom_interfaces/msg/detail/str_num__functions.h
[1.544s] -- Up-to-date: /home/maksim/ros2_ws/install/custom_interfaces/include/custom_interfaces/msg/detail/str_num__functions.c
[1.545s] -- Up-to-date: /home/maksim/ros2_ws/install/custom_interfaces/include/custom_interfaces/msg/detail/str_num__struct.h
[1.546s] -- Up-to-date: /home/maksim/ros2_ws/install/custom_interfaces/share/custom_interfaces/environment/library_path.sh
[1.546s] -- Up-to-date: /home/maksim/ros2_ws/install/custom_interfaces/share/custom_interfaces/environment/library_path.dsv
[1.546s] -- Up-to-date: /home/maksim/ros2_ws/install/custom_interfaces/lib/libcustom_interfaces__rosidl_generator_c.so
[1.547s] -- Up-to-date: /home/maksim/ros2_ws/install/custom_interfaces/include/custom_interfaces
[1.547s] -- Up-to-date: /home/maksim/ros2_ws/install/custom_interfaces/include/custom_interfaces/srv
[1.548s] -- Up-to-date: /home/maksim/ros2_ws/install/custom_interfaces/include/custom_interfaces/srv/detail
[1.548s] -- Up-to-date: /home/maksim/ros2_ws/install/custom_interfaces/include/custom_interfaces/srv/detail/add_three_ints__rosidl_typesupport_fastrtps_c.h
[1.549s] -- Up-to-date: /home/maksim/ros2_ws/install/custom_interfaces/include/custom_interfaces/msg
[1.549s] -- Up-to-date: /home/maksim/ros2_ws/install/custom_interfaces/include/custom_interfaces/msg/rosidl_typesupport_fastrtps_c__visibility_control.h
[1.550s] -- Up-to-date: /home/maksim/ros2_ws/install/custom_interfaces/include/custom_interfaces/msg/detail
[1.550s] -- Up-to-date: /home/maksim/ros2_ws/install/custom_interfaces/include/custom_interfaces/msg/detail/str_num__rosidl_typesupport_fastrtps_c.h
[1.551s] -- Up-to-date: /home/maksim/ros2_ws/install/custom_interfaces/lib/libcustom_interfaces__rosidl_typesupport_fastrtps_c.so
[1.551s] -- Up-to-date: /home/maksim/ros2_ws/install/custom_interfaces/include/custom_interfaces
[1.552s] -- Up-to-date: /home/maksim/ros2_ws/install/custom_interfaces/include/custom_interfaces/srv
[1.552s] -- Up-to-date: /home/maksim/ros2_ws/install/custom_interfaces/include/custom_interfaces/srv/detail
[1.552s] -- Up-to-date: /home/maksim/ros2_ws/install/custom_interfaces/include/custom_interfaces/srv/detail/dds_fastrtps
[1.552s] -- Up-to-date: /home/maksim/ros2_ws/install/custom_interfaces/include/custom_interfaces/srv/detail/add_three_ints__rosidl_typesupport_fastrtps_cpp.hpp
[1.553s] -- Up-to-date: /home/maksim/ros2_ws/install/custom_interfaces/include/custom_interfaces/msg
[1.553s] -- Up-to-date: /home/maksim/ros2_ws/install/custom_interfaces/include/custom_interfaces/msg/rosidl_typesupport_fastrtps_cpp__visibility_control.h
[1.553s] -- Up-to-date: /home/maksim/ros2_ws/install/custom_interfaces/include/custom_interfaces/msg/detail
[1.554s] -- Up-to-date: /home/maksim/ros2_ws/install/custom_interfaces/include/custom_interfaces/msg/detail/dds_fastrtps
[1.554s] -- Up-to-date: /home/maksim/ros2_ws/install/custom_interfaces/include/custom_interfaces/msg/detail/str_num__rosidl_typesupport_fastrtps_cpp.hpp
[1.554s] -- Up-to-date: /home/maksim/ros2_ws/install/custom_interfaces/lib/libcustom_interfaces__rosidl_typesupport_fastrtps_cpp.so
[1.555s] -- Up-to-date: /home/maksim/ros2_ws/install/custom_interfaces/include/custom_interfaces
[1.555s] -- Up-to-date: /home/maksim/ros2_ws/install/custom_interfaces/include/custom_interfaces/srv
[1.555s] -- Up-to-date: /home/maksim/ros2_ws/install/custom_interfaces/include/custom_interfaces/srv/detail
[1.556s] -- Up-to-date: /home/maksim/ros2_ws/install/custom_interfaces/include/custom_interfaces/srv/detail/add_three_ints__type_support.c
[1.556s] -- Up-to-date: /home/maksim/ros2_ws/install/custom_interfaces/include/custom_interfaces/srv/detail/add_three_ints__rosidl_typesupport_introspection_c.h
[1.556s] -- Up-to-date: /home/maksim/ros2_ws/install/custom_interfaces/include/custom_interfaces/msg
[1.557s] -- Up-to-date: /home/maksim/ros2_ws/install/custom_interfaces/include/custom_interfaces/msg/rosidl_typesupport_introspection_c__visibility_control.h
[1.557s] -- Up-to-date: /home/maksim/ros2_ws/install/custom_interfaces/include/custom_interfaces/msg/detail
[1.557s] -- Up-to-date: /home/maksim/ros2_ws/install/custom_interfaces/include/custom_interfaces/msg/detail/str_num__rosidl_typesupport_introspection_c.h
[1.558s] -- Up-to-date: /home/maksim/ros2_ws/install/custom_interfaces/include/custom_interfaces/msg/detail/str_num__type_support.c
[1.558s] -- Up-to-date: /home/maksim/ros2_ws/install/custom_interfaces/lib/libcustom_interfaces__rosidl_typesupport_introspection_c.so
[1.558s] -- Up-to-date: /home/maksim/ros2_ws/install/custom_interfaces/lib/libcustom_interfaces__rosidl_typesupport_c.so
[1.559s] -- Up-to-date: /home/maksim/ros2_ws/install/custom_interfaces/include/custom_interfaces
[1.559s] -- Up-to-date: /home/maksim/ros2_ws/install/custom_interfaces/include/custom_interfaces/srv
[1.559s] -- Up-to-date: /home/maksim/ros2_ws/install/custom_interfaces/include/custom_interfaces/srv/add_three_ints.hpp
[1.560s] -- Up-to-date: /home/maksim/ros2_ws/install/custom_interfaces/include/custom_interfaces/srv/detail
[1.560s] -- Up-to-date: /home/maksim/ros2_ws/install/custom_interfaces/include/custom_interfaces/srv/detail/add_three_ints__struct.hpp
[1.560s] -- Up-to-date: /home/maksim/ros2_ws/install/custom_interfaces/include/custom_interfaces/srv/detail/add_three_ints__traits.hpp
[1.561s] -- Up-to-date: /home/maksim/ros2_ws/install/custom_interfaces/include/custom_interfaces/srv/detail/add_three_ints__builder.hpp
[1.561s] -- Up-to-date: /home/maksim/ros2_ws/install/custom_interfaces/include/custom_interfaces/msg
[1.561s] -- Up-to-date: /home/maksim/ros2_ws/install/custom_interfaces/include/custom_interfaces/msg/str_num.hpp
[1.562s] -- Up-to-date: /home/maksim/ros2_ws/install/custom_interfaces/include/custom_interfaces/msg/detail
[1.562s] -- Up-to-date: /home/maksim/ros2_ws/install/custom_interfaces/include/custom_interfaces/msg/detail/str_num__struct.hpp
[1.562s] -- Up-to-date: /home/maksim/ros2_ws/install/custom_interfaces/include/custom_interfaces/msg/detail/str_num__builder.hpp
[1.563s] -- Up-to-date: /home/maksim/ros2_ws/install/custom_interfaces/include/custom_interfaces/msg/detail/str_num__traits.hpp
[1.563s] -- Up-to-date: /home/maksim/ros2_ws/install/custom_interfaces/include/custom_interfaces
[1.563s] -- Up-to-date: /home/maksim/ros2_ws/install/custom_interfaces/include/custom_interfaces/srv
[1.564s] -- Up-to-date: /home/maksim/ros2_ws/install/custom_interfaces/include/custom_interfaces/srv/detail
[1.564s] -- Up-to-date: /home/maksim/ros2_ws/install/custom_interfaces/include/custom_interfaces/srv/detail/add_three_ints__type_support.cpp
[1.564s] -- Up-to-date: /home/maksim/ros2_ws/install/custom_interfaces/include/custom_interfaces/srv/detail/add_three_ints__rosidl_typesupport_introspection_cpp.hpp
[1.565s] -- Up-to-date: /home/maksim/ros2_ws/install/custom_interfaces/include/custom_interfaces/msg
[1.565s] -- Up-to-date: /home/maksim/ros2_ws/install/custom_interfaces/include/custom_interfaces/msg/detail
[1.565s] -- Up-to-date: /home/maksim/ros2_ws/install/custom_interfaces/include/custom_interfaces/msg/detail/str_num__type_support.cpp
[1.565s] -- Up-to-date: /home/maksim/ros2_ws/install/custom_interfaces/include/custom_interfaces/msg/detail/str_num__rosidl_typesupport_introspection_cpp.hpp
[1.566s] -- Up-to-date: /home/maksim/ros2_ws/install/custom_interfaces/lib/libcustom_interfaces__rosidl_typesupport_introspection_cpp.so
[1.566s] -- Up-to-date: /home/maksim/ros2_ws/install/custom_interfaces/lib/libcustom_interfaces__rosidl_typesupport_cpp.so
[1.566s] -- Up-to-date: /home/maksim/ros2_ws/install/custom_interfaces/share/custom_interfaces/environment/pythonpath.sh
[1.567s] -- Up-to-date: /home/maksim/ros2_ws/install/custom_interfaces/share/custom_interfaces/environment/pythonpath.dsv
[1.567s] -- Up-to-date: /home/maksim/ros2_ws/install/custom_interfaces/lib/python3.8/site-packages/custom_interfaces/__init__.py
[1.688s] -- Up-to-date: /home/maksim/ros2_ws/install/custom_interfaces/lib/python3.8/site-packages/custom_interfaces/msg
[1.690s] -- Up-to-date: /home/maksim/ros2_ws/install/custom_interfaces/lib/python3.8/site-packages/custom_interfaces/msg/_str_num_s.c
[1.692s] -- Up-to-date: /home/maksim/ros2_ws/install/custom_interfaces/lib/python3.8/site-packages/custom_interfaces/msg/_str_num.py
[1.693s] -- Up-to-date: /home/maksim/ros2_ws/install/custom_interfaces/lib/python3.8/site-packages/custom_interfaces/msg/__init__.py
[1.695s] -- Up-to-date: /home/maksim/ros2_ws/install/custom_interfaces/lib/python3.8/site-packages/custom_interfaces/srv
[1.696s] -- Up-to-date: /home/maksim/ros2_ws/install/custom_interfaces/lib/python3.8/site-packages/custom_interfaces/srv/_add_three_ints.py
[1.696s] -- Up-to-date: /home/maksim/ros2_ws/install/custom_interfaces/lib/python3.8/site-packages/custom_interfaces/srv/__init__.py
[1.697s] -- Up-to-date: /home/maksim/ros2_ws/install/custom_interfaces/lib/python3.8/site-packages/custom_interfaces/srv/_add_three_ints_s.c
[1.697s] -- Up-to-date: /home/maksim/ros2_ws/install/custom_interfaces/lib/python3.8/site-packages/custom_interfaces/custom_interfaces_s__rosidl_typesupport_fastrtps_c.cpython-38-x86_64-linux-gnu.so
[1.697s] -- Up-to-date: /home/maksim/ros2_ws/install/custom_interfaces/lib/python3.8/site-packages/custom_interfaces/custom_interfaces_s__rosidl_typesupport_introspection_c.cpython-38-x86_64-linux-gnu.so
[1.698s] -- Up-to-date: /home/maksim/ros2_ws/install/custom_interfaces/lib/python3.8/site-packages/custom_interfaces/custom_interfaces_s__rosidl_typesupport_c.cpython-38-x86_64-linux-gnu.so
[1.698s] -- Up-to-date: /home/maksim/ros2_ws/install/custom_interfaces/lib/libcustom_interfaces__python.so
[1.700s] -- Up-to-date: /home/maksim/ros2_ws/install/custom_interfaces/share/custom_interfaces/msg/StrNum.idl
[1.700s] -- Up-to-date: /home/maksim/ros2_ws/install/custom_interfaces/share/custom_interfaces/srv/AddThreeInts.idl
[1.701s] -- Up-to-date: /home/maksim/ros2_ws/install/custom_interfaces/share/custom_interfaces/msg/StrNum.msg
[1.701s] -- Up-to-date: /home/maksim/ros2_ws/install/custom_interfaces/share/custom_interfaces/srv/AddThreeInts.srv
[1.702s] -- Up-to-date: /home/maksim/ros2_ws/install/custom_interfaces/share/custom_interfaces/srv/AddThreeInts_Request.msg
[1.703s] -- Up-to-date: /home/maksim/ros2_ws/install/custom_interfaces/share/custom_interfaces/srv/AddThreeInts_Response.msg
[1.704s] -- Up-to-date: /home/maksim/ros2_ws/install/custom_interfaces/share/ament_index/resource_index/package_run_dependencies/custom_interfaces
[1.705s] -- Up-to-date: /home/maksim/ros2_ws/install/custom_interfaces/share/ament_index/resource_index/parent_prefix_path/custom_interfaces
[1.705s] -- Up-to-date: /home/maksim/ros2_ws/install/custom_interfaces/share/custom_interfaces/environment/ament_prefix_path.sh
[1.707s] -- Up-to-date: /home/maksim/ros2_ws/install/custom_interfaces/share/custom_interfaces/environment/ament_prefix_path.dsv
[1.707s] -- Up-to-date: /home/maksim/ros2_ws/install/custom_interfaces/share/custom_interfaces/environment/path.sh
[1.708s] -- Up-to-date: /home/maksim/ros2_ws/install/custom_interfaces/share/custom_interfaces/environment/path.dsv
[1.709s] -- Up-to-date: /home/maksim/ros2_ws/install/custom_interfaces/share/custom_interfaces/local_setup.bash
[1.709s] -- Up-to-date: /home/maksim/ros2_ws/install/custom_interfaces/share/custom_interfaces/local_setup.sh
[1.710s] -- Up-to-date: /home/maksim/ros2_ws/install/custom_interfaces/share/custom_interfaces/local_setup.zsh
[1.710s] -- Up-to-date: /home/maksim/ros2_ws/install/custom_interfaces/share/custom_interfaces/local_setup.dsv
[1.711s] -- Installing: /home/maksim/ros2_ws/install/custom_interfaces/share/custom_interfaces/package.dsv
[1.711s] -- Up-to-date: /home/maksim/ros2_ws/install/custom_interfaces/share/ament_index/resource_index/packages/custom_interfaces
[1.712s] -- Up-to-date: /home/maksim/ros2_ws/install/custom_interfaces/share/custom_interfaces/cmake/custom_interfaces__rosidl_generator_cExport.cmake
[1.712s] -- Up-to-date: /home/maksim/ros2_ws/install/custom_interfaces/share/custom_interfaces/cmake/custom_interfaces__rosidl_generator_cExport-noconfig.cmake
[1.713s] -- Up-to-date: /home/maksim/ros2_ws/install/custom_interfaces/share/custom_interfaces/cmake/custom_interfaces__rosidl_typesupport_introspection_cExport.cmake
[1.713s] -- Up-to-date: /home/maksim/ros2_ws/install/custom_interfaces/share/custom_interfaces/cmake/custom_interfaces__rosidl_typesupport_introspection_cExport-noconfig.cmake
[1.714s] -- Up-to-date: /home/maksim/ros2_ws/install/custom_interfaces/share/custom_interfaces/cmake/custom_interfaces__rosidl_typesupport_cExport.cmake
[1.716s] -- Up-to-date: /home/maksim/ros2_ws/install/custom_interfaces/share/custom_interfaces/cmake/custom_interfaces__rosidl_typesupport_cExport-noconfig.cmake
[1.717s] -- Up-to-date: /home/maksim/ros2_ws/install/custom_interfaces/share/custom_interfaces/cmake/custom_interfaces__rosidl_generator_cppExport.cmake
[1.718s] -- Up-to-date: /home/maksim/ros2_ws/install/custom_interfaces/share/custom_interfaces/cmake/custom_interfaces__rosidl_typesupport_introspection_cppExport.cmake
[1.718s] -- Up-to-date: /home/maksim/ros2_ws/install/custom_interfaces/share/custom_interfaces/cmake/custom_interfaces__rosidl_typesupport_introspection_cppExport-noconfig.cmake
[1.723s] -- Up-to-date: /home/maksim/ros2_ws/install/custom_interfaces/share/custom_interfaces/cmake/custom_interfaces__rosidl_typesupport_cppExport.cmake
[1.724s] -- Up-to-date: /home/maksim/ros2_ws/install/custom_interfaces/share/custom_interfaces/cmake/custom_interfaces__rosidl_typesupport_cppExport-noconfig.cmake
[1.725s] -- Up-to-date: /home/maksim/ros2_ws/install/custom_interfaces/share/custom_interfaces/cmake/rosidl_cmake-extras.cmake
[1.726s] -- Up-to-date: /home/maksim/ros2_ws/install/custom_interfaces/share/custom_interfaces/cmake/ament_cmake_export_dependencies-extras.cmake
[1.726s] -- Up-to-date: /home/maksim/ros2_ws/install/custom_interfaces/share/custom_interfaces/cmake/ament_cmake_export_libraries-extras.cmake
[1.727s] -- Up-to-date: /home/maksim/ros2_ws/install/custom_interfaces/share/custom_interfaces/cmake/ament_cmake_export_targets-extras.cmake
[1.728s] -- Up-to-date: /home/maksim/ros2_ws/install/custom_interfaces/share/custom_interfaces/cmake/ament_cmake_export_include_directories-extras.cmake
[1.729s] -- Up-to-date: /home/maksim/ros2_ws/install/custom_interfaces/share/custom_interfaces/cmake/rosidl_cmake_export_typesupport_libraries-extras.cmake
[1.729s] -- Up-to-date: /home/maksim/ros2_ws/install/custom_interfaces/share/custom_interfaces/cmake/rosidl_cmake_export_typesupport_targets-extras.cmake
[1.730s] -- Up-to-date: /home/maksim/ros2_ws/install/custom_interfaces/share/custom_interfaces/cmake/custom_interfacesConfig.cmake
[1.731s] -- Up-to-date: /home/maksim/ros2_ws/install/custom_interfaces/share/custom_interfaces/cmake/custom_interfacesConfig-version.cmake
[1.732s] -- Up-to-date: /home/maksim/ros2_ws/install/custom_interfaces/share/custom_interfaces/package.xml
[1.734s] Invoked command in '/home/maksim/ros2_ws/build/custom_interfaces' returned '0': CMAKE_PREFIX_PATH=/home/maksim/ros2_ws/install/cpp_pubsub:/home/maksim/ros2_ws/install/custom_interfaces:/home/maksim/ros2_ws/install/py_pubsub:/opt/ros/foxy:/home/maksim/timer_ws/devel:/home/maksim/catkin_ws/devel:/opt/ros/noetic /usr/bin/cmake --install /home/maksim/ros2_ws/build/custom_interfaces
